<?xml version="1.0" encoding="UTF-8"?>
<testsuite xmlns:xsi="http://www.w3.org/2001/XMLSchema-instance" xsi:noNamespaceSchemaLocation="https://maven.apache.org/surefire/maven-surefire-plugin/xsd/surefire-test-report-3.0.xsd" version="3.0" name="com.demo.backgroundjobservice.ModelsAndStoreTest" time="0.109" tests="18" errors="0" skipped="0" failures="0">
  <properties>
[...]
</properties>
  <testcase name="queue_poll_skipsUnhandledTypes" classname="com.demo.backgroundjobservice.ModelsAndStoreTest" time="0.039">
    <system-err><![CDATA[[main] DEBUG com.demo.backgroundjobservice.service.JobQueue - Job enqueued: jobId=ea2f3cd4-3eae-4471-87c9-6346c286715f, type=resize_image, priority=5, queueSize=1
[main] DEBUG com.demo.backgroundjobservice.service.JobQueue - No eligible jobs for handledTypes=[send_email]
]]></system-err>
  </testcase>
  <testcase name="jobStatus_validTransitions_succeed" classname="com.demo.backgroundjobservice.ModelsAndStoreTest" time="0.001"/>
  <testcase name="store_saveAndGet_roundtrip" classname="com.demo.backgroundjobservice.ModelsAndStoreTest" time="0.0">
    <system-err><![CDATA[[main] INFO com.demo.backgroundjobservice.service.InMemoryJobStore - Job saved: jobId=447def0f-73fb-4833-8666-5ae91e4eec7d, type=send_email, priority=5
[main] DEBUG com.demo.backgroundjobservice.service.InMemoryJobStore - Job fetched: jobId=447def0f-73fb-4833-8666-5ae91e4eec7d, status=PENDING
]]></system-err>
  </testcase>
  <testcase name="store_getUnknownId_throws" classname="com.demo.backgroundjobservice.ModelsAndStoreTest" time="0.001"/>
  <testcase name="jobSpec_blankType_throws" classname="com.demo.backgroundjobservice.ModelsAndStoreTest" time="0.001"/>
  <testcase name="store_duplicateSave_throws" classname="com.demo.backgroundjobservice.ModelsAndStoreTest" time="0.001">
    <system-err><![CDATA[[main] INFO com.demo.backgroundjobservice.service.InMemoryJobStore - Job saved: jobId=a1c805c9-ebf7-4fca-80c6-a6f64235b771, type=send_email, priority=5
]]></system-err>
  </testcase>
  <testcase name="jobSpec_defaults_correct" classname="com.demo.backgroundjobservice.ModelsAndStoreTest" time="0.0"/>
  <testcase name="queue_enqueueAndPoll_returnsJob" classname="com.demo.backgroundjobservice.ModelsAndStoreTest" time="0.001">
    <system-err><![CDATA[[main] DEBUG com.demo.backgroundjobservice.service.JobQueue - Job enqueued: jobId=33cb67c9-741a-4fbf-9534-a34af04fd20d, type=t, priority=5, queueSize=1
[main] DEBUG com.demo.backgroundjobservice.service.JobQueue - Job dispatched: jobId=33cb67c9-741a-4fbf-9534-a34af04fd20d, type=t, priority=5
]]></system-err>
  </testcase>
  <testcase name="workerStats_markBusyAndIdle" classname="com.demo.backgroundjobservice.ModelsAndStoreTest" time="0.001"/>
  <testcase name="jobStatus_invalidTransitions_throw" classname="com.demo.backgroundjobservice.ModelsAndStoreTest" time="0.004"/>
  <testcase name="jobSpec_priorityOutOfRange_throws" classname="com.demo.backgroundjobservice.ModelsAndStoreTest" time="0.001"/>
  <testcase name="workerStats_counters_threadSafe" classname="com.demo.backgroundjobservice.ModelsAndStoreTest" time="0.001"/>
  <testcase name="jobSpec_negativeMaxRetries_throws" classname="com.demo.backgroundjobservice.ModelsAndStoreTest" time="0.001"/>
  <testcase name="store_getByStatus_filtersCorrectly" classname="com.demo.backgroundjobservice.ModelsAndStoreTest" time="0.002">
    <system-err><![CDATA[[main] INFO com.demo.backgroundjobservice.service.InMemoryJobStore - Job saved: jobId=e90adb9a-942f-4dc8-8208-db0c63b94cbe, type=a, priority=5
[main] INFO com.demo.backgroundjobservice.service.InMemoryJobStore - Job saved: jobId=6b225ae9-5253-461e-9431-d3661785c091, type=b, priority=5
]]></system-err>
  </testcase>
  <testcase name="queue_poll_skipsExcludedTypes" classname="com.demo.backgroundjobservice.ModelsAndStoreTest" time="0.0">
    <system-err><![CDATA[[main] DEBUG com.demo.backgroundjobservice.service.JobQueue - Job enqueued: jobId=b2b12b79-4517-4e9a-8dfa-99dd5607d426, type=exclusive_type, priority=5, queueSize=1
[main] DEBUG com.demo.backgroundjobservice.service.JobQueue - No eligible jobs for handledTypes=[exclusive_type]
]]></system-err>
  </testcase>
  <testcase name="queue_emptyPoll_returnsNull" classname="com.demo.backgroundjobservice.ModelsAndStoreTest" time="0.0">
    <system-err><![CDATA[[main] DEBUG com.demo.backgroundjobservice.service.JobQueue - No eligible jobs for handledTypes=[t]
]]></system-err>
  </testcase>
  <testcase name="queue_weightedDispatch_highPriorityFavored" classname="com.demo.backgroundjobservice.ModelsAndStoreTest" time="0.036">
    <system-err><![CDATA[[main] DEBUG com.demo.backgroundjobservice.service.JobQueue - Job enqueued: jobId=673f9e75-bab8-45d5-8fb2-c00859f6d5d4, type=t, priority=9, queueSize=1
[main] DEBUG com.demo.backgroundjobservice.service.JobQueue - Job enqueued: jobId=389f8285-a7c1-4233-8da0-27895ed8892d, type=t, priority=0, queueSize=2
[main] DEBUG com.demo.backgroundjobservice.service.JobQueue - Job dispatched: jobId=673f9e75-bab8-45d5-8fb2-c00859f6d5d4, type=t, priority=9
[main] DEBUG com.demo.backgroundjobservice.service.JobQueue - Job enqueued: jobId=673f9e75-bab8-45d5-8fb2-c00859f6d5d4, type=t, priority=9, queueSize=2
[main] DEBUG com.demo.backgroundjobservice.service.JobQueue - Job enqueued: jobId=389f8285-a7c1-4233-8da0-27895ed8892d, type=t, priority=0, queueSize=3
[main] DEBUG com.demo.backgroundjobservice.service.JobQueue - Job dispatched: jobId=389f8285-a7c1-4233-8da0-27895ed8892d, type=t, priority=0
[main] DEBUG com.demo.backgroundjobservice.service.JobQueue - Job enqueued: jobId=673f9e75-bab8-45d5-8fb2-c00859f6d5d4, type=t, priority=9, queueSize=2
[main] DEBUG com.demo.backgroundjobservice.service.JobQueue - Job enqueued: jobId=389f8285-a7c1-4233-8da0-27895ed8892d, type=t, priority=0, queueSize=3
[main] DEBUG com.demo.backgroundjobservice.service.JobQueue - Job dispatched: jobId=673f9e75-bab8-45d5-8fb2-c00859f6d5d4, type=t, priority=9
[main] DEBUG com.demo.backgroundjobservice.service.JobQueue - Job enqueued: jobId=673f9e75-bab8-45d5-8fb2-c00859f6d5d4, type=t, priority=9, queueSize=2
[main] DEBUG com.demo.backgroundjobservice.service.JobQueue - Job enqueued: jobId=389f8285-a7c1-4233-8da0-27895ed8892d, type=t, priority=0, queueSize=3
[main] DEBUG com.demo.backgroundjobservice.service.JobQueue - Job dispatched: jobId=389f8285-a7c1-4233-8da0-27895ed8892d, type=t, priority=0
[main] DEBUG com.demo.backgroundjobservice.service.JobQueue - Job enqueued: jobId=673f9e75-bab8-45d5-8fb2-c00859f6d5d4, type=t, priority=9, queueSize=2
[main] DEBUG com.demo.backgroundjobservice.service.JobQueue - Job enqueued: jobId=389f8285-a7c1-4233-8da0-27895ed8892d, type=t, priority=0, queueSize=3
[main] DEBUG com.demo.backgroundjobservice.service.JobQueue - Job dispatched: jobId=673f9e75-bab8-45d5-8fb2-c00859f6d5d4, type=t, priority=9
[main] DEBUG com.demo.backgroundjobservice.service.JobQueue - Job enqueued: jobId=673f9e75-bab8-45d5-8fb2-c00859f6d5d4, type=t, priority=9, queueSize=2
[main] DEBUG com.demo.backgroundjobservice.service.JobQueue - Job enqueued: jobId=389f8285-a7c1-4233-8da0-27895ed8892d, type=t, priority=0, queueSize=3
[main] DEBUG com.demo.backgroundjobservice.service.JobQueue - Job dispatched: jobId=673f9e75-bab8-45d5-8fb2-c00859f6d5d4, type=t, priority=9
[main] DEBUG com.demo.backgroundjobservice.service.JobQueue - Job enqueued: jobId=673f9e75-bab8-45d5-8fb2-c00859f6d5d4, type=t, priority=9, queueSize=3
[main] DEBUG com.demo.backgroundjobservice.service.JobQueue - Job enqueued: jobId=389f8285-a7c1-4233-8da0-27895ed8892d, type=t, priority=0, queueSize=4
[main] DEBUG com.demo.backgroundjobservice.service.JobQueue - Job dispatched: jobId=673f9e75-bab8-45d5-8fb2-c00859f6d5d4, type=t, priority=9
[main] DEBUG com.demo.backgroundjobservice.service.JobQueue - Job enqueued: jobId=673f9e75-bab8-45d5-8fb2-c00859f6d5d4, type=t, priority=9, queueSize=4
[main] DEBUG com.demo.backgroundjobservice.service.JobQueue - Job enqueued: jobId=389f8285-a7c1-4233-8da0-27895ed8892d, type=t, priority=0, queueSize=5
[main] DEBUG com.demo.backgroundjobservice.service.JobQueue - Job dispatched: jobId=673f9e75-bab8-45d5-8fb2-c00859f6d5d4, type=t, priority=9
[main] DEBUG com.demo.backgroundjobservice.service.JobQueue - Job enqueued: jobId=673f9e75-bab8-45d5-8fb2-c00859f6d5d4, type=t, priority=9, queueSize=5
[main] DEBUG com.demo.backgroundjobservice.service.JobQueue - Job enqueued: jobId=389f8285-a7c1-4233-8da0-27895ed8892d, type=t, priority=0, queueSize=6
[main] DEBUG com.demo.backgroundjobservice.service.JobQueue - Job dispatched: jobId=673f9e75-bab8-45d5-8fb2-c00859f6d5d4, type=t, priority=9
[main] DEBUG com.demo.backgroundjobservice.service.JobQueue - Job enqueued: jobId=673f9e75-bab8-45d5-8fb2-c00859f6d5d4, type=t, priority=9, queueSize=6
[main] DEBUG com.demo.backgroundjobservice.service.JobQueue - Job enqueued: jobId=389f8285-a7c1-4233-8da0-27895ed8892d, type=t, priority=0, queueSize=7
[main] DEBUG com.demo.backgroundjobservice.service.JobQueue - Job dispatched: jobId=673f9e75-bab8-45d5-8fb2-c00859f6d5d4, type=t, priority=9
[main] DEBUG com.demo.backgroundjobservice.service.JobQueue - Job enqueued: jobId=673f9e75-bab8-45d5-8fb2-c00859f6d5d4, type=t, priority=9, queueSize=7
[main] DEBUG com.demo.backgroundjobservice.service.JobQueue - Job enqueued: jobId=389f8285-a7c1-4233-8da0-27895ed8892d, type=t, priority=0, queueSize=8
[main] DEBUG com.demo.backgroundjobservice.service.JobQueue - Job dispatched: jobId=673f9e75-bab8-45d5-8fb2-c00859f6d5d4, type=t, priority=9
[main] DEBUG com.demo.backgroundjobservice.service.JobQueue - Job enqueued: jobId=673f9e75-bab8-45d5-8fb2-c00859f6d5d4, type=t, priority=9, queueSize=8
[main] DEBUG com.demo.backgroundjobservice.service.JobQueue - Job enqueued: jobId=389f8285-a7c1-4233-8da0-27895ed8892d, type=t, priority=0, queueSize=9
[main] DEBUG com.demo.backgroundjobservice.service.JobQueue - Job dispatched: jobId=389f8285-a7c1-4233-8da0-27895ed8892d, type=t, priority=0
[main] DEBUG com.demo.backgroundjobservice.service.JobQueue - Job enqueued: jobId=673f9e75-bab8-45d5-8fb2-c00859f6d5d4, type=t, priority=9, queueSize=2
[main] DEBUG com.demo.backgroundjobservice.service.JobQueue - Job enqueued: jobId=389f8285-a7c1-4233-8da0-27895ed8892d, type=t, priority=0, queueSize=3
[main] DEBUG com.demo.backgroundjobservice.service.JobQueue - Job dispatched: jobId=673f9e75-bab8-45d5-8fb2-c00859f6d5d4, type=t, priority=9
[main] DEBUG com.demo.backgroundjobservice.service.JobQueue - Job enqueued: jobId=673f9e75-bab8-45d5-8fb2-c00859f6d5d4, type=t, priority=9, queueSize=2
[main] DEBUG com.demo.backgroundjobservice.service.JobQueue - Job enqueued: jobId=389f8285-a7c1-4233-8da0-27895ed8892d, type=t, priority=0, queueSize=3
[main] DEBUG com.demo.backgroundjobservice.service.JobQueue - Job dispatched: jobId=673f9e75-bab8-45d5-8fb2-c00859f6d5d4, type=t, priority=9
[main] DEBUG com.demo.backgroundjobservice.service.JobQueue - Job enqueued: jobId=673f9e75-bab8-45d5-8fb2-c00859f6d5d4, type=t, priority=9, queueSize=3
[main] DEBUG com.demo.backgroundjobservice.service.JobQueue - Job enqueued: jobId=389f8285-a7c1-4233-8da0-27895ed8892d, type=t, priority=0, queueSize=4
[main] DEBUG com.demo.backgroundjobservice.service.JobQueue - Job dispatched: jobId=673f9e75-bab8-45d5-8fb2-c00859f6d5d4, type=t, priority=9
[main] DEBUG com.demo.backgroundjobservice.service.JobQueue - Job enqueued: jobId=673f9e75-bab8-45d5-8fb2-c00859f6d5d4, type=t, priority=9, queueSize=4
[main] DEBUG com.demo.backgroundjobservice.service.JobQueue - Job enqueued: jobId=389f8285-a7c1-4233-8da0-27895ed8892d, type=t, priority=0, queueSize=5
[main] DEBUG com.demo.backgroundjobservice.service.JobQueue - Job dispatched: jobId=673f9e75-bab8-45d5-8fb2-c00859f6d5d4, type=t, priority=9
[main] DEBUG com.demo.backgroundjobservice.service.JobQueue - Job enqueued: jobId=673f9e75-bab8-45d5-8fb2-c00859f6d5d4, type=t, priority=9, queueSize=5
[main] DEBUG com.demo.backgroundjobservice.service.JobQueue - Job enqueued: jobId=389f8285-a7c1-4233-8da0-27895ed8892d, type=t, priority=0, queueSize=6
[main] DEBUG com.demo.backgroundjobservice.service.JobQueue - Job dispatched: jobId=389f8285-a7c1-4233-8da0-27895ed8892d, type=t, priority=0
[main] DEBUG com.demo.backgroundjobservice.service.JobQueue - Job enqueued: jobId=673f9e75-bab8-45d5-8fb2-c00859f6d5d4, type=t, priority=9, queueSize=2
[main] DEBUG com.demo.backgroundjobservice.service.JobQueue - Job enqueued: jobId=389f8285-a7c1-4233-8da0-27895ed8892d, type=t, priority=0, queueSize=3
[main] DEBUG com.demo.backgroundjobservice.service.JobQueue - Job dispatched: jobId=673f9e75-bab8-45d5-8fb2-c00859f6d5d4, type=t, priority=9
[main] DEBUG com.demo.backgroundjobservice.service.JobQueue - Job enqueued: jobId=673f9e75-bab8-45d5-8fb2-c00859f6d5d4, type=t, priority=9, queueSize=2
[main] DEBUG com.demo.backgroundjobservice.service.JobQueue - Job enqueued: jobId=389f8285-a7c1-4233-8da0-27895ed8892d, type=t, priority=0, queueSize=3
[main] DEBUG com.demo.backgroundjobservice.service.JobQueue - Job dispatched: jobId=673f9e75-bab8-45d5-8fb2-c00859f6d5d4, type=t, priority=9
[main] DEBUG com.demo.backgroundjobservice.service.JobQueue - Job enqueued: jobId=673f9e75-bab8-45d5-8fb2-c00859f6d5d4, type=t, priority=9, queueSize=3
[main] DEBUG com.demo.backgroundjobservice.service.JobQueue - Job enqueued: jobId=389f8285-a7c1-4233-8da0-27895ed8892d, type=t, priority=0, queueSize=4
[main] DEBUG com.demo.backgroundjobservice.service.JobQueue - Job dispatched: jobId=673f9e75-bab8-45d5-8fb2-c00859f6d5d4, type=t, priority=9
[main] DEBUG com.demo.backgroundjobservice.service.JobQueue - Job enqueued: jobId=673f9e75-bab8-45d5-8fb2-c00859f6d5d4, type=t, priority=9, queueSize=4
[main] DEBUG com.demo.backgroundjobservice.service.JobQueue - Job enqueued: jobId=389f8285-a7c1-4233-8da0-27895ed8892d, type=t, priority=0, queueSize=5
[main] DEBUG com.demo.backgroundjobservice.service.JobQueue - Job dispatched: jobId=673f9e75-bab8-45d5-8fb2-c00859f6d5d4, type=t, priority=9
[main] DEBUG com.demo.backgroundjobservice.service.JobQueue - Job enqueued: jobId=673f9e75-bab8-45d5-8fb2-c00859f6d5d4, type=t, priority=9, queueSize=5
[main] DEBUG com.demo.backgroundjobservice.service.JobQueue - Job enqueued: jobId=389f8285-a7c1-4233-8da0-27895ed8892d, type=t, priority=0, queueSize=6
[main] DEBUG com.demo.backgroundjobservice.service.JobQueue - Job dispatched: jobId=389f8285-a7c1-4233-8da0-27895ed8892d, type=t, priority=0
[main] DEBUG com.demo.backgroundjobservice.service.JobQueue - Job enqueued: jobId=673f9e75-bab8-45d5-8fb2-c00859f6d5d4, type=t, priority=9, queueSize=2
[main] DEBUG com.demo.backgroundjobservice.service.JobQueue - Job enqueued: jobId=389f8285-a7c1-4233-8da0-27895ed8892d, type=t, priority=0, queueSize=3
[main] DEBUG com.demo.backgroundjobservice.service.JobQueue - Job dispatched: jobId=673f9e75-bab8-45d5-8fb2-c00859f6d5d4, type=t, priority=9
[main] DEBUG com.demo.backgroundjobservice.service.JobQueue - Job enqueued: jobId=673f9e75-bab8-45d5-8fb2-c00859f6d5d4, type=t, priority=9, queueSize=2
[main] DEBUG com.demo.backgroundjobservice.service.JobQueue - Job enqueued: jobId=389f8285-a7c1-4233-8da0-27895ed8892d, type=t, priority=0, queueSize=3
[main] DEBUG com.demo.backgroundjobservice.service.JobQueue - Job dispatched: jobId=673f9e75-bab8-45d5-8fb2-c00859f6d5d4, type=t, priority=9
[main] DEBUG com.demo.backgroundjobservice.service.JobQueue - Job enqueued: jobId=673f9e75-bab8-45d5-8fb2-c00859f6d5d4, type=t, priority=9, queueSize=3
[main] DEBUG com.demo.backgroundjobservice.service.JobQueue - Job enqueued: jobId=389f8285-a7c1-4233-8da0-27895ed8892d, type=t, priority=0, queueSize=4
[main] DEBUG com.demo.backgroundjobservice.service.JobQueue - Job dispatched: jobId=673f9e75-bab8-45d5-8fb2-c00859f6d5d4, type=t, priority=9
[main] DEBUG com.demo.backgroundjobservice.service.JobQueue - Job enqueued: jobId=673f9e75-bab8-45d5-8fb2-c00859f6d5d4, type=t, priority=9, queueSize=4
[main] DEBUG com.demo.backgroundjobservice.service.JobQueue - Job enqueued: jobId=389f8285-a7c1-4233-8da0-27895ed8892d, type=t, priority=0, queueSize=5
[main] DEBUG com.demo.backgroundjobservice.service.JobQueue - Job dispatched: jobId=673f9e75-bab8-45d5-8fb2-c00859f6d5d4, type=t, priority=9
[main] DEBUG com.demo.backgroundjobservice.service.JobQueue - Job enqueued: jobId=673f9e75-bab8-45d5-8fb2-c00859f6d5d4, type=t, priority=9, queueSize=5
[main] DEBUG com.demo.backgroundjobservice.service.JobQueue - Job enqueued: jobId=389f8285-a7c1-4233-8da0-27895ed8892d, type=t, priority=0, queueSize=6
[main] DEBUG com.demo.backgroundjobservice.service.JobQueue - Job dispatched: jobId=673f9e75-bab8-45d5-8fb2-c00859f6d5d4, type=t, priority=9
[main] DEBUG com.demo.backgroundjobservice.service.JobQueue - Job enqueued: jobId=673f9e75-bab8-45d5-8fb2-c00859f6d5d4, type=t, priority=9, queueSize=6
[main] DEBUG com.demo.backgroundjobservice.service.JobQueue - Job enqueued: jobId=389f8285-a7c1-4233-8da0-27895ed8892d, type=t, priority=0, queueSize=7
[main] DEBUG com.demo.backgroundjobservice.service.JobQueue - Job dispatched: jobId=673f9e75-bab8-45d5-8fb2-c00859f6d5d4, type=t, priority=9
[main] DEBUG com.demo.backgroundjobservice.service.JobQueue - Job enqueued: jobId=673f9e75-bab8-45d5-8fb2-c00859f6d5d4, type=t, priority=9, queueSize=7
[main] DEBUG com.demo.backgroundjobservice.service.JobQueue - Job enqueued: jobId=389f8285-a7c1-4233-8da0-27895ed8892d, type=t, priority=0, queueSize=8
[main] DEBUG com.demo.backgroundjobservice.service.JobQueue - Job dispatched: jobId=673f9e75-bab8-45d5-8fb2-c00859f6d5d4, type=t, priority=9
[main] DEBUG com.demo.backgroundjobservice.service.JobQueue - Job enqueued: jobId=673f9e75-bab8-45d5-8fb2-c00859f6d5d4, type=t, priority=9, queueSize=8
[main] DEBUG com.demo.backgroundjobservice.service.JobQueue - Job enqueued: jobId=389f8285-a7c1-4233-8da0-27895ed8892d, type=t, priority=0, queueSize=9
[main] DEBUG com.demo.backgroundjobservice.service.JobQueue - Job dispatched: jobId=389f8285-a7c1-4233-8da0-27895ed8892d, type=t, priority=0
[main] DEBUG com.demo.backgroundjobservice.service.JobQueue - Job enqueued: jobId=673f9e75-bab8-45d5-8fb2-c00859f6d5d4, type=t, priority=9, queueSize=2
[main] DEBUG com.demo.backgroundjobservice.service.JobQueue - Job enqueued: jobId=389f8285-a7c1-4233-8da0-27895ed8892d, type=t, priority=0, queueSize=3
[main] DEBUG com.demo.backgroundjobservice.service.JobQueue - Job dispatched: jobId=673f9e75-bab8-45d5-8fb2-c00859f6d5d4, type=t, priority=9
[main] DEBUG com.demo.backgroundjobservice.service.JobQueue - Job enqueued: jobId=673f9e75-bab8-45d5-8fb2-c00859f6d5d4, type=t, priority=9, queueSize=2
[main] DEBUG com.demo.backgroundjobservice.service.JobQueue - Job enqueued: jobId=389f8285-a7c1-4233-8da0-27895ed8892d, type=t, priority=0, queueSize=3
[main] DEBUG com.demo.backgroundjobservice.service.JobQueue - Job dispatched: jobId=389f8285-a7c1-4233-8da0-27895ed8892d, type=t, priority=0
[main] DEBUG com.demo.backgroundjobservice.service.JobQueue - Job enqueued: jobId=673f9e75-bab8-45d5-8fb2-c00859f6d5d4, type=t, priority=9, queueSize=2
[main] DEBUG com.demo.backgroundjobservice.service.JobQueue - Job enqueued: jobId=389f8285-a7c1-4233-8da0-27895ed8892d, type=t, priority=0, queueSize=3
[main] DEBUG com.demo.backgroundjobservice.service.JobQueue - Job dispatched: jobId=673f9e75-bab8-45d5-8fb2-c00859f6d5d4, type=t, priority=9
[main] DEBUG com.demo.backgroundjobservice.service.JobQueue - Job enqueued: jobId=673f9e75-bab8-45d5-8fb2-c00859f6d5d4, type=t, priority=9, queueSize=2
[main] DEBUG com.demo.backgroundjobservice.service.JobQueue - Job enqueued: jobId=389f8285-a7c1-4233-8da0-27895ed8892d, type=t, priority=0, queueSize=3
[main] DEBUG com.demo.backgroundjobservice.service.JobQueue - Job dispatched: jobId=673f9e75-bab8-45d5-8fb2-c00859f6d5d4, type=t, priority=9
[main] DEBUG com.demo.backgroundjobservice.service.JobQueue - Job enqueued: jobId=673f9e75-bab8-45d5-8fb2-c00859f6d5d4, type=t, priority=9, queueSize=3
[main] DEBUG com.demo.backgroundjobservice.service.JobQueue - Job enqueued: jobId=389f8285-a7c1-4233-8da0-27895ed8892d, type=t, priority=0, queueSize=4
[main] DEBUG com.demo.backgroundjobservice.service.JobQueue - Job dispatched: jobId=673f9e75-bab8-45d5-8fb2-c00859f6d5d4, type=t, priority=9
[main] DEBUG com.demo.backgroundjobservice.service.JobQueue - Job enqueued: jobId=673f9e75-bab8-45d5-8fb2-c00859f6d5d4, type=t, priority=9, queueSize=4
[main] DEBUG com.demo.backgroundjobservice.service.JobQueue - Job enqueued: jobId=389f8285-a7c1-4233-8da0-27895ed8892d, type=t, priority=0, queueSize=5
[main] DEBUG com.demo.backgroundjobservice.service.JobQueue - Job dispatched: jobId=389f8285-a7c1-4233-8da0-27895ed8892d, type=t, priority=0
[main] DEBUG com.demo.backgroundjobservice.service.JobQueue - Job enqueued: jobId=673f9e75-bab8-45d5-8fb2-c00859f6d5d4, type=t, priority=9, queueSize=2
[main] DEBUG com.demo.backgroundjobservice.service.JobQueue - Job enqueued: jobId=389f8285-a7c1-4233-8da0-27895ed8892d, type=t, priority=0, queueSize=3
[main] DEBUG com.demo.backgroundjobservice.service.JobQueue - Job dispatched: jobId=673f9e75-bab8-45d5-8fb2-c00859f6d5d4, type=t, priority=9
[main] DEBUG com.demo.backgroundjobservice.service.JobQueue - Job enqueued: jobId=673f9e75-bab8-45d5-8fb2-c00859f6d5d4, type=t, priority=9, queueSize=2
[main] DEBUG com.demo.backgroundjobservice.service.JobQueue - Job enqueued: jobId=389f8285-a7c1-4233-8da0-27895ed8892d, type=t, priority=0, queueSize=3
[main] DEBUG com.demo.backgroundjobservice.service.JobQueue - Job dispatched: jobId=389f8285-a7c1-4233-8da0-27895ed8892d, type=t, priority=0
[main] DEBUG com.demo.backgroundjobservice.service.JobQueue - Job enqueued: jobId=673f9e75-bab8-45d5-8fb2-c00859f6d5d4, type=t, priority=9, queueSize=2
[main] DEBUG com.demo.backgroundjobservice.service.JobQueue - Job enqueued: jobId=389f8285-a7c1-4233-8da0-27895ed8892d, type=t, priority=0, queueSize=3
[main] DEBUG com.demo.backgroundjobservice.service.JobQueue - Job dispatched: jobId=673f9e75-bab8-45d5-8fb2-c00859f6d5d4, type=t, priority=9
[main] DEBUG com.demo.backgroundjobservice.service.JobQueue - Job enqueued: jobId=673f9e75-bab8-45d5-8fb2-c00859f6d5d4, type=t, priority=9, queueSize=2
[main] DEBUG com.demo.backgroundjobservice.service.JobQueue - Job enqueued: jobId=389f8285-a7c1-4233-8da0-27895ed8892d, type=t, priority=0, queueSize=3
[main] DEBUG com.demo.backgroundjobservice.service.JobQueue - Job dispatched: jobId=673f9e75-bab8-45d5-8fb2-c00859f6d5d4, type=t, priority=9
[main] DEBUG com.demo.backgroundjobservice.service.JobQueue - Job enqueued: jobId=673f9e75-bab8-45d5-8fb2-c00859f6d5d4, type=t, priority=9, queueSize=3
[main] DEBUG com.demo.backgroundjobservice.service.JobQueue - Job enqueued: jobId=389f8285-a7c1-4233-8da0-27895ed8892d, type=t, priority=0, queueSize=4
[main] DEBUG com.demo.backgroundjobservice.service.JobQueue - Job dispatched: jobId=389f8285-a7c1-4233-8da0-27895ed8892d, type=t, priority=0
[main] DEBUG com.demo.backgroundjobservice.service.JobQueue - Job enqueued: jobId=673f9e75-bab8-45d5-8fb2-c00859f6d5d4, type=t, priority=9, queueSize=2
[main] DEBUG com.demo.backgroundjobservice.service.JobQueue - Job enqueued: jobId=389f8285-a7c1-4233-8da0-27895ed8892d, type=t, priority=0, queueSize=3
[main] DEBUG com.demo.backgroundjobservice.service.JobQueue - Job dispatched: jobId=673f9e75-bab8-45d5-8fb2-c00859f6d5d4, type=t, priority=9
[main] DEBUG com.demo.backgroundjobservice.service.JobQueue - Job enqueued: jobId=673f9e75-bab8-45d5-8fb2-c00859f6d5d4, type=t, priority=9, queueSize=2
[main] DEBUG com.demo.backgroundjobservice.service.JobQueue - Job enqueued: jobId=389f8285-a7c1-4233-8da0-27895ed8892d, type=t, priority=0, queueSize=3
[main] DEBUG com.demo.backgroundjobservice.service.JobQueue - Job dispatched: jobId=673f9e75-bab8-45d5-8fb2-c00859f6d5d4, type=t, priority=9
[main] DEBUG com.demo.backgroundjobservice.service.JobQueue - Job enqueued: jobId=673f9e75-bab8-45d5-8fb2-c00859f6d5d4, type=t, priority=9, queueSize=3
[main] DEBUG com.demo.backgroundjobservice.service.JobQueue - Job enqueued: jobId=389f8285-a7c1-4233-8da0-27895ed8892d, type=t, priority=0, queueSize=4
[main] DEBUG com.demo.backgroundjobservice.service.JobQueue - Job dispatched: jobId=673f9e75-bab8-45d5-8fb2-c00859f6d5d4, type=t, priority=9
[main] DEBUG com.demo.backgroundjobservice.service.JobQueue - Job enqueued: jobId=673f9e75-bab8-45d5-8fb2-c00859f6d5d4, type=t, priority=9, queueSize=4
[main] DEBUG com.demo.backgroundjobservice.service.JobQueue - Job enqueued: jobId=389f8285-a7c1-4233-8da0-27895ed8892d, type=t, priority=0, queueSize=5
[main] DEBUG com.demo.backgroundjobservice.service.JobQueue - Job dispatched: jobId=389f8285-a7c1-4233-8da0-27895ed8892d, type=t, priority=0
[main] DEBUG com.demo.backgroundjobservice.service.JobQueue - Job enqueued: jobId=673f9e75-bab8-45d5-8fb2-c00859f6d5d4, type=t, priority=9, queueSize=2
[main] DEBUG com.demo.backgroundjobservice.service.JobQueue - Job enqueued: jobId=389f8285-a7c1-4233-8da0-27895ed8892d, type=t, priority=0, queueSize=3
[main] DEBUG com.demo.backgroundjobservice.service.JobQueue - Job dispatched: jobId=673f9e75-bab8-45d5-8fb2-c00859f6d5d4, type=t, priority=9
[main] DEBUG com.demo.backgroundjobservice.service.JobQueue - Job enqueued: jobId=673f9e75-bab8-45d5-8fb2-c00859f6d5d4, type=t, priority=9, queueSize=2
[main] DEBUG com.demo.backgroundjobservice.service.JobQueue - Job enqueued: jobId=389f8285-a7c1-4233-8da0-27895ed8892d, type=t, priority=0, queueSize=3
[main] DEBUG com.demo.backgroundjobservice.service.JobQueue - Job dispatched: jobId=673f9e75-bab8-45d5-8fb2-c00859f6d5d4, type=t, priority=9
[main] DEBUG com.demo.backgroundjobservice.service.JobQueue - Job enqueued: jobId=673f9e75-bab8-45d5-8fb2-c00859f6d5d4, type=t, priority=9, queueSize=3
[main] DEBUG com.demo.backgroundjobservice.service.JobQueue - Job enqueued: jobId=389f8285-a7c1-4233-8da0-27895ed8892d, type=t, priority=0, queueSize=4
[main] DEBUG com.demo.backgroundjobservice.service.JobQueue - Job dispatched: jobId=673f9e75-bab8-45d5-8fb2-c00859f6d5d4, type=t, priority=9
[main] DEBUG com.demo.backgroundjobservice.service.JobQueue - Job enqueued: jobId=673f9e75-bab8-45d5-8fb2-c00859f6d5d4, type=t, priority=9, queueSize=4
[main] DEBUG com.demo.backgroundjobservice.service.JobQueue - Job enqueued: jobId=389f8285-a7c1-4233-8da0-27895ed8892d, type=t, priority=0, queueSize=5
[main] DEBUG com.demo.backgroundjobservice.service.JobQueue - Job dispatched: jobId=673f9e75-bab8-45d5-8fb2-c00859f6d5d4, type=t, priority=9
[main] DEBUG com.demo.backgroundjobservice.service.JobQueue - Job enqueued: jobId=673f9e75-bab8-45d5-8fb2-c00859f6d5d4, type=t, priority=9, queueSize=5
[main] DEBUG com.demo.backgroundjobservice.service.JobQueue - Job enqueued: jobId=389f8285-a7c1-4233-8da0-27895ed8892d, type=t, priority=0, queueSize=6
[main] DEBUG com.demo.backgroundjobservice.service.JobQueue - Job dispatched: jobId=389f8285-a7c1-4233-8da0-27895ed8892d, type=t, priority=0
[main] DEBUG com.demo.backgroundjobservice.service.JobQueue - Job enqueued: jobId=673f9e75-bab8-45d5-8fb2-c00859f6d5d4, type=t, priority=9, queueSize=2
[main] DEBUG com.demo.backgroundjobservice.service.JobQueue - Job enqueued: jobId=389f8285-a7c1-4233-8da0-27895ed8892d, type=t, priority=0, queueSize=3
[main] DEBUG com.demo.backgroundjobservice.service.JobQueue - Job dispatched: jobId=673f9e75-bab8-45d5-8fb2-c00859f6d5d4, type=t, priority=9
[main] DEBUG com.demo.backgroundjobservice.service.JobQueue - Job enqueued: jobId=673f9e75-bab8-45d5-8fb2-c00859f6d5d4, type=t, priority=9, queueSize=2
[main] DEBUG com.demo.backgroundjobservice.service.JobQueue - Job enqueued: jobId=389f8285-a7c1-4233-8da0-27895ed8892d, type=t, priority=0, queueSize=3
[main] DEBUG com.demo.backgroundjobservice.service.JobQueue - Job dispatched: jobId=389f8285-a7c1-4233-8da0-27895ed8892d, type=t, priority=0
[main] DEBUG com.demo.backgroundjobservice.service.JobQueue - Job enqueued: jobId=673f9e75-bab8-45d5-8fb2-c00859f6d5d4, type=t, priority=9, queueSize=2
[main] DEBUG com.demo.backgroundjobservice.service.JobQueue - Job enqueued: jobId=389f8285-a7c1-4233-8da0-27895ed8892d, type=t, priority=0, queueSize=3
[main] DEBUG com.demo.backgroundjobservice.service.JobQueue - Job dispatched: jobId=673f9e75-bab8-45d5-8fb2-c00859f6d5d4, type=t, priority=9
[main] DEBUG com.demo.backgroundjobservice.service.JobQueue - Job enqueued: jobId=673f9e75-bab8-45d5-8fb2-c00859f6d5d4, type=t, priority=9, queueSize=2
[main] DEBUG com.demo.backgroundjobservice.service.JobQueue - Job enqueued: jobId=389f8285-a7c1-4233-8da0-27895ed8892d, type=t, priority=0, queueSize=3
[main] DEBUG com.demo.backgroundjobservice.service.JobQueue - Job dispatched: jobId=673f9e75-bab8-45d5-8fb2-c00859f6d5d4, type=t, priority=9
[main] DEBUG com.demo.backgroundjobservice.service.JobQueue - Job enqueued: jobId=673f9e75-bab8-45d5-8fb2-c00859f6d5d4, type=t, priority=9, queueSize=3
[main] DEBUG com.demo.backgroundjobservice.service.JobQueue - Job enqueued: jobId=389f8285-a7c1-4233-8da0-27895ed8892d, type=t, priority=0, queueSize=4
[main] DEBUG com.demo.backgroundjobservice.service.JobQueue - Job dispatched: jobId=673f9e75-bab8-45d5-8fb2-c00859f6d5d4, type=t, priority=9
[main] DEBUG com.demo.backgroundjobservice.service.JobQueue - Job enqueued: jobId=673f9e75-bab8-45d5-8fb2-c00859f6d5d4, type=t, priority=9, queueSize=4
[main] DEBUG com.demo.backgroundjobservice.service.JobQueue - Job enqueued: jobId=389f8285-a7c1-4233-8da0-27895ed8892d, type=t, priority=0, queueSize=5
[main] DEBUG com.demo.backgroundjobservice.service.JobQueue - Job dispatched: jobId=673f9e75-bab8-45d5-8fb2-c00859f6d5d4, type=t, priority=9
[main] DEBUG com.demo.backgroundjobservice.service.JobQueue - Job enqueued: jobId=673f9e75-bab8-45d5-8fb2-c00859f6d5d4, type=t, priority=9, queueSize=5
[main] DEBUG com.demo.backgroundjobservice.service.JobQueue - Job enqueued: jobId=389f8285-a7c1-4233-8da0-27895ed8892d, type=t, priority=0, queueSize=6
[main] DEBUG com.demo.backgroundjobservice.service.JobQueue - Job dispatched: jobId=673f9e75-bab8-45d5-8fb2-c00859f6d5d4, type=t, priority=9
[main] DEBUG com.demo.backgroundjobservice.service.JobQueue - Job enqueued: jobId=673f9e75-bab8-45d5-8fb2-c00859f6d5d4, type=t, priority=9, queueSize=6
[main] DEBUG com.demo.backgroundjobservice.service.JobQueue - Job enqueued: jobId=389f8285-a7c1-4233-8da0-27895ed8892d, type=t, priority=0, queueSize=7
[main] DEBUG com.demo.backgroundjobservice.service.JobQueue - Job dispatched: jobId=673f9e75-bab8-45d5-8fb2-c00859f6d5d4, type=t, priority=9
[main] DEBUG com.demo.backgroundjobservice.service.JobQueue - Job enqueued: jobId=673f9e75-bab8-45d5-8fb2-c00859f6d5d4, type=t, priority=9, queueSize=7
[main] DEBUG com.demo.backgroundjobservice.service.JobQueue - Job enqueued: jobId=389f8285-a7c1-4233-8da0-27895ed8892d, type=t, priority=0, queueSize=8
[main] DEBUG com.demo.backgroundjobservice.service.JobQueue - Job dispatched: jobId=673f9e75-bab8-45d5-8fb2-c00859f6d5d4, type=t, priority=9
[main] DEBUG com.demo.backgroundjobservice.service.JobQueue - Job enqueued: jobId=673f9e75-bab8-45d5-8fb2-c00859f6d5d4, type=t, priority=9, queueSize=8
[main] DEBUG com.demo.backgroundjobservice.service.JobQueue - Job enqueued: jobId=389f8285-a7c1-4233-8da0-27895ed8892d, type=t, priority=0, queueSize=9
[main] DEBUG com.demo.backgroundjobservice.service.JobQueue - Job dispatched: jobId=673f9e75-bab8-45d5-8fb2-c00859f6d5d4, type=t, priority=9
[main] DEBUG com.demo.backgroundjobservice.service.JobQueue - Job enqueued: jobId=673f9e75-bab8-45d5-8fb2-c00859f6d5d4, type=t, priority=9, queueSize=9
[main] DEBUG com.demo.backgroundjobservice.service.JobQueue - Job enqueued: jobId=389f8285-a7c1-4233-8da0-27895ed8892d, type=t, priority=0, queueSize=10
[main] DEBUG com.demo.backgroundjobservice.service.JobQueue - Job dispatched: jobId=389f8285-a7c1-4233-8da0-27895ed8892d, type=t, priority=0
[main] DEBUG com.demo.backgroundjobservice.service.JobQueue - Job enqueued: jobId=673f9e75-bab8-45d5-8fb2-c00859f6d5d4, type=t, priority=9, queueSize=2
[main] DEBUG com.demo.backgroundjobservice.service.JobQueue - Job enqueued: jobId=389f8285-a7c1-4233-8da0-27895ed8892d, type=t, priority=0, queueSize=3
[main] DEBUG com.demo.backgroundjobservice.service.JobQueue - Job dispatched: jobId=673f9e75-bab8-45d5-8fb2-c00859f6d5d4, type=t, priority=9
[main] DEBUG com.demo.backgroundjobservice.service.JobQueue - Job enqueued: jobId=673f9e75-bab8-45d5-8fb2-c00859f6d5d4, type=t, priority=9, queueSize=2
[main] DEBUG com.demo.backgroundjobservice.service.JobQueue - Job enqueued: jobId=389f8285-a7c1-4233-8da0-27895ed8892d, type=t, priority=0, queueSize=3
[main] DEBUG com.demo.backgroundjobservice.service.JobQueue - Job dispatched: jobId=673f9e75-bab8-45d5-8fb2-c00859f6d5d4, type=t, priority=9
[main] DEBUG com.demo.backgroundjobservice.service.JobQueue - Job enqueued: jobId=673f9e75-bab8-45d5-8fb2-c00859f6d5d4, type=t, priority=9, queueSize=3
[main] DEBUG com.demo.backgroundjobservice.service.JobQueue - Job enqueued: jobId=389f8285-a7c1-4233-8da0-27895ed8892d, type=t, priority=0, queueSize=4
[main] DEBUG com.demo.backgroundjobservice.service.JobQueue - Job dispatched: jobId=673f9e75-bab8-45d5-8fb2-c00859f6d5d4, type=t, priority=9
[main] DEBUG com.demo.backgroundjobservice.service.JobQueue - Job enqueued: jobId=673f9e75-bab8-45d5-8fb2-c00859f6d5d4, type=t, priority=9, queueSize=4
[main] DEBUG com.demo.backgroundjobservice.service.JobQueue - Job enqueued: jobId=389f8285-a7c1-4233-8da0-27895ed8892d, type=t, priority=0, queueSize=5
[main] DEBUG com.demo.backgroundjobservice.service.JobQueue - Job dispatched: jobId=673f9e75-bab8-45d5-8fb2-c00859f6d5d4, type=t, priority=9
[main] DEBUG com.demo.backgroundjobservice.service.JobQueue - Job enqueued: jobId=673f9e75-bab8-45d5-8fb2-c00859f6d5d4, type=t, priority=9, queueSize=5
[main] DEBUG com.demo.backgroundjobservice.service.JobQueue - Job enqueued: jobId=389f8285-a7c1-4233-8da0-27895ed8892d, type=t, priority=0, queueSize=6
[main] DEBUG com.demo.backgroundjobservice.service.JobQueue - Job dispatched: jobId=673f9e75-bab8-45d5-8fb2-c00859f6d5d4, type=t, priority=9
[main] DEBUG com.demo.backgroundjobservice.service.JobQueue - Job enqueued: jobId=673f9e75-bab8-45d5-8fb2-c00859f6d5d4, type=t, priority=9, queueSize=6
[main] DEBUG com.demo.backgroundjobservice.service.JobQueue - Job enqueued: jobId=389f8285-a7c1-4233-8da0-27895ed8892d, type=t, priority=0, queueSize=7
[main] DEBUG com.demo.backgroundjobservice.service.JobQueue - Job dispatched: jobId=389f8285-a7c1-4233-8da0-27895ed8892d, type=t, priority=0
[main] DEBUG com.demo.backgroundjobservice.service.JobQueue - Job enqueued: jobId=673f9e75-bab8-45d5-8fb2-c00859f6d5d4, type=t, priority=9, queueSize=2
[main] DEBUG com.demo.backgroundjobservice.service.JobQueue - Job enqueued: jobId=389f8285-a7c1-4233-8da0-27895ed8892d, type=t, priority=0, queueSize=3
[main] DEBUG com.demo.backgroundjobservice.service.JobQueue - Job dispatched: jobId=673f9e75-bab8-45d5-8fb2-c00859f6d5d4, type=t, priority=9
[main] DEBUG com.demo.backgroundjobservice.service.JobQueue - Job enqueued: jobId=673f9e75-bab8-45d5-8fb2-c00859f6d5d4, type=t, priority=9, queueSize=2
[main] DEBUG com.demo.backgroundjobservice.service.JobQueue - Job enqueued: jobId=389f8285-a7c1-4233-8da0-27895ed8892d, type=t, priority=0, queueSize=3
[main] DEBUG com.demo.backgroundjobservice.service.JobQueue - Job dispatched: jobId=673f9e75-bab8-45d5-8fb2-c00859f6d5d4, type=t, priority=9
[main] DEBUG com.demo.backgroundjobservice.service.JobQueue - Job enqueued: jobId=673f9e75-bab8-45d5-8fb2-c00859f6d5d4, type=t, priority=9, queueSize=3
[main] DEBUG com.demo.backgroundjobservice.service.JobQueue - Job enqueued: jobId=389f8285-a7c1-4233-8da0-27895ed8892d, type=t, priority=0, queueSize=4
[main] DEBUG com.demo.backgroundjobservice.service.JobQueue - Job dispatched: jobId=673f9e75-bab8-45d5-8fb2-c00859f6d5d4, type=t, priority=9
[main] DEBUG com.demo.backgroundjobservice.service.JobQueue - Job enqueued: jobId=673f9e75-bab8-45d5-8fb2-c00859f6d5d4, type=t, priority=9, queueSize=4
[main] DEBUG com.demo.backgroundjobservice.service.JobQueue - Job enqueued: jobId=389f8285-a7c1-4233-8da0-27895ed8892d, type=t, priority=0, queueSize=5
[main] DEBUG com.demo.backgroundjobservice.service.JobQueue - Job dispatched: jobId=673f9e75-bab8-45d5-8fb2-c00859f6d5d4, type=t, priority=9
[main] DEBUG com.demo.backgroundjobservice.service.JobQueue - Job enqueued: jobId=673f9e75-bab8-45d5-8fb2-c00859f6d5d4, type=t, priority=9, queueSize=5
[main] DEBUG com.demo.backgroundjobservice.service.JobQueue - Job enqueued: jobId=389f8285-a7c1-4233-8da0-27895ed8892d, type=t, priority=0, queueSize=6
[main] DEBUG com.demo.backgroundjobservice.service.JobQueue - Job dispatched: jobId=673f9e75-bab8-45d5-8fb2-c00859f6d5d4, type=t, priority=9
[main] DEBUG com.demo.backgroundjobservice.service.JobQueue - Job enqueued: jobId=673f9e75-bab8-45d5-8fb2-c00859f6d5d4, type=t, priority=9, queueSize=6
[main] DEBUG com.demo.backgroundjobservice.service.JobQueue - Job enqueued: jobId=389f8285-a7c1-4233-8da0-27895ed8892d, type=t, priority=0, queueSize=7
[main] DEBUG com.demo.backgroundjobservice.service.JobQueue - Job dispatched: jobId=389f8285-a7c1-4233-8da0-27895ed8892d, type=t, priority=0
[main] DEBUG com.demo.backgroundjobservice.service.JobQueue - Job enqueued: jobId=673f9e75-bab8-45d5-8fb2-c00859f6d5d4, type=t, priority=9, queueSize=2
[main] DEBUG com.demo.backgroundjobservice.service.JobQueue - Job enqueued: jobId=389f8285-a7c1-4233-8da0-27895ed8892d, type=t, priority=0, queueSize=3
[main] DEBUG com.demo.backgroundjobservice.service.JobQueue - Job dispatched: jobId=673f9e75-bab8-45d5-8fb2-c00859f6d5d4, type=t, priority=9
[main] DEBUG com.demo.backgroundjobservice.service.JobQueue - Job enqueued: jobId=673f9e75-bab8-45d5-8fb2-c00859f6d5d4, type=t, priority=9, queueSize=2
[main] DEBUG com.demo.backgroundjobservice.service.JobQueue - Job enqueued: jobId=389f8285-a7c1-4233-8da0-27895ed8892d, type=t, priority=0, queueSize=3
[main] DEBUG com.demo.backgroundjobservice.service.JobQueue - Job dispatched: jobId=673f9e75-bab8-45d5-8fb2-c00859f6d5d4, type=t, priority=9
[main] DEBUG com.demo.backgroundjobservice.service.JobQueue - Job enqueued: jobId=673f9e75-bab8-45d5-8fb2-c00859f6d5d4, type=t, priority=9, queueSize=3
[main] DEBUG com.demo.backgroundjobservice.service.JobQueue - Job enqueued: jobId=389f8285-a7c1-4233-8da0-27895ed8892d, type=t, priority=0, queueSize=4
[main] DEBUG com.demo.backgroundjobservice.service.JobQueue - Job dispatched: jobId=673f9e75-bab8-45d5-8fb2-c00859f6d5d4, type=t, priority=9
[main] DEBUG com.demo.backgroundjobservice.service.JobQueue - Job enqueued: jobId=673f9e75-bab8-45d5-8fb2-c00859f6d5d4, type=t, priority=9, queueSize=4
[main] DEBUG com.demo.backgroundjobservice.service.JobQueue - Job enqueued: jobId=389f8285-a7c1-4233-8da0-27895ed8892d, type=t, priority=0, queueSize=5
[main] DEBUG com.demo.backgroundjobservice.service.JobQueue - Job dispatched: jobId=389f8285-a7c1-4233-8da0-27895ed8892d, type=t, priority=0
[main] DEBUG com.demo.backgroundjobservice.service.JobQueue - Job enqueued: jobId=673f9e75-bab8-45d5-8fb2-c00859f6d5d4, type=t, priority=9, queueSize=2
[main] DEBUG com.demo.backgroundjobservice.service.JobQueue - Job enqueued: jobId=389f8285-a7c1-4233-8da0-27895ed8892d, type=t, priority=0, queueSize=3
[main] DEBUG com.demo.backgroundjobservice.service.JobQueue - Job dispatched: jobId=673f9e75-bab8-45d5-8fb2-c00859f6d5d4, type=t, priority=9
[main] DEBUG com.demo.backgroundjobservice.service.JobQueue - Job enqueued: jobId=673f9e75-bab8-45d5-8fb2-c00859f6d5d4, type=t, priority=9, queueSize=2
[main] DEBUG com.demo.backgroundjobservice.service.JobQueue - Job enqueued: jobId=389f8285-a7c1-4233-8da0-27895ed8892d, type=t, priority=0, queueSize=3
[main] DEBUG com.demo.backgroundjobservice.service.JobQueue - Job dispatched: jobId=673f9e75-bab8-45d5-8fb2-c00859f6d5d4, type=t, priority=9
[main] DEBUG com.demo.backgroundjobservice.service.JobQueue - Job enqueued: jobId=673f9e75-bab8-45d5-8fb2-c00859f6d5d4, type=t, priority=9, queueSize=3
[main] DEBUG com.demo.backgroundjobservice.service.JobQueue - Job enqueued: jobId=389f8285-a7c1-4233-8da0-27895ed8892d, type=t, priority=0, queueSize=4
[main] DEBUG com.demo.backgroundjobservice.service.JobQueue - Job dispatched: jobId=673f9e75-bab8-45d5-8fb2-c00859f6d5d4, type=t, priority=9
[main] DEBUG com.demo.backgroundjobservice.service.JobQueue - Job enqueued: jobId=673f9e75-bab8-45d5-8fb2-c00859f6d5d4, type=t, priority=9, queueSize=4
[main] DEBUG com.demo.backgroundjobservice.service.JobQueue - Job enqueued: jobId=389f8285-a7c1-4233-8da0-27895ed8892d, type=t, priority=0, queueSize=5
[main] DEBUG com.demo.backgroundjobservice.service.JobQueue - Job dispatched: jobId=673f9e75-bab8-45d5-8fb2-c00859f6d5d4, type=t, priority=9
[main] DEBUG com.demo.backgroundjobservice.service.JobQueue - Job enqueued: jobId=673f9e75-bab8-45d5-8fb2-c00859f6d5d4, type=t, priority=9, queueSize=5
[main] DEBUG com.demo.backgroundjobservice.service.JobQueue - Job enqueued: jobId=389f8285-a7c1-4233-8da0-27895ed8892d, type=t, priority=0, queueSize=6
[main] DEBUG com.demo.backgroundjobservice.service.JobQueue - Job dispatched: jobId=673f9e75-bab8-45d5-8fb2-c00859f6d5d4, type=t, priority=9
[main] DEBUG com.demo.backgroundjobservice.service.JobQueue - Job enqueued: jobId=673f9e75-bab8-45d5-8fb2-c00859f6d5d4, type=t, priority=9, queueSize=6
[main] DEBUG com.demo.backgroundjobservice.service.JobQueue - Job enqueued: jobId=389f8285-a7c1-4233-8da0-27895ed8892d, type=t, priority=0, queueSize=7
[main] DEBUG com.demo.backgroundjobservice.service.JobQueue - Job dispatched: jobId=673f9e75-bab8-45d5-8fb2-c00859f6d5d4, type=t, priority=9
[main] DEBUG com.demo.backgroundjobservice.service.JobQueue - Job enqueued: jobId=673f9e75-bab8-45d5-8fb2-c00859f6d5d4, type=t, priority=9, queueSize=7
[main] DEBUG com.demo.backgroundjobservice.service.JobQueue - Job enqueued: jobId=389f8285-a7c1-4233-8da0-27895ed8892d, type=t, priority=0, queueSize=8
[main] DEBUG com.demo.backgroundjobservice.service.JobQueue - Job dispatched: jobId=673f9e75-bab8-45d5-8fb2-c00859f6d5d4, type=t, priority=9
[main] DEBUG com.demo.backgroundjobservice.service.JobQueue - Job enqueued: jobId=673f9e75-bab8-45d5-8fb2-c00859f6d5d4, type=t, priority=9, queueSize=8
[main] DEBUG com.demo.backgroundjobservice.service.JobQueue - Job enqueued: jobId=389f8285-a7c1-4233-8da0-27895ed8892d, type=t, priority=0, queueSize=9
[main] DEBUG com.demo.backgroundjobservice.service.JobQueue - Job dispatched: jobId=673f9e75-bab8-45d5-8fb2-c00859f6d5d4, type=t, priority=9
[main] DEBUG com.demo.backgroundjobservice.service.JobQueue - Job enqueued: jobId=673f9e75-bab8-45d5-8fb2-c00859f6d5d4, type=t, priority=9, queueSize=9
[main] DEBUG com.demo.backgroundjobservice.service.JobQueue - Job enqueued: jobId=389f8285-a7c1-4233-8da0-27895ed8892d, type=t, priority=0, queueSize=10
[main] DEBUG com.demo.backgroundjobservice.service.JobQueue - Job dispatched: jobId=389f8285-a7c1-4233-8da0-27895ed8892d, type=t, priority=0
[main] DEBUG com.demo.backgroundjobservice.service.JobQueue - Job enqueued: jobId=673f9e75-bab8-45d5-8fb2-c00859f6d5d4, type=t, priority=9, queueSize=2
[main] DEBUG com.demo.backgroundjobservice.service.JobQueue - Job enqueued: jobId=389f8285-a7c1-4233-8da0-27895ed8892d, type=t, priority=0, queueSize=3
[main] DEBUG com.demo.backgroundjobservice.service.JobQueue - Job dispatched: jobId=673f9e75-bab8-45d5-8fb2-c00859f6d5d4, type=t, priority=9
[main] DEBUG com.demo.backgroundjobservice.service.JobQueue - Job enqueued: jobId=673f9e75-bab8-45d5-8fb2-c00859f6d5d4, type=t, priority=9, queueSize=2
[main] DEBUG com.demo.backgroundjobservice.service.JobQueue - Job enqueued: jobId=389f8285-a7c1-4233-8da0-27895ed8892d, type=t, priority=0, queueSize=3
[main] DEBUG com.demo.backgroundjobservice.service.JobQueue - Job dispatched: jobId=673f9e75-bab8-45d5-8fb2-c00859f6d5d4, type=t, priority=9
[main] DEBUG com.demo.backgroundjobservice.service.JobQueue - Job enqueued: jobId=673f9e75-bab8-45d5-8fb2-c00859f6d5d4, type=t, priority=9, queueSize=3
[main] DEBUG com.demo.backgroundjobservice.service.JobQueue - Job enqueued: jobId=389f8285-a7c1-4233-8da0-27895ed8892d, type=t, priority=0, queueSize=4
[main] DEBUG com.demo.backgroundjobservice.service.JobQueue - Job dispatched: jobId=673f9e75-bab8-45d5-8fb2-c00859f6d5d4, type=t, priority=9
[main] DEBUG com.demo.backgroundjobservice.service.JobQueue - Job enqueued: jobId=673f9e75-bab8-45d5-8fb2-c00859f6d5d4, type=t, priority=9, queueSize=4
[main] DEBUG com.demo.backgroundjobservice.service.JobQueue - Job enqueued: jobId=389f8285-a7c1-4233-8da0-27895ed8892d, type=t, priority=0, queueSize=5
[main] DEBUG com.demo.backgroundjobservice.service.JobQueue - Job dispatched: jobId=389f8285-a7c1-4233-8da0-27895ed8892d, type=t, priority=0
[main] DEBUG com.demo.backgroundjobservice.service.JobQueue - Job enqueued: jobId=673f9e75-bab8-45d5-8fb2-c00859f6d5d4, type=t, priority=9, queueSize=2
[main] DEBUG com.demo.backgroundjobservice.service.JobQueue - Job enqueued: jobId=389f8285-a7c1-4233-8da0-27895ed8892d, type=t, priority=0, queueSize=3
[main] DEBUG com.demo.backgroundjobservice.service.JobQueue - Job dispatched: jobId=673f9e75-bab8-45d5-8fb2-c00859f6d5d4, type=t, priority=9
[main] DEBUG com.demo.backgroundjobservice.service.JobQueue - Job enqueued: jobId=673f9e75-bab8-45d5-8fb2-c00859f6d5d4, type=t, priority=9, queueSize=2
[main] DEBUG com.demo.backgroundjobservice.service.JobQueue - Job enqueued: jobId=389f8285-a7c1-4233-8da0-27895ed8892d, type=t, priority=0, queueSize=3
[main] DEBUG com.demo.backgroundjobservice.service.JobQueue - Job dispatched: jobId=673f9e75-bab8-45d5-8fb2-c00859f6d5d4, type=t, priority=9
[main] DEBUG com.demo.backgroundjobservice.service.JobQueue - Job enqueued: jobId=673f9e75-bab8-45d5-8fb2-c00859f6d5d4, type=t, priority=9, queueSize=3
[main] DEBUG com.demo.backgroundjobservice.service.JobQueue - Job enqueued: jobId=389f8285-a7c1-4233-8da0-27895ed8892d, type=t, priority=0, queueSize=4
[main] DEBUG com.demo.backgroundjobservice.service.JobQueue - Job dispatched: jobId=673f9e75-bab8-45d5-8fb2-c00859f6d5d4, type=t, priority=9
[main] DEBUG com.demo.backgroundjobservice.service.JobQueue - Job enqueued: jobId=673f9e75-bab8-45d5-8fb2-c00859f6d5d4, type=t, priority=9, queueSize=4
[main] DEBUG com.demo.backgroundjobservice.service.JobQueue - Job enqueued: jobId=389f8285-a7c1-4233-8da0-27895ed8892d, type=t, priority=0, queueSize=5
[main] DEBUG com.demo.backgroundjobservice.service.JobQueue - Job dispatched: jobId=673f9e75-bab8-45d5-8fb2-c00859f6d5d4, type=t, priority=9
[main] DEBUG com.demo.backgroundjobservice.service.JobQueue - Job enqueued: jobId=673f9e75-bab8-45d5-8fb2-c00859f6d5d4, type=t, priority=9, queueSize=5
[main] DEBUG com.demo.backgroundjobservice.service.JobQueue - Job enqueued: jobId=389f8285-a7c1-4233-8da0-27895ed8892d, type=t, priority=0, queueSize=6
[main] DEBUG com.demo.backgroundjobservice.service.JobQueue - Job dispatched: jobId=389f8285-a7c1-4233-8da0-27895ed8892d, type=t, priority=0
[main] DEBUG com.demo.backgroundjobservice.service.JobQueue - Job enqueued: jobId=673f9e75-bab8-45d5-8fb2-c00859f6d5d4, type=t, priority=9, queueSize=2
[main] DEBUG com.demo.backgroundjobservice.service.JobQueue - Job enqueued: jobId=389f8285-a7c1-4233-8da0-27895ed8892d, type=t, priority=0, queueSize=3
[main] DEBUG com.demo.backgroundjobservice.service.JobQueue - Job dispatched: jobId=673f9e75-bab8-45d5-8fb2-c00859f6d5d4, type=t, priority=9
[main] DEBUG com.demo.backgroundjobservice.service.JobQueue - Job enqueued: jobId=673f9e75-bab8-45d5-8fb2-c00859f6d5d4, type=t, priority=9, queueSize=2
[main] DEBUG com.demo.backgroundjobservice.service.JobQueue - Job enqueued: jobId=389f8285-a7c1-4233-8da0-27895ed8892d, type=t, priority=0, queueSize=3
[main] DEBUG com.demo.backgroundjobservice.service.JobQueue - Job dispatched: jobId=673f9e75-bab8-45d5-8fb2-c00859f6d5d4, type=t, priority=9
[main] DEBUG com.demo.backgroundjobservice.service.JobQueue - Job enqueued: jobId=673f9e75-bab8-45d5-8fb2-c00859f6d5d4, type=t, priority=9, queueSize=3
[main] DEBUG com.demo.backgroundjobservice.service.JobQueue - Job enqueued: jobId=389f8285-a7c1-4233-8da0-27895ed8892d, type=t, priority=0, queueSize=4
[main] DEBUG com.demo.backgroundjobservice.service.JobQueue - Job dispatched: jobId=673f9e75-bab8-45d5-8fb2-c00859f6d5d4, type=t, priority=9
[main] DEBUG com.demo.backgroundjobservice.service.JobQueue - Job enqueued: jobId=673f9e75-bab8-45d5-8fb2-c00859f6d5d4, type=t, priority=9, queueSize=4
[main] DEBUG com.demo.backgroundjobservice.service.JobQueue - Job enqueued: jobId=389f8285-a7c1-4233-8da0-27895ed8892d, type=t, priority=0, queueSize=5
[main] DEBUG com.demo.backgroundjobservice.service.JobQueue - Job dispatched: jobId=389f8285-a7c1-4233-8da0-27895ed8892d, type=t, priority=0
[main] DEBUG com.demo.backgroundjobservice.service.JobQueue - Job enqueued: jobId=673f9e75-bab8-45d5-8fb2-c00859f6d5d4, type=t, priority=9, queueSize=2
[main] DEBUG com.demo.backgroundjobservice.service.JobQueue - Job enqueued: jobId=389f8285-a7c1-4233-8da0-27895ed8892d, type=t, priority=0, queueSize=3
[main] DEBUG com.demo.backgroundjobservice.service.JobQueue - Job dispatched: jobId=673f9e75-bab8-45d5-8fb2-c00859f6d5d4, type=t, priority=9
[main] DEBUG com.demo.backgroundjobservice.service.JobQueue - Job enqueued: jobId=673f9e75-bab8-45d5-8fb2-c00859f6d5d4, type=t, priority=9, queueSize=2
[main] DEBUG com.demo.backgroundjobservice.service.JobQueue - Job enqueued: jobId=389f8285-a7c1-4233-8da0-27895ed8892d, type=t, priority=0, queueSize=3
[main] DEBUG com.demo.backgroundjobservice.service.JobQueue - Job dispatched: jobId=389f8285-a7c1-4233-8da0-27895ed8892d, type=t, priority=0
[main] DEBUG com.demo.backgroundjobservice.service.JobQueue - Job enqueued: jobId=673f9e75-bab8-45d5-8fb2-c00859f6d5d4, type=t, priority=9, queueSize=2
[main] DEBUG com.demo.backgroundjobservice.service.JobQueue - Job enqueued: jobId=389f8285-a7c1-4233-8da0-27895ed8892d, type=t, priority=0, queueSize=3
[main] DEBUG com.demo.backgroundjobservice.service.JobQueue - Job dispatched: jobId=673f9e75-bab8-45d5-8fb2-c00859f6d5d4, type=t, priority=9
[main] DEBUG com.demo.backgroundjobservice.service.JobQueue - Job enqueued: jobId=673f9e75-bab8-45d5-8fb2-c00859f6d5d4, type=t, priority=9, queueSize=2
[main] DEBUG com.demo.backgroundjobservice.service.JobQueue - Job enqueued: jobId=389f8285-a7c1-4233-8da0-27895ed8892d, type=t, priority=0, queueSize=3
[main] DEBUG com.demo.backgroundjobservice.service.JobQueue - Job dispatched: jobId=389f8285-a7c1-4233-8da0-27895ed8892d, type=t, priority=0
[main] DEBUG com.demo.backgroundjobservice.service.JobQueue - Job enqueued: jobId=673f9e75-bab8-45d5-8fb2-c00859f6d5d4, type=t, priority=9, queueSize=2
[main] DEBUG com.demo.backgroundjobservice.service.JobQueue - Job enqueued: jobId=389f8285-a7c1-4233-8da0-27895ed8892d, type=t, priority=0, queueSize=3
[main] DEBUG com.demo.backgroundjobservice.service.JobQueue - Job dispatched: jobId=673f9e75-bab8-45d5-8fb2-c00859f6d5d4, type=t, priority=9
[main] DEBUG com.demo.backgroundjobservice.service.JobQueue - Job enqueued: jobId=673f9e75-bab8-45d5-8fb2-c00859f6d5d4, type=t, priority=9, queueSize=2
[main] DEBUG com.demo.backgroundjobservice.service.JobQueue - Job enqueued: jobId=389f8285-a7c1-4233-8da0-27895ed8892d, type=t, priority=0, queueSize=3
[main] DEBUG com.demo.backgroundjobservice.service.JobQueue - Job dispatched: jobId=673f9e75-bab8-45d5-8fb2-c00859f6d5d4, type=t, priority=9
[main] DEBUG com.demo.backgroundjobservice.service.JobQueue - Job enqueued: jobId=673f9e75-bab8-45d5-8fb2-c00859f6d5d4, type=t, priority=9, queueSize=3
[main] DEBUG com.demo.backgroundjobservice.service.JobQueue - Job enqueued: jobId=389f8285-a7c1-4233-8da0-27895ed8892d, type=t, priority=0, queueSize=4
[main] DEBUG com.demo.backgroundjobservice.service.JobQueue - Job dispatched: jobId=673f9e75-bab8-45d5-8fb2-c00859f6d5d4, type=t, priority=9
[main] DEBUG com.demo.backgroundjobservice.service.JobQueue - Job enqueued: jobId=673f9e75-bab8-45d5-8fb2-c00859f6d5d4, type=t, priority=9, queueSize=4
[main] DEBUG com.demo.backgroundjobservice.service.JobQueue - Job enqueued: jobId=389f8285-a7c1-4233-8da0-27895ed8892d, type=t, priority=0, queueSize=5
[main] DEBUG com.demo.backgroundjobservice.service.JobQueue - Job dispatched: jobId=673f9e75-bab8-45d5-8fb2-c00859f6d5d4, type=t, priority=9
[main] DEBUG com.demo.backgroundjobservice.service.JobQueue - Job enqueued: jobId=673f9e75-bab8-45d5-8fb2-c00859f6d5d4, type=t, priority=9, queueSize=5
[main] DEBUG com.demo.backgroundjobservice.service.JobQueue - Job enqueued: jobId=389f8285-a7c1-4233-8da0-27895ed8892d, type=t, priority=0, queueSize=6
[main] DEBUG com.demo.backgroundjobservice.service.JobQueue - Job dispatched: jobId=673f9e75-bab8-45d5-8fb2-c00859f6d5d4, type=t, priority=9
[main] DEBUG com.demo.backgroundjobservice.service.JobQueue - Job enqueued: jobId=673f9e75-bab8-45d5-8fb2-c00859f6d5d4, type=t, priority=9, queueSize=6
[main] DEBUG com.demo.backgroundjobservice.service.JobQueue - Job enqueued: jobId=389f8285-a7c1-4233-8da0-27895ed8892d, type=t, priority=0, queueSize=7
[main] DEBUG com.demo.backgroundjobservice.service.JobQueue - Job dispatched: jobId=673f9e75-bab8-45d5-8fb2-c00859f6d5d4, type=t, priority=9
[main] DEBUG com.demo.backgroundjobservice.service.JobQueue - Job enqueued: jobId=673f9e75-bab8-45d5-8fb2-c00859f6d5d4, type=t, priority=9, queueSize=7
[main] DEBUG com.demo.backgroundjobservice.service.JobQueue - Job enqueued: jobId=389f8285-a7c1-4233-8da0-27895ed8892d, type=t, priority=0, queueSize=8
[main] DEBUG com.demo.backgroundjobservice.service.JobQueue - Job dispatched: jobId=673f9e75-bab8-45d5-8fb2-c00859f6d5d4, type=t, priority=9
[main] DEBUG com.demo.backgroundjobservice.service.JobQueue - Job enqueued: jobId=673f9e75-bab8-45d5-8fb2-c00859f6d5d4, type=t, priority=9, queueSize=8
[main] DEBUG com.demo.backgroundjobservice.service.JobQueue - Job enqueued: jobId=389f8285-a7c1-4233-8da0-27895ed8892d, type=t, priority=0, queueSize=9
[main] DEBUG com.demo.backgroundjobservice.service.JobQueue - Job dispatched: jobId=673f9e75-bab8-45d5-8fb2-c00859f6d5d4, type=t, priority=9
[main] DEBUG com.demo.backgroundjobservice.service.JobQueue - Job enqueued: jobId=673f9e75-bab8-45d5-8fb2-c00859f6d5d4, type=t, priority=9, queueSize=9
[main] DEBUG com.demo.backgroundjobservice.service.JobQueue - Job enqueued: jobId=389f8285-a7c1-4233-8da0-27895ed8892d, type=t, priority=0, queueSize=10
[main] DEBUG com.demo.backgroundjobservice.service.JobQueue - Job dispatched: jobId=673f9e75-bab8-45d5-8fb2-c00859f6d5d4, type=t, priority=9
[main] DEBUG com.demo.backgroundjobservice.service.JobQueue - Job enqueued: jobId=673f9e75-bab8-45d5-8fb2-c00859f6d5d4, type=t, priority=9, queueSize=10
[main] DEBUG com.demo.backgroundjobservice.service.JobQueue - Job enqueued: jobId=389f8285-a7c1-4233-8da0-27895ed8892d, type=t, priority=0, queueSize=11
[main] DEBUG com.demo.backgroundjobservice.service.JobQueue - Job dispatched: jobId=673f9e75-bab8-45d5-8fb2-c00859f6d5d4, type=t, priority=9
[main] DEBUG com.demo.backgroundjobservice.service.JobQueue - Job enqueued: jobId=673f9e75-bab8-45d5-8fb2-c00859f6d5d4, type=t, priority=9, queueSize=11
[main] DEBUG com.demo.backgroundjobservice.service.JobQueue - Job enqueued: jobId=389f8285-a7c1-4233-8da0-27895ed8892d, type=t, priority=0, queueSize=12
[main] DEBUG com.demo.backgroundjobservice.service.JobQueue - Job dispatched: jobId=389f8285-a7c1-4233-8da0-27895ed8892d, type=t, priority=0
[main] DEBUG com.demo.backgroundjobservice.service.JobQueue - Job enqueued: jobId=673f9e75-bab8-45d5-8fb2-c00859f6d5d4, type=t, priority=9, queueSize=2
[main] DEBUG com.demo.backgroundjobservice.service.JobQueue - Job enqueued: jobId=389f8285-a7c1-4233-8da0-27895ed8892d, type=t, priority=0, queueSize=3
[main] DEBUG com.demo.backgroundjobservice.service.JobQueue - Job dispatched: jobId=673f9e75-bab8-45d5-8fb2-c00859f6d5d4, type=t, priority=9
[main] DEBUG com.demo.backgroundjobservice.service.JobQueue - Job enqueued: jobId=673f9e75-bab8-45d5-8fb2-c00859f6d5d4, type=t, priority=9, queueSize=2
[main] DEBUG com.demo.backgroundjobservice.service.JobQueue - Job enqueued: jobId=389f8285-a7c1-4233-8da0-27895ed8892d, type=t, priority=0, queueSize=3
[main] DEBUG com.demo.backgroundjobservice.service.JobQueue - Job dispatched: jobId=673f9e75-bab8-45d5-8fb2-c00859f6d5d4, type=t, priority=9
[main] DEBUG com.demo.backgroundjobservice.service.JobQueue - Job enqueued: jobId=673f9e75-bab8-45d5-8fb2-c00859f6d5d4, type=t, priority=9, queueSize=3
[main] DEBUG com.demo.backgroundjobservice.service.JobQueue - Job enqueued: jobId=389f8285-a7c1-4233-8da0-27895ed8892d, type=t, priority=0, queueSize=4
[main] DEBUG com.demo.backgroundjobservice.service.JobQueue - Job dispatched: jobId=673f9e75-bab8-45d5-8fb2-c00859f6d5d4, type=t, priority=9
[main] DEBUG com.demo.backgroundjobservice.service.JobQueue - Job enqueued: jobId=673f9e75-bab8-45d5-8fb2-c00859f6d5d4, type=t, priority=9, queueSize=4
[main] DEBUG com.demo.backgroundjobservice.service.JobQueue - Job enqueued: jobId=389f8285-a7c1-4233-8da0-27895ed8892d, type=t, priority=0, queueSize=5
[main] DEBUG com.demo.backgroundjobservice.service.JobQueue - Job dispatched: jobId=673f9e75-bab8-45d5-8fb2-c00859f6d5d4, type=t, priority=9
[main] DEBUG com.demo.backgroundjobservice.service.JobQueue - Job enqueued: jobId=673f9e75-bab8-45d5-8fb2-c00859f6d5d4, type=t, priority=9, queueSize=5
[main] DEBUG com.demo.backgroundjobservice.service.JobQueue - Job enqueued: jobId=389f8285-a7c1-4233-8da0-27895ed8892d, type=t, priority=0, queueSize=6
[main] DEBUG com.demo.backgroundjobservice.service.JobQueue - Job dispatched: jobId=673f9e75-bab8-45d5-8fb2-c00859f6d5d4, type=t, priority=9
[main] DEBUG com.demo.backgroundjobservice.service.JobQueue - Job enqueued: jobId=673f9e75-bab8-45d5-8fb2-c00859f6d5d4, type=t, priority=9, queueSize=6
[main] DEBUG com.demo.backgroundjobservice.service.JobQueue - Job enqueued: jobId=389f8285-a7c1-4233-8da0-27895ed8892d, type=t, priority=0, queueSize=7
[main] DEBUG com.demo.backgroundjobservice.service.JobQueue - Job dispatched: jobId=673f9e75-bab8-45d5-8fb2-c00859f6d5d4, type=t, priority=9
[main] DEBUG com.demo.backgroundjobservice.service.JobQueue - Job enqueued: jobId=673f9e75-bab8-45d5-8fb2-c00859f6d5d4, type=t, priority=9, queueSize=7
[main] DEBUG com.demo.backgroundjobservice.service.JobQueue - Job enqueued: jobId=389f8285-a7c1-4233-8da0-27895ed8892d, type=t, priority=0, queueSize=8
[main] DEBUG com.demo.backgroundjobservice.service.JobQueue - Job dispatched: jobId=673f9e75-bab8-45d5-8fb2-c00859f6d5d4, type=t, priority=9
[main] DEBUG com.demo.backgroundjobservice.service.JobQueue - Job enqueued: jobId=673f9e75-bab8-45d5-8fb2-c00859f6d5d4, type=t, priority=9, queueSize=8
[main] DEBUG com.demo.backgroundjobservice.service.JobQueue - Job enqueued: jobId=389f8285-a7c1-4233-8da0-27895ed8892d, type=t, priority=0, queueSize=9
[main] DEBUG com.demo.backgroundjobservice.service.JobQueue - Job dispatched: jobId=673f9e75-bab8-45d5-8fb2-c00859f6d5d4, type=t, priority=9
[main] DEBUG com.demo.backgroundjobservice.service.JobQueue - Job enqueued: jobId=673f9e75-bab8-45d5-8fb2-c00859f6d5d4, type=t, priority=9, queueSize=9
[main] DEBUG com.demo.backgroundjobservice.service.JobQueue - Job enqueued: jobId=389f8285-a7c1-4233-8da0-27895ed8892d, type=t, priority=0, queueSize=10
[main] DEBUG com.demo.backgroundjobservice.service.JobQueue - Job dispatched: jobId=673f9e75-bab8-45d5-8fb2-c00859f6d5d4, type=t, priority=9
[main] DEBUG com.demo.backgroundjobservice.service.JobQueue - Job enqueued: jobId=673f9e75-bab8-45d5-8fb2-c00859f6d5d4, type=t, priority=9, queueSize=10
[main] DEBUG com.demo.backgroundjobservice.service.JobQueue - Job enqueued: jobId=389f8285-a7c1-4233-8da0-27895ed8892d, type=t, priority=0, queueSize=11
[main] DEBUG com.demo.backgroundjobservice.service.JobQueue - Job dispatched: jobId=673f9e75-bab8-45d5-8fb2-c00859f6d5d4, type=t, priority=9
[main] DEBUG com.demo.backgroundjobservice.service.JobQueue - Job enqueued: jobId=673f9e75-bab8-45d5-8fb2-c00859f6d5d4, type=t, priority=9, queueSize=11
[main] DEBUG com.demo.backgroundjobservice.service.JobQueue - Job enqueued: jobId=389f8285-a7c1-4233-8da0-27895ed8892d, type=t, priority=0, queueSize=12
[main] DEBUG com.demo.backgroundjobservice.service.JobQueue - Job dispatched: jobId=673f9e75-bab8-45d5-8fb2-c00859f6d5d4, type=t, priority=9
[main] DEBUG com.demo.backgroundjobservice.service.JobQueue - Job enqueued: jobId=673f9e75-bab8-45d5-8fb2-c00859f6d5d4, type=t, priority=9, queueSize=12
[main] DEBUG com.demo.backgroundjobservice.service.JobQueue - Job enqueued: jobId=389f8285-a7c1-4233-8da0-27895ed8892d, type=t, priority=0, queueSize=13
[main] DEBUG com.demo.backgroundjobservice.service.JobQueue - Job dispatched: jobId=389f8285-a7c1-4233-8da0-27895ed8892d, type=t, priority=0
[main] DEBUG com.demo.backgroundjobservice.service.JobQueue - Job enqueued: jobId=673f9e75-bab8-45d5-8fb2-c00859f6d5d4, type=t, priority=9, queueSize=2
[main] DEBUG com.demo.backgroundjobservice.service.JobQueue - Job enqueued: jobId=389f8285-a7c1-4233-8da0-27895ed8892d, type=t, priority=0, queueSize=3
[main] DEBUG com.demo.backgroundjobservice.service.JobQueue - Job dispatched: jobId=673f9e75-bab8-45d5-8fb2-c00859f6d5d4, type=t, priority=9
[main] DEBUG com.demo.backgroundjobservice.service.JobQueue - Job enqueued: jobId=673f9e75-bab8-45d5-8fb2-c00859f6d5d4, type=t, priority=9, queueSize=2
[main] DEBUG com.demo.backgroundjobservice.service.JobQueue - Job enqueued: jobId=389f8285-a7c1-4233-8da0-27895ed8892d, type=t, priority=0, queueSize=3
[main] DEBUG com.demo.backgroundjobservice.service.JobQueue - Job dispatched: jobId=673f9e75-bab8-45d5-8fb2-c00859f6d5d4, type=t, priority=9
[main] DEBUG com.demo.backgroundjobservice.service.JobQueue - Job enqueued: jobId=673f9e75-bab8-45d5-8fb2-c00859f6d5d4, type=t, priority=9, queueSize=3
[main] DEBUG com.demo.backgroundjobservice.service.JobQueue - Job enqueued: jobId=389f8285-a7c1-4233-8da0-27895ed8892d, type=t, priority=0, queueSize=4
[main] DEBUG com.demo.backgroundjobservice.service.JobQueue - Job dispatched: jobId=673f9e75-bab8-45d5-8fb2-c00859f6d5d4, type=t, priority=9
[main] DEBUG com.demo.backgroundjobservice.service.JobQueue - Job enqueued: jobId=673f9e75-bab8-45d5-8fb2-c00859f6d5d4, type=t, priority=9, queueSize=4
[main] DEBUG com.demo.backgroundjobservice.service.JobQueue - Job enqueued: jobId=389f8285-a7c1-4233-8da0-27895ed8892d, type=t, priority=0, queueSize=5
[main] DEBUG com.demo.backgroundjobservice.service.JobQueue - Job dispatched: jobId=673f9e75-bab8-45d5-8fb2-c00859f6d5d4, type=t, priority=9
[main] DEBUG com.demo.backgroundjobservice.service.JobQueue - Job enqueued: jobId=673f9e75-bab8-45d5-8fb2-c00859f6d5d4, type=t, priority=9, queueSize=5
[main] DEBUG com.demo.backgroundjobservice.service.JobQueue - Job enqueued: jobId=389f8285-a7c1-4233-8da0-27895ed8892d, type=t, priority=0, queueSize=6
[main] DEBUG com.demo.backgroundjobservice.service.JobQueue - Job dispatched: jobId=389f8285-a7c1-4233-8da0-27895ed8892d, type=t, priority=0
[main] DEBUG com.demo.backgroundjobservice.service.JobQueue - Job enqueued: jobId=673f9e75-bab8-45d5-8fb2-c00859f6d5d4, type=t, priority=9, queueSize=2
[main] DEBUG com.demo.backgroundjobservice.service.JobQueue - Job enqueued: jobId=389f8285-a7c1-4233-8da0-27895ed8892d, type=t, priority=0, queueSize=3
[main] DEBUG com.demo.backgroundjobservice.service.JobQueue - Job dispatched: jobId=673f9e75-bab8-45d5-8fb2-c00859f6d5d4, type=t, priority=9
[main] DEBUG com.demo.backgroundjobservice.service.JobQueue - Job enqueued: jobId=673f9e75-bab8-45d5-8fb2-c00859f6d5d4, type=t, priority=9, queueSize=2
[main] DEBUG com.demo.backgroundjobservice.service.JobQueue - Job enqueued: jobId=389f8285-a7c1-4233-8da0-27895ed8892d, type=t, priority=0, queueSize=3
[main] DEBUG com.demo.backgroundjobservice.service.JobQueue - Job dispatched: jobId=673f9e75-bab8-45d5-8fb2-c00859f6d5d4, type=t, priority=9
[main] DEBUG com.demo.backgroundjobservice.service.JobQueue - Job enqueued: jobId=673f9e75-bab8-45d5-8fb2-c00859f6d5d4, type=t, priority=9, queueSize=3
[main] DEBUG com.demo.backgroundjobservice.service.JobQueue - Job enqueued: jobId=389f8285-a7c1-4233-8da0-27895ed8892d, type=t, priority=0, queueSize=4
[main] DEBUG com.demo.backgroundjobservice.service.JobQueue - Job dispatched: jobId=673f9e75-bab8-45d5-8fb2-c00859f6d5d4, type=t, priority=9
[main] DEBUG com.demo.backgroundjobservice.service.JobQueue - Job enqueued: jobId=673f9e75-bab8-45d5-8fb2-c00859f6d5d4, type=t, priority=9, queueSize=4
[main] DEBUG com.demo.backgroundjobservice.service.JobQueue - Job enqueued: jobId=389f8285-a7c1-4233-8da0-27895ed8892d, type=t, priority=0, queueSize=5
[main] DEBUG com.demo.backgroundjobservice.service.JobQueue - Job dispatched: jobId=673f9e75-bab8-45d5-8fb2-c00859f6d5d4, type=t, priority=9
[main] DEBUG com.demo.backgroundjobservice.service.JobQueue - Job enqueued: jobId=673f9e75-bab8-45d5-8fb2-c00859f6d5d4, type=t, priority=9, queueSize=5
[main] DEBUG com.demo.backgroundjobservice.service.JobQueue - Job enqueued: jobId=389f8285-a7c1-4233-8da0-27895ed8892d, type=t, priority=0, queueSize=6
[main] DEBUG com.demo.backgroundjobservice.service.JobQueue - Job dispatched: jobId=673f9e75-bab8-45d5-8fb2-c00859f6d5d4, type=t, priority=9
[main] DEBUG com.demo.backgroundjobservice.service.JobQueue - Job enqueued: jobId=673f9e75-bab8-45d5-8fb2-c00859f6d5d4, type=t, priority=9, queueSize=6
[main] DEBUG com.demo.backgroundjobservice.service.JobQueue - Job enqueued: jobId=389f8285-a7c1-4233-8da0-27895ed8892d, type=t, priority=0, queueSize=7
[main] DEBUG com.demo.backgroundjobservice.service.JobQueue - Job dispatched: jobId=389f8285-a7c1-4233-8da0-27895ed8892d, type=t, priority=0
[main] DEBUG com.demo.backgroundjobservice.service.JobQueue - Job enqueued: jobId=673f9e75-bab8-45d5-8fb2-c00859f6d5d4, type=t, priority=9, queueSize=2
[main] DEBUG com.demo.backgroundjobservice.service.JobQueue - Job enqueued: jobId=389f8285-a7c1-4233-8da0-27895ed8892d, type=t, priority=0, queueSize=3
[main] DEBUG com.demo.backgroundjobservice.service.JobQueue - Job dispatched: jobId=673f9e75-bab8-45d5-8fb2-c00859f6d5d4, type=t, priority=9
[main] DEBUG com.demo.backgroundjobservice.service.JobQueue - Job enqueued: jobId=673f9e75-bab8-45d5-8fb2-c00859f6d5d4, type=t, priority=9, queueSize=2
[main] DEBUG com.demo.backgroundjobservice.service.JobQueue - Job enqueued: jobId=389f8285-a7c1-4233-8da0-27895ed8892d, type=t, priority=0, queueSize=3
[main] DEBUG com.demo.backgroundjobservice.service.JobQueue - Job dispatched: jobId=673f9e75-bab8-45d5-8fb2-c00859f6d5d4, type=t, priority=9
[main] DEBUG com.demo.backgroundjobservice.service.JobQueue - Job enqueued: jobId=673f9e75-bab8-45d5-8fb2-c00859f6d5d4, type=t, priority=9, queueSize=3
[main] DEBUG com.demo.backgroundjobservice.service.JobQueue - Job enqueued: jobId=389f8285-a7c1-4233-8da0-27895ed8892d, type=t, priority=0, queueSize=4
[main] DEBUG com.demo.backgroundjobservice.service.JobQueue - Job dispatched: jobId=673f9e75-bab8-45d5-8fb2-c00859f6d5d4, type=t, priority=9
[main] DEBUG com.demo.backgroundjobservice.service.JobQueue - Job enqueued: jobId=673f9e75-bab8-45d5-8fb2-c00859f6d5d4, type=t, priority=9, queueSize=4
[main] DEBUG com.demo.backgroundjobservice.service.JobQueue - Job enqueued: jobId=389f8285-a7c1-4233-8da0-27895ed8892d, type=t, priority=0, queueSize=5
[main] DEBUG com.demo.backgroundjobservice.service.JobQueue - Job dispatched: jobId=673f9e75-bab8-45d5-8fb2-c00859f6d5d4, type=t, priority=9
[main] DEBUG com.demo.backgroundjobservice.service.JobQueue - Job enqueued: jobId=673f9e75-bab8-45d5-8fb2-c00859f6d5d4, type=t, priority=9, queueSize=5
[main] DEBUG com.demo.backgroundjobservice.service.JobQueue - Job enqueued: jobId=389f8285-a7c1-4233-8da0-27895ed8892d, type=t, priority=0, queueSize=6
[main] DEBUG com.demo.backgroundjobservice.service.JobQueue - Job dispatched: jobId=673f9e75-bab8-45d5-8fb2-c00859f6d5d4, type=t, priority=9
[main] DEBUG com.demo.backgroundjobservice.service.JobQueue - Job enqueued: jobId=673f9e75-bab8-45d5-8fb2-c00859f6d5d4, type=t, priority=9, queueSize=6
[main] DEBUG com.demo.backgroundjobservice.service.JobQueue - Job enqueued: jobId=389f8285-a7c1-4233-8da0-27895ed8892d, type=t, priority=0, queueSize=7
[main] DEBUG com.demo.backgroundjobservice.service.JobQueue - Job dispatched: jobId=673f9e75-bab8-45d5-8fb2-c00859f6d5d4, type=t, priority=9
[main] DEBUG com.demo.backgroundjobservice.service.JobQueue - Job enqueued: jobId=673f9e75-bab8-45d5-8fb2-c00859f6d5d4, type=t, priority=9, queueSize=7
[main] DEBUG com.demo.backgroundjobservice.service.JobQueue - Job enqueued: jobId=389f8285-a7c1-4233-8da0-27895ed8892d, type=t, priority=0, queueSize=8
[main] DEBUG com.demo.backgroundjobservice.service.JobQueue - Job dispatched: jobId=389f8285-a7c1-4233-8da0-27895ed8892d, type=t, priority=0
[main] DEBUG com.demo.backgroundjobservice.service.JobQueue - Job enqueued: jobId=673f9e75-bab8-45d5-8fb2-c00859f6d5d4, type=t, priority=9, queueSize=2
[main] DEBUG com.demo.backgroundjobservice.service.JobQueue - Job enqueued: jobId=389f8285-a7c1-4233-8da0-27895ed8892d, type=t, priority=0, queueSize=3
[main] DEBUG com.demo.backgroundjobservice.service.JobQueue - Job dispatched: jobId=673f9e75-bab8-45d5-8fb2-c00859f6d5d4, type=t, priority=9
[main] DEBUG com.demo.backgroundjobservice.service.JobQueue - Job enqueued: jobId=673f9e75-bab8-45d5-8fb2-c00859f6d5d4, type=t, priority=9, queueSize=2
[main] DEBUG com.demo.backgroundjobservice.service.JobQueue - Job enqueued: jobId=389f8285-a7c1-4233-8da0-27895ed8892d, type=t, priority=0, queueSize=3
[main] DEBUG com.demo.backgroundjobservice.service.JobQueue - Job dispatched: jobId=673f9e75-bab8-45d5-8fb2-c00859f6d5d4, type=t, priority=9
[main] DEBUG com.demo.backgroundjobservice.service.JobQueue - Job enqueued: jobId=673f9e75-bab8-45d5-8fb2-c00859f6d5d4, type=t, priority=9, queueSize=3
[main] DEBUG com.demo.backgroundjobservice.service.JobQueue - Job enqueued: jobId=389f8285-a7c1-4233-8da0-27895ed8892d, type=t, priority=0, queueSize=4
[main] DEBUG com.demo.backgroundjobservice.service.JobQueue - Job dispatched: jobId=673f9e75-bab8-45d5-8fb2-c00859f6d5d4, type=t, priority=9
[main] DEBUG com.demo.backgroundjobservice.service.JobQueue - Job enqueued: jobId=673f9e75-bab8-45d5-8fb2-c00859f6d5d4, type=t, priority=9, queueSize=4
[main] DEBUG com.demo.backgroundjobservice.service.JobQueue - Job enqueued: jobId=389f8285-a7c1-4233-8da0-27895ed8892d, type=t, priority=0, queueSize=5
[main] DEBUG com.demo.backgroundjobservice.service.JobQueue - Job dispatched: jobId=673f9e75-bab8-45d5-8fb2-c00859f6d5d4, type=t, priority=9
[main] DEBUG com.demo.backgroundjobservice.service.JobQueue - Job enqueued: jobId=673f9e75-bab8-45d5-8fb2-c00859f6d5d4, type=t, priority=9, queueSize=5
[main] DEBUG com.demo.backgroundjobservice.service.JobQueue - Job enqueued: jobId=389f8285-a7c1-4233-8da0-27895ed8892d, type=t, priority=0, queueSize=6
[main] DEBUG com.demo.backgroundjobservice.service.JobQueue - Job dispatched: jobId=673f9e75-bab8-45d5-8fb2-c00859f6d5d4, type=t, priority=9
[main] DEBUG com.demo.backgroundjobservice.service.JobQueue - Job enqueued: jobId=673f9e75-bab8-45d5-8fb2-c00859f6d5d4, type=t, priority=9, queueSize=6
[main] DEBUG com.demo.backgroundjobservice.service.JobQueue - Job enqueued: jobId=389f8285-a7c1-4233-8da0-27895ed8892d, type=t, priority=0, queueSize=7
[main] DEBUG com.demo.backgroundjobservice.service.JobQueue - Job dispatched: jobId=389f8285-a7c1-4233-8da0-27895ed8892d, type=t, priority=0
[main] DEBUG com.demo.backgroundjobservice.service.JobQueue - Job enqueued: jobId=673f9e75-bab8-45d5-8fb2-c00859f6d5d4, type=t, priority=9, queueSize=2
[main] DEBUG com.demo.backgroundjobservice.service.JobQueue - Job enqueued: jobId=389f8285-a7c1-4233-8da0-27895ed8892d, type=t, priority=0, queueSize=3
[main] DEBUG com.demo.backgroundjobservice.service.JobQueue - Job dispatched: jobId=673f9e75-bab8-45d5-8fb2-c00859f6d5d4, type=t, priority=9
[main] DEBUG com.demo.backgroundjobservice.service.JobQueue - Job enqueued: jobId=673f9e75-bab8-45d5-8fb2-c00859f6d5d4, type=t, priority=9, queueSize=2
[main] DEBUG com.demo.backgroundjobservice.service.JobQueue - Job enqueued: jobId=389f8285-a7c1-4233-8da0-27895ed8892d, type=t, priority=0, queueSize=3
[main] DEBUG com.demo.backgroundjobservice.service.JobQueue - Job dispatched: jobId=389f8285-a7c1-4233-8da0-27895ed8892d, type=t, priority=0
[main] DEBUG com.demo.backgroundjobservice.service.JobQueue - Job enqueued: jobId=673f9e75-bab8-45d5-8fb2-c00859f6d5d4, type=t, priority=9, queueSize=2
[main] DEBUG com.demo.backgroundjobservice.service.JobQueue - Job enqueued: jobId=389f8285-a7c1-4233-8da0-27895ed8892d, type=t, priority=0, queueSize=3
[main] DEBUG com.demo.backgroundjobservice.service.JobQueue - Job dispatched: jobId=673f9e75-bab8-45d5-8fb2-c00859f6d5d4, type=t, priority=9
[main] DEBUG com.demo.backgroundjobservice.service.JobQueue - Job enqueued: jobId=673f9e75-bab8-45d5-8fb2-c00859f6d5d4, type=t, priority=9, queueSize=2
[main] DEBUG com.demo.backgroundjobservice.service.JobQueue - Job enqueued: jobId=389f8285-a7c1-4233-8da0-27895ed8892d, type=t, priority=0, queueSize=3
[main] DEBUG com.demo.backgroundjobservice.service.JobQueue - Job dispatched: jobId=673f9e75-bab8-45d5-8fb2-c00859f6d5d4, type=t, priority=9
[main] DEBUG com.demo.backgroundjobservice.service.JobQueue - Job enqueued: jobId=673f9e75-bab8-45d5-8fb2-c00859f6d5d4, type=t, priority=9, queueSize=3
[main] DEBUG com.demo.backgroundjobservice.service.JobQueue - Job enqueued: jobId=389f8285-a7c1-4233-8da0-27895ed8892d, type=t, priority=0, queueSize=4
[main] DEBUG com.demo.backgroundjobservice.service.JobQueue - Job dispatched: jobId=673f9e75-bab8-45d5-8fb2-c00859f6d5d4, type=t, priority=9
[main] DEBUG com.demo.backgroundjobservice.service.JobQueue - Job enqueued: jobId=673f9e75-bab8-45d5-8fb2-c00859f6d5d4, type=t, priority=9, queueSize=4
[main] DEBUG com.demo.backgroundjobservice.service.JobQueue - Job enqueued: jobId=389f8285-a7c1-4233-8da0-27895ed8892d, type=t, priority=0, queueSize=5
[main] DEBUG com.demo.backgroundjobservice.service.JobQueue - Job dispatched: jobId=673f9e75-bab8-45d5-8fb2-c00859f6d5d4, type=t, priority=9
[main] DEBUG com.demo.backgroundjobservice.service.JobQueue - Job enqueued: jobId=673f9e75-bab8-45d5-8fb2-c00859f6d5d4, type=t, priority=9, queueSize=5
[main] DEBUG com.demo.backgroundjobservice.service.JobQueue - Job enqueued: jobId=389f8285-a7c1-4233-8da0-27895ed8892d, type=t, priority=0, queueSize=6
[main] DEBUG com.demo.backgroundjobservice.service.JobQueue - Job dispatched: jobId=389f8285-a7c1-4233-8da0-27895ed8892d, type=t, priority=0
[main] DEBUG com.demo.backgroundjobservice.service.JobQueue - Job enqueued: jobId=673f9e75-bab8-45d5-8fb2-c00859f6d5d4, type=t, priority=9, queueSize=2
[main] DEBUG com.demo.backgroundjobservice.service.JobQueue - Job enqueued: jobId=389f8285-a7c1-4233-8da0-27895ed8892d, type=t, priority=0, queueSize=3
[main] DEBUG com.demo.backgroundjobservice.service.JobQueue - Job dispatched: jobId=673f9e75-bab8-45d5-8fb2-c00859f6d5d4, type=t, priority=9
[main] DEBUG com.demo.backgroundjobservice.service.JobQueue - Job enqueued: jobId=673f9e75-bab8-45d5-8fb2-c00859f6d5d4, type=t, priority=9, queueSize=2
[main] DEBUG com.demo.backgroundjobservice.service.JobQueue - Job enqueued: jobId=389f8285-a7c1-4233-8da0-27895ed8892d, type=t, priority=0, queueSize=3
[main] DEBUG com.demo.backgroundjobservice.service.JobQueue - Job dispatched: jobId=673f9e75-bab8-45d5-8fb2-c00859f6d5d4, type=t, priority=9
[main] DEBUG com.demo.backgroundjobservice.service.JobQueue - Job enqueued: jobId=673f9e75-bab8-45d5-8fb2-c00859f6d5d4, type=t, priority=9, queueSize=3
[main] DEBUG com.demo.backgroundjobservice.service.JobQueue - Job enqueued: jobId=389f8285-a7c1-4233-8da0-27895ed8892d, type=t, priority=0, queueSize=4
[main] DEBUG com.demo.backgroundjobservice.service.JobQueue - Job dispatched: jobId=673f9e75-bab8-45d5-8fb2-c00859f6d5d4, type=t, priority=9
[main] DEBUG com.demo.backgroundjobservice.service.JobQueue - Job enqueued: jobId=673f9e75-bab8-45d5-8fb2-c00859f6d5d4, type=t, priority=9, queueSize=4
[main] DEBUG com.demo.backgroundjobservice.service.JobQueue - Job enqueued: jobId=389f8285-a7c1-4233-8da0-27895ed8892d, type=t, priority=0, queueSize=5
[main] DEBUG com.demo.backgroundjobservice.service.JobQueue - Job dispatched: jobId=673f9e75-bab8-45d5-8fb2-c00859f6d5d4, type=t, priority=9
[main] DEBUG com.demo.backgroundjobservice.service.JobQueue - Job enqueued: jobId=673f9e75-bab8-45d5-8fb2-c00859f6d5d4, type=t, priority=9, queueSize=5
[main] DEBUG com.demo.backgroundjobservice.service.JobQueue - Job enqueued: jobId=389f8285-a7c1-4233-8da0-27895ed8892d, type=t, priority=0, queueSize=6
[main] DEBUG com.demo.backgroundjobservice.service.JobQueue - Job dispatched: jobId=389f8285-a7c1-4233-8da0-27895ed8892d, type=t, priority=0
[main] DEBUG com.demo.backgroundjobservice.service.JobQueue - Job enqueued: jobId=673f9e75-bab8-45d5-8fb2-c00859f6d5d4, type=t, priority=9, queueSize=2
[main] DEBUG com.demo.backgroundjobservice.service.JobQueue - Job enqueued: jobId=389f8285-a7c1-4233-8da0-27895ed8892d, type=t, priority=0, queueSize=3
[main] DEBUG com.demo.backgroundjobservice.service.JobQueue - Job dispatched: jobId=389f8285-a7c1-4233-8da0-27895ed8892d, type=t, priority=0
[main] DEBUG com.demo.backgroundjobservice.service.JobQueue - Job enqueued: jobId=673f9e75-bab8-45d5-8fb2-c00859f6d5d4, type=t, priority=9, queueSize=3
[main] DEBUG com.demo.backgroundjobservice.service.JobQueue - Job enqueued: jobId=389f8285-a7c1-4233-8da0-27895ed8892d, type=t, priority=0, queueSize=4
[main] DEBUG com.demo.backgroundjobservice.service.JobQueue - Job dispatched: jobId=673f9e75-bab8-45d5-8fb2-c00859f6d5d4, type=t, priority=9
[main] DEBUG com.demo.backgroundjobservice.service.JobQueue - Job enqueued: jobId=673f9e75-bab8-45d5-8fb2-c00859f6d5d4, type=t, priority=9, queueSize=2
[main] DEBUG com.demo.backgroundjobservice.service.JobQueue - Job enqueued: jobId=389f8285-a7c1-4233-8da0-27895ed8892d, type=t, priority=0, queueSize=3
[main] DEBUG com.demo.backgroundjobservice.service.JobQueue - Job dispatched: jobId=673f9e75-bab8-45d5-8fb2-c00859f6d5d4, type=t, priority=9
[main] DEBUG com.demo.backgroundjobservice.service.JobQueue - Job enqueued: jobId=673f9e75-bab8-45d5-8fb2-c00859f6d5d4, type=t, priority=9, queueSize=3
[main] DEBUG com.demo.backgroundjobservice.service.JobQueue - Job enqueued: jobId=389f8285-a7c1-4233-8da0-27895ed8892d, type=t, priority=0, queueSize=4
[main] DEBUG com.demo.backgroundjobservice.service.JobQueue - Job dispatched: jobId=673f9e75-bab8-45d5-8fb2-c00859f6d5d4, type=t, priority=9
[main] DEBUG com.demo.backgroundjobservice.service.JobQueue - Job enqueued: jobId=673f9e75-bab8-45d5-8fb2-c00859f6d5d4, type=t, priority=9, queueSize=4
[main] DEBUG com.demo.backgroundjobservice.service.JobQueue - Job enqueued: jobId=389f8285-a7c1-4233-8da0-27895ed8892d, type=t, priority=0, queueSize=5
[main] DEBUG com.demo.backgroundjobservice.service.JobQueue - Job dispatched: jobId=389f8285-a7c1-4233-8da0-27895ed8892d, type=t, priority=0
[main] DEBUG com.demo.backgroundjobservice.service.JobQueue - Job enqueued: jobId=673f9e75-bab8-45d5-8fb2-c00859f6d5d4, type=t, priority=9, queueSize=2
[main] DEBUG com.demo.backgroundjobservice.service.JobQueue - Job enqueued: jobId=389f8285-a7c1-4233-8da0-27895ed8892d, type=t, priority=0, queueSize=3
[main] DEBUG com.demo.backgroundjobservice.service.JobQueue - Job dispatched: jobId=673f9e75-bab8-45d5-8fb2-c00859f6d5d4, type=t, priority=9
[main] DEBUG com.demo.backgroundjobservice.service.JobQueue - Job enqueued: jobId=673f9e75-bab8-45d5-8fb2-c00859f6d5d4, type=t, priority=9, queueSize=2
[main] DEBUG com.demo.backgroundjobservice.service.JobQueue - Job enqueued: jobId=389f8285-a7c1-4233-8da0-27895ed8892d, type=t, priority=0, queueSize=3
[main] DEBUG com.demo.backgroundjobservice.service.JobQueue - Job dispatched: jobId=673f9e75-bab8-45d5-8fb2-c00859f6d5d4, type=t, priority=9
[main] DEBUG com.demo.backgroundjobservice.service.JobQueue - Job enqueued: jobId=673f9e75-bab8-45d5-8fb2-c00859f6d5d4, type=t, priority=9, queueSize=3
[...]
[main] DEBUG com.demo.backgroundjobservice.service.JobQueue - Job enqueued: jobId=389f8285-a7c1-4233-8da0-27895ed8892d, type=t, priority=0, queueSize=7
[main] DEBUG com.demo.backgroundjobservice.service.JobQueue - Job dispatched: jobId=673f9e75-bab8-45d5-8fb2-c00859f6d5d4, type=t, priority=9
[main] DEBUG com.demo.backgroundjobservice.service.JobQueue - Job enqueued: jobId=673f9e75-bab8-45d5-8fb2-c00859f6d5d4, type=t, priority=9, queueSize=7
[main] DEBUG com.demo.backgroundjobservice.service.JobQueue - Job enqueued: jobId=389f8285-a7c1-4233-8da0-27895ed8892d, type=t, priority=0, queueSize=8
[main] DEBUG com.demo.backgroundjobservice.service.JobQueue - Job dispatched: jobId=673f9e75-bab8-45d5-8fb2-c00859f6d5d4, type=t, priority=9
[main] DEBUG com.demo.backgroundjobservice.service.JobQueue - Job enqueued: jobId=673f9e75-bab8-45d5-8fb2-c00859f6d5d4, type=t, priority=9, queueSize=8
[main] DEBUG com.demo.backgroundjobservice.service.JobQueue - Job enqueued: jobId=389f8285-a7c1-4233-8da0-27895ed8892d, type=t, priority=0, queueSize=9
[main] DEBUG com.demo.backgroundjobservice.service.JobQueue - Job dispatched: jobId=673f9e75-bab8-45d5-8fb2-c00859f6d5d4, type=t, priority=9
[main] DEBUG com.demo.backgroundjobservice.service.JobQueue - Job enqueued: jobId=673f9e75-bab8-45d5-8fb2-c00859f6d5d4, type=t, priority=9, queueSize=9
[main] DEBUG com.demo.backgroundjobservice.service.JobQueue - Job enqueued: jobId=389f8285-a7c1-4233-8da0-27895ed8892d, type=t, priority=0, queueSize=10
[main] DEBUG com.demo.backgroundjobservice.service.JobQueue - Job dispatched: jobId=389f8285-a7c1-4233-8da0-27895ed8892d, type=t, priority=0
[main] DEBUG com.demo.backgroundjobservice.service.JobQueue - Job enqueued: jobId=673f9e75-bab8-45d5-8fb2-c00859f6d5d4, type=t, priority=9, queueSize=2
[main] DEBUG com.demo.backgroundjobservice.service.JobQueue - Job enqueued: jobId=389f8285-a7c1-4233-8da0-27895ed8892d, type=t, priority=0, queueSize=3
[main] DEBUG com.demo.backgroundjobservice.service.JobQueue - Job dispatched: jobId=673f9e75-bab8-45d5-8fb2-c00859f6d5d4, type=t, priority=9
[main] DEBUG com.demo.backgroundjobservice.service.JobQueue - Job enqueued: jobId=673f9e75-bab8-45d5-8fb2-c00859f6d5d4, type=t, priority=9, queueSize=2
[main] DEBUG com.demo.backgroundjobservice.service.JobQueue - Job enqueued: jobId=389f8285-a7c1-4233-8da0-27895ed8892d, type=t, priority=0, queueSize=3
[main] DEBUG com.demo.backgroundjobservice.service.JobQueue - Job dispatched: jobId=673f9e75-bab8-45d5-8fb2-c00859f6d5d4, type=t, priority=9
[main] DEBUG com.demo.backgroundjobservice.service.JobQueue - Job enqueued: jobId=673f9e75-bab8-45d5-8fb2-c00859f6d5d4, type=t, priority=9, queueSize=3
[main] DEBUG com.demo.backgroundjobservice.service.JobQueue - Job enqueued: jobId=389f8285-a7c1-4233-8da0-27895ed8892d, type=t, priority=0, queueSize=4
[main] DEBUG com.demo.backgroundjobservice.service.JobQueue - Job dispatched: jobId=673f9e75-bab8-45d5-8fb2-c00859f6d5d4, type=t, priority=9
[main] DEBUG com.demo.backgroundjobservice.service.JobQueue - Job enqueued: jobId=673f9e75-bab8-45d5-8fb2-c00859f6d5d4, type=t, priority=9, queueSize=4
[main] DEBUG com.demo.backgroundjobservice.service.JobQueue - Job enqueued: jobId=389f8285-a7c1-4233-8da0-27895ed8892d, type=t, priority=0, queueSize=5
[main] DEBUG com.demo.backgroundjobservice.service.JobQueue - Job dispatched: jobId=389f8285-a7c1-4233-8da0-27895ed8892d, type=t, priority=0
[main] DEBUG com.demo.backgroundjobservice.service.JobQueue - Job enqueued: jobId=673f9e75-bab8-45d5-8fb2-c00859f6d5d4, type=t, priority=9, queueSize=2
[main] DEBUG com.demo.backgroundjobservice.service.JobQueue - Job enqueued: jobId=389f8285-a7c1-4233-8da0-27895ed8892d, type=t, priority=0, queueSize=3
[main] DEBUG com.demo.backgroundjobservice.service.JobQueue - Job dispatched: jobId=673f9e75-bab8-45d5-8fb2-c00859f6d5d4, type=t, priority=9
[main] DEBUG com.demo.backgroundjobservice.service.JobQueue - Job enqueued: jobId=673f9e75-bab8-45d5-8fb2-c00859f6d5d4, type=t, priority=9, queueSize=2
[main] DEBUG com.demo.backgroundjobservice.service.JobQueue - Job enqueued: jobId=389f8285-a7c1-4233-8da0-27895ed8892d, type=t, priority=0, queueSize=3
[main] DEBUG com.demo.backgroundjobservice.service.JobQueue - Job dispatched: jobId=673f9e75-bab8-45d5-8fb2-c00859f6d5d4, type=t, priority=9
[main] DEBUG com.demo.backgroundjobservice.service.JobQueue - Job enqueued: jobId=673f9e75-bab8-45d5-8fb2-c00859f6d5d4, type=t, priority=9, queueSize=3
[main] DEBUG com.demo.backgroundjobservice.service.JobQueue - Job enqueued: jobId=389f8285-a7c1-4233-8da0-27895ed8892d, type=t, priority=0, queueSize=4
[main] DEBUG com.demo.backgroundjobservice.service.JobQueue - Job dispatched: jobId=673f9e75-bab8-45d5-8fb2-c00859f6d5d4, type=t, priority=9
[main] DEBUG com.demo.backgroundjobservice.service.JobQueue - Job enqueued: jobId=673f9e75-bab8-45d5-8fb2-c00859f6d5d4, type=t, priority=9, queueSize=4
[main] DEBUG com.demo.backgroundjobservice.service.JobQueue - Job enqueued: jobId=389f8285-a7c1-4233-8da0-27895ed8892d, type=t, priority=0, queueSize=5
[main] DEBUG com.demo.backgroundjobservice.service.JobQueue - Job dispatched: jobId=673f9e75-bab8-45d5-8fb2-c00859f6d5d4, type=t, priority=9
[main] DEBUG com.demo.backgroundjobservice.service.JobQueue - Job enqueued: jobId=673f9e75-bab8-45d5-8fb2-c00859f6d5d4, type=t, priority=9, queueSize=5
[main] DEBUG com.demo.backgroundjobservice.service.JobQueue - Job enqueued: jobId=389f8285-a7c1-4233-8da0-27895ed8892d, type=t, priority=0, queueSize=6
[main] DEBUG com.demo.backgroundjobservice.service.JobQueue - Job dispatched: jobId=389f8285-a7c1-4233-8da0-27895ed8892d, type=t, priority=0
[main] DEBUG com.demo.backgroundjobservice.service.JobQueue - Job enqueued: jobId=673f9e75-bab8-45d5-8fb2-c00859f6d5d4, type=t, priority=9, queueSize=2
[main] DEBUG com.demo.backgroundjobservice.service.JobQueue - Job enqueued: jobId=389f8285-a7c1-4233-8da0-27895ed8892d, type=t, priority=0, queueSize=3
[main] DEBUG com.demo.backgroundjobservice.service.JobQueue - Job dispatched: jobId=673f9e75-bab8-45d5-8fb2-c00859f6d5d4, type=t, priority=9
[main] DEBUG com.demo.backgroundjobservice.service.JobQueue - Job enqueued: jobId=673f9e75-bab8-45d5-8fb2-c00859f6d5d4, type=t, priority=9, queueSize=2
[main] DEBUG com.demo.backgroundjobservice.service.JobQueue - Job enqueued: jobId=389f8285-a7c1-4233-8da0-27895ed8892d, type=t, priority=0, queueSize=3
[main] DEBUG com.demo.backgroundjobservice.service.JobQueue - Job dispatched: jobId=673f9e75-bab8-45d5-8fb2-c00859f6d5d4, type=t, priority=9
[main] DEBUG com.demo.backgroundjobservice.service.JobQueue - Job enqueued: jobId=673f9e75-bab8-45d5-8fb2-c00859f6d5d4, type=t, priority=9, queueSize=3
[main] DEBUG com.demo.backgroundjobservice.service.JobQueue - Job enqueued: jobId=389f8285-a7c1-4233-8da0-27895ed8892d, type=t, priority=0, queueSize=4
[main] DEBUG com.demo.backgroundjobservice.service.JobQueue - Job dispatched: jobId=673f9e75-bab8-45d5-8fb2-c00859f6d5d4, type=t, priority=9
[main] DEBUG com.demo.backgroundjobservice.service.JobQueue - Job enqueued: jobId=673f9e75-bab8-45d5-8fb2-c00859f6d5d4, type=t, priority=9, queueSize=4
[main] DEBUG com.demo.backgroundjobservice.service.JobQueue - Job enqueued: jobId=389f8285-a7c1-4233-8da0-27895ed8892d, type=t, priority=0, queueSize=5
[main] DEBUG com.demo.backgroundjobservice.service.JobQueue - Job dispatched: jobId=673f9e75-bab8-45d5-8fb2-c00859f6d5d4, type=t, priority=9
[main] DEBUG com.demo.backgroundjobservice.service.JobQueue - Job enqueued: jobId=673f9e75-bab8-45d5-8fb2-c00859f6d5d4, type=t, priority=9, queueSize=5
[main] DEBUG com.demo.backgroundjobservice.service.JobQueue - Job enqueued: jobId=389f8285-a7c1-4233-8da0-27895ed8892d, type=t, priority=0, queueSize=6
[main] DEBUG com.demo.backgroundjobservice.service.JobQueue - Job dispatched: jobId=673f9e75-bab8-45d5-8fb2-c00859f6d5d4, type=t, priority=9
[main] DEBUG com.demo.backgroundjobservice.service.JobQueue - Job enqueued: jobId=673f9e75-bab8-45d5-8fb2-c00859f6d5d4, type=t, priority=9, queueSize=6
[main] DEBUG com.demo.backgroundjobservice.service.JobQueue - Job enqueued: jobId=389f8285-a7c1-4233-8da0-27895ed8892d, type=t, priority=0, queueSize=7
[main] DEBUG com.demo.backgroundjobservice.service.JobQueue - Job dispatched: jobId=673f9e75-bab8-45d5-8fb2-c00859f6d5d4, type=t, priority=9
[main] DEBUG com.demo.backgroundjobservice.service.JobQueue - Job enqueued: jobId=673f9e75-bab8-45d5-8fb2-c00859f6d5d4, type=t, priority=9, queueSize=7
[main] DEBUG com.demo.backgroundjobservice.service.JobQueue - Job enqueued: jobId=389f8285-a7c1-4233-8da0-27895ed8892d, type=t, priority=0, queueSize=8
[main] DEBUG com.demo.backgroundjobservice.service.JobQueue - Job dispatched: jobId=673f9e75-bab8-45d5-8fb2-c00859f6d5d4, type=t, priority=9
[main] DEBUG com.demo.backgroundjobservice.service.JobQueue - Job enqueued: jobId=673f9e75-bab8-45d5-8fb2-c00859f6d5d4, type=t, priority=9, queueSize=8
[main] DEBUG com.demo.backgroundjobservice.service.JobQueue - Job enqueued: jobId=389f8285-a7c1-4233-8da0-27895ed8892d, type=t, priority=0, queueSize=9
[main] DEBUG com.demo.backgroundjobservice.service.JobQueue - Job dispatched: jobId=673f9e75-bab8-45d5-8fb2-c00859f6d5d4, type=t, priority=9
[main] DEBUG com.demo.backgroundjobservice.service.JobQueue - Job enqueued: jobId=673f9e75-bab8-45d5-8fb2-c00859f6d5d4, type=t, priority=9, queueSize=9
[main] DEBUG com.demo.backgroundjobservice.service.JobQueue - Job enqueued: jobId=389f8285-a7c1-4233-8da0-27895ed8892d, type=t, priority=0, queueSize=10
[main] DEBUG com.demo.backgroundjobservice.service.JobQueue - Job dispatched: jobId=673f9e75-bab8-45d5-8fb2-c00859f6d5d4, type=t, priority=9
[main] DEBUG com.demo.backgroundjobservice.service.JobQueue - Job enqueued: jobId=673f9e75-bab8-45d5-8fb2-c00859f6d5d4, type=t, priority=9, queueSize=10
[main] DEBUG com.demo.backgroundjobservice.service.JobQueue - Job enqueued: jobId=389f8285-a7c1-4233-8da0-27895ed8892d, type=t, priority=0, queueSize=11
[main] DEBUG com.demo.backgroundjobservice.service.JobQueue - Job dispatched: jobId=389f8285-a7c1-4233-8da0-27895ed8892d, type=t, priority=0
[main] DEBUG com.demo.backgroundjobservice.service.JobQueue - Job enqueued: jobId=673f9e75-bab8-45d5-8fb2-c00859f6d5d4, type=t, priority=9, queueSize=2
[main] DEBUG com.demo.backgroundjobservice.service.JobQueue - Job enqueued: jobId=389f8285-a7c1-4233-8da0-27895ed8892d, type=t, priority=0, queueSize=3
[main] DEBUG com.demo.backgroundjobservice.service.JobQueue - Job dispatched: jobId=673f9e75-bab8-45d5-8fb2-c00859f6d5d4, type=t, priority=9
[main] DEBUG com.demo.backgroundjobservice.service.JobQueue - Job enqueued: jobId=673f9e75-bab8-45d5-8fb2-c00859f6d5d4, type=t, priority=9, queueSize=2
[main] DEBUG com.demo.backgroundjobservice.service.JobQueue - Job enqueued: jobId=389f8285-a7c1-4233-8da0-27895ed8892d, type=t, priority=0, queueSize=3
[main] DEBUG com.demo.backgroundjobservice.service.JobQueue - Job dispatched: jobId=673f9e75-bab8-45d5-8fb2-c00859f6d5d4, type=t, priority=9
[main] DEBUG com.demo.backgroundjobservice.service.JobQueue - Job enqueued: jobId=673f9e75-bab8-45d5-8fb2-c00859f6d5d4, type=t, priority=9, queueSize=3
[main] DEBUG com.demo.backgroundjobservice.service.JobQueue - Job enqueued: jobId=389f8285-a7c1-4233-8da0-27895ed8892d, type=t, priority=0, queueSize=4
[main] DEBUG com.demo.backgroundjobservice.service.JobQueue - Job dispatched: jobId=673f9e75-bab8-45d5-8fb2-c00859f6d5d4, type=t, priority=9
[main] DEBUG com.demo.backgroundjobservice.service.JobQueue - Job enqueued: jobId=673f9e75-bab8-45d5-8fb2-c00859f6d5d4, type=t, priority=9, queueSize=4
[main] DEBUG com.demo.backgroundjobservice.service.JobQueue - Job enqueued: jobId=389f8285-a7c1-4233-8da0-27895ed8892d, type=t, priority=0, queueSize=5
[main] DEBUG com.demo.backgroundjobservice.service.JobQueue - Job dispatched: jobId=673f9e75-bab8-45d5-8fb2-c00859f6d5d4, type=t, priority=9
[main] DEBUG com.demo.backgroundjobservice.service.JobQueue - Job enqueued: jobId=673f9e75-bab8-45d5-8fb2-c00859f6d5d4, type=t, priority=9, queueSize=5
[main] DEBUG com.demo.backgroundjobservice.service.JobQueue - Job enqueued: jobId=389f8285-a7c1-4233-8da0-27895ed8892d, type=t, priority=0, queueSize=6
[main] DEBUG com.demo.backgroundjobservice.service.JobQueue - Job dispatched: jobId=673f9e75-bab8-45d5-8fb2-c00859f6d5d4, type=t, priority=9
[main] DEBUG com.demo.backgroundjobservice.service.JobQueue - Job enqueued: jobId=673f9e75-bab8-45d5-8fb2-c00859f6d5d4, type=t, priority=9, queueSize=6
[main] DEBUG com.demo.backgroundjobservice.service.JobQueue - Job enqueued: jobId=389f8285-a7c1-4233-8da0-27895ed8892d, type=t, priority=0, queueSize=7
[main] DEBUG com.demo.backgroundjobservice.service.JobQueue - Job dispatched: jobId=389f8285-a7c1-4233-8da0-27895ed8892d, type=t, priority=0
[main] DEBUG com.demo.backgroundjobservice.service.JobQueue - Job enqueued: jobId=673f9e75-bab8-45d5-8fb2-c00859f6d5d4, type=t, priority=9, queueSize=2
[main] DEBUG com.demo.backgroundjobservice.service.JobQueue - Job enqueued: jobId=389f8285-a7c1-4233-8da0-27895ed8892d, type=t, priority=0, queueSize=3
[main] DEBUG com.demo.backgroundjobservice.service.JobQueue - Job dispatched: jobId=673f9e75-bab8-45d5-8fb2-c00859f6d5d4, type=t, priority=9
[main] DEBUG com.demo.backgroundjobservice.service.JobQueue - Job enqueued: jobId=673f9e75-bab8-45d5-8fb2-c00859f6d5d4, type=t, priority=9, queueSize=2
[main] DEBUG com.demo.backgroundjobservice.service.JobQueue - Job enqueued: jobId=389f8285-a7c1-4233-8da0-27895ed8892d, type=t, priority=0, queueSize=3
[main] DEBUG com.demo.backgroundjobservice.service.JobQueue - Job dispatched: jobId=673f9e75-bab8-45d5-8fb2-c00859f6d5d4, type=t, priority=9
[main] DEBUG com.demo.backgroundjobservice.service.JobQueue - Job enqueued: jobId=673f9e75-bab8-45d5-8fb2-c00859f6d5d4, type=t, priority=9, queueSize=3
[main] DEBUG com.demo.backgroundjobservice.service.JobQueue - Job enqueued: jobId=389f8285-a7c1-4233-8da0-27895ed8892d, type=t, priority=0, queueSize=4
[main] DEBUG com.demo.backgroundjobservice.service.JobQueue - Job dispatched: jobId=389f8285-a7c1-4233-8da0-27895ed8892d, type=t, priority=0
[main] DEBUG com.demo.backgroundjobservice.service.JobQueue - Job enqueued: jobId=673f9e75-bab8-45d5-8fb2-c00859f6d5d4, type=t, priority=9, queueSize=2
[main] DEBUG com.demo.backgroundjobservice.service.JobQueue - Job enqueued: jobId=389f8285-a7c1-4233-8da0-27895ed8892d, type=t, priority=0, queueSize=3
[main] DEBUG com.demo.backgroundjobservice.service.JobQueue - Job dispatched: jobId=673f9e75-bab8-45d5-8fb2-c00859f6d5d4, type=t, priority=9
[main] DEBUG com.demo.backgroundjobservice.service.JobQueue - Job enqueued: jobId=673f9e75-bab8-45d5-8fb2-c00859f6d5d4, type=t, priority=9, queueSize=2
[main] DEBUG com.demo.backgroundjobservice.service.JobQueue - Job enqueued: jobId=389f8285-a7c1-4233-8da0-27895ed8892d, type=t, priority=0, queueSize=3
[main] DEBUG com.demo.backgroundjobservice.service.JobQueue - Job dispatched: jobId=389f8285-a7c1-4233-8da0-27895ed8892d, type=t, priority=0
[main] DEBUG com.demo.backgroundjobservice.service.JobQueue - Job enqueued: jobId=673f9e75-bab8-45d5-8fb2-c00859f6d5d4, type=t, priority=9, queueSize=2
[main] DEBUG com.demo.backgroundjobservice.service.JobQueue - Job enqueued: jobId=389f8285-a7c1-4233-8da0-27895ed8892d, type=t, priority=0, queueSize=3
[main] DEBUG com.demo.backgroundjobservice.service.JobQueue - Job dispatched: jobId=673f9e75-bab8-45d5-8fb2-c00859f6d5d4, type=t, priority=9
[main] DEBUG com.demo.backgroundjobservice.service.JobQueue - Job enqueued: jobId=673f9e75-bab8-45d5-8fb2-c00859f6d5d4, type=t, priority=9, queueSize=2
[main] DEBUG com.demo.backgroundjobservice.service.JobQueue - Job enqueued: jobId=389f8285-a7c1-4233-8da0-27895ed8892d, type=t, priority=0, queueSize=3
[main] DEBUG com.demo.backgroundjobservice.service.JobQueue - Job dispatched: jobId=673f9e75-bab8-45d5-8fb2-c00859f6d5d4, type=t, priority=9
[main] DEBUG com.demo.backgroundjobservice.service.JobQueue - Job enqueued: jobId=673f9e75-bab8-45d5-8fb2-c00859f6d5d4, type=t, priority=9, queueSize=3
[main] DEBUG com.demo.backgroundjobservice.service.JobQueue - Job enqueued: jobId=389f8285-a7c1-4233-8da0-27895ed8892d, type=t, priority=0, queueSize=4
[main] DEBUG com.demo.backgroundjobservice.service.JobQueue - Job dispatched: jobId=389f8285-a7c1-4233-8da0-27895ed8892d, type=t, priority=0
[main] DEBUG com.demo.backgroundjobservice.service.JobQueue - Job enqueued: jobId=673f9e75-bab8-45d5-8fb2-c00859f6d5d4, type=t, priority=9, queueSize=2
[main] DEBUG com.demo.backgroundjobservice.service.JobQueue - Job enqueued: jobId=389f8285-a7c1-4233-8da0-27895ed8892d, type=t, priority=0, queueSize=3
[main] DEBUG com.demo.backgroundjobservice.service.JobQueue - Job dispatched: jobId=673f9e75-bab8-45d5-8fb2-c00859f6d5d4, type=t, priority=9
[main] DEBUG com.demo.backgroundjobservice.service.JobQueue - Job enqueued: jobId=673f9e75-bab8-45d5-8fb2-c00859f6d5d4, type=t, priority=9, queueSize=2
[main] DEBUG com.demo.backgroundjobservice.service.JobQueue - Job enqueued: jobId=389f8285-a7c1-4233-8da0-27895ed8892d, type=t, priority=0, queueSize=3
[main] DEBUG com.demo.backgroundjobservice.service.JobQueue - Job dispatched: jobId=673f9e75-bab8-45d5-8fb2-c00859f6d5d4, type=t, priority=9
[main] DEBUG com.demo.backgroundjobservice.service.JobQueue - Job enqueued: jobId=673f9e75-bab8-45d5-8fb2-c00859f6d5d4, type=t, priority=9, queueSize=3
[main] DEBUG com.demo.backgroundjobservice.service.JobQueue - Job enqueued: jobId=389f8285-a7c1-4233-8da0-27895ed8892d, type=t, priority=0, queueSize=4
[main] DEBUG com.demo.backgroundjobservice.service.JobQueue - Job dispatched: jobId=673f9e75-bab8-45d5-8fb2-c00859f6d5d4, type=t, priority=9
[main] DEBUG com.demo.backgroundjobservice.service.JobQueue - Job enqueued: jobId=673f9e75-bab8-45d5-8fb2-c00859f6d5d4, type=t, priority=9, queueSize=4
[main] DEBUG com.demo.backgroundjobservice.service.JobQueue - Job enqueued: jobId=389f8285-a7c1-4233-8da0-27895ed8892d, type=t, priority=0, queueSize=5
[main] DEBUG com.demo.backgroundjobservice.service.JobQueue - Job dispatched: jobId=673f9e75-bab8-45d5-8fb2-c00859f6d5d4, type=t, priority=9
[main] DEBUG com.demo.backgroundjobservice.service.JobQueue - Job enqueued: jobId=673f9e75-bab8-45d5-8fb2-c00859f6d5d4, type=t, priority=9, queueSize=5
[main] DEBUG com.demo.backgroundjobservice.service.JobQueue - Job enqueued: jobId=389f8285-a7c1-4233-8da0-27895ed8892d, type=t, priority=0, queueSize=6
[main] DEBUG com.demo.backgroundjobservice.service.JobQueue - Job dispatched: jobId=389f8285-a7c1-4233-8da0-27895ed8892d, type=t, priority=0
[main] DEBUG com.demo.backgroundjobservice.service.JobQueue - Job enqueued: jobId=673f9e75-bab8-45d5-8fb2-c00859f6d5d4, type=t, priority=9, queueSize=2
[main] DEBUG com.demo.backgroundjobservice.service.JobQueue - Job enqueued: jobId=389f8285-a7c1-4233-8da0-27895ed8892d, type=t, priority=0, queueSize=3
[main] DEBUG com.demo.backgroundjobservice.service.JobQueue - Job dispatched: jobId=673f9e75-bab8-45d5-8fb2-c00859f6d5d4, type=t, priority=9
[main] DEBUG com.demo.backgroundjobservice.service.JobQueue - Job enqueued: jobId=673f9e75-bab8-45d5-8fb2-c00859f6d5d4, type=t, priority=9, queueSize=2
[main] DEBUG com.demo.backgroundjobservice.service.JobQueue - Job enqueued: jobId=389f8285-a7c1-4233-8da0-27895ed8892d, type=t, priority=0, queueSize=3
[main] DEBUG com.demo.backgroundjobservice.service.JobQueue - Job dispatched: jobId=673f9e75-bab8-45d5-8fb2-c00859f6d5d4, type=t, priority=9
]]></system-err>
  </testcase>
  <testcase name="store_dlq_addAndList" classname="com.demo.backgroundjobservice.ModelsAndStoreTest" time="0.001">
    <system-err><![CDATA[[main] INFO com.demo.backgroundjobservice.service.InMemoryJobStore - Job saved: jobId=96796c4e-d9fb-4af9-ac3b-45a73dc00086, type=t, priority=5
[main] WARN com.demo.backgroundjobservice.service.InMemoryJobStore - Job moved to DLQ: jobId=96796c4e-d9fb-4af9-ac3b-45a73dc00086, type=t, reason=MAX_RETRIES_EXHAUSTED, attempts=0
]]></system-err>
  </testcase>
</testsuite>