<?xml version="1.0" encoding="UTF-8"?>
<testsuite xmlns:xsi="http://www.w3.org/2001/XMLSchema-instance" xsi:noNamespaceSchemaLocation="https://maven.apache.org/surefire/maven-surefire-plugin/xsd/surefire-test-report-3.0.xsd" version="3.0" name="com.demo.backgroundjobservice.ModelsAndStoreTest" time="0.022" tests="18" errors="0" skipped="0" failures="0">
  <properties>
[...]
</properties>
  <testcase name="queue_poll_skipsUnhandledTypes" classname="com.demo.backgroundjobservice.ModelsAndStoreTest" time="0.001">
    <system-err><![CDATA[[main] DEBUG com.demo.backgroundjobservice.service.JobQueue - Job enqueued: jobId=dda85d50-658b-4cfe-b786-93fe881aabbc, type=resize_image, priority=5, queueSize=1
[main] DEBUG com.demo.backgroundjobservice.service.JobQueue - No eligible jobs for handledTypes=[send_email]
]]></system-err>
  </testcase>
  <testcase name="jobStatus_validTransitions_succeed" classname="com.demo.backgroundjobservice.ModelsAndStoreTest" time="0.001"/>
  <testcase name="store_saveAndGet_roundtrip" classname="com.demo.backgroundjobservice.ModelsAndStoreTest" time="0.0">
    <system-err><![CDATA[[main] INFO com.demo.backgroundjobservice.service.InMemoryJobStore - Job saved: jobId=9cb68153-ed0f-4f26-b7d4-fdb248dea0be, type=send_email, priority=5
[main] DEBUG com.demo.backgroundjobservice.service.InMemoryJobStore - Job fetched: jobId=9cb68153-ed0f-4f26-b7d4-fdb248dea0be, status=PENDING
]]></system-err>
  </testcase>
  <testcase name="store_getUnknownId_throws" classname="com.demo.backgroundjobservice.ModelsAndStoreTest" time="0.001"/>
  <testcase name="jobSpec_blankType_throws" classname="com.demo.backgroundjobservice.ModelsAndStoreTest" time="0.0"/>
  <testcase name="store_duplicateSave_throws" classname="com.demo.backgroundjobservice.ModelsAndStoreTest" time="0.001">
    <system-err><![CDATA[[main] INFO com.demo.backgroundjobservice.service.InMemoryJobStore - Job saved: jobId=c645d25a-da23-456e-a8b3-e49f0d03e8bc, type=send_email, priority=5
]]></system-err>
  </testcase>
  <testcase name="jobSpec_defaults_correct" classname="com.demo.backgroundjobservice.ModelsAndStoreTest" time="0.0"/>
  <testcase name="queue_enqueueAndPoll_returnsJob" classname="com.demo.backgroundjobservice.ModelsAndStoreTest" time="0.001">
    <system-err><![CDATA[[main] DEBUG com.demo.backgroundjobservice.service.JobQueue - Job enqueued: jobId=5fb71bc1-da27-45f2-94db-b99f9feff46e, type=t, priority=5, queueSize=1
[main] DEBUG com.demo.backgroundjobservice.service.JobQueue - Job dispatched: jobId=5fb71bc1-da27-45f2-94db-b99f9feff46e, type=t, priority=5
]]></system-err>
  </testcase>
  <testcase name="workerStats_markBusyAndIdle" classname="com.demo.backgroundjobservice.ModelsAndStoreTest" time="0.0"/>
  <testcase name="jobStatus_invalidTransitions_throw" classname="com.demo.backgroundjobservice.ModelsAndStoreTest" time="0.002"/>
  <testcase name="jobSpec_priorityOutOfRange_throws" classname="com.demo.backgroundjobservice.ModelsAndStoreTest" time="0.0"/>
  <testcase name="workerStats_counters_threadSafe" classname="com.demo.backgroundjobservice.ModelsAndStoreTest" time="0.0"/>
  <testcase name="jobSpec_negativeMaxRetries_throws" classname="com.demo.backgroundjobservice.ModelsAndStoreTest" time="0.0"/>
  <testcase name="store_getByStatus_filtersCorrectly" classname="com.demo.backgroundjobservice.ModelsAndStoreTest" time="0.001">
    <system-err><![CDATA[[main] INFO com.demo.backgroundjobservice.service.InMemoryJobStore - Job saved: jobId=f2bc7ae0-3030-4994-beb2-456141e98b8f, type=a, priority=5
[main] INFO com.demo.backgroundjobservice.service.InMemoryJobStore - Job saved: jobId=2e4e8d7f-4b64-415a-86a2-19abc556c33e, type=b, priority=5
]]></system-err>
  </testcase>
  <testcase name="queue_poll_skipsExcludedTypes" classname="com.demo.backgroundjobservice.ModelsAndStoreTest" time="0.0">
    <system-err><![CDATA[[main] DEBUG com.demo.backgroundjobservice.service.JobQueue - Job enqueued: jobId=fc4e95c7-8d67-46a4-a1c7-62794202ccb5, type=exclusive_type, priority=5, queueSize=1
[main] DEBUG com.demo.backgroundjobservice.service.JobQueue - No eligible jobs for handledTypes=[exclusive_type]
]]></system-err>
  </testcase>
  <testcase name="queue_emptyPoll_returnsNull" classname="com.demo.backgroundjobservice.ModelsAndStoreTest" time="0.001">
    <system-err><![CDATA[[main] DEBUG com.demo.backgroundjobservice.service.JobQueue - No eligible jobs for handledTypes=[t]
]]></system-err>
  </testcase>
  <testcase name="queue_weightedDispatch_highPriorityFavored" classname="com.demo.backgroundjobservice.ModelsAndStoreTest" time="0.008">
    <system-err><![CDATA[[main] DEBUG com.demo.backgroundjobservice.service.JobQueue - Job enqueued: jobId=8e6d628f-f99a-4c93-90f2-2be2a61d0a1f, type=t, priority=9, queueSize=1
[main] DEBUG com.demo.backgroundjobservice.service.JobQueue - Job enqueued: jobId=259773e4-9153-4ae3-adac-463293b9ea78, type=t, priority=0, queueSize=2
[main] DEBUG com.demo.backgroundjobservice.service.JobQueue - Job dispatched: jobId=8e6d628f-f99a-4c93-90f2-2be2a61d0a1f, type=t, priority=9
[main] DEBUG com.demo.backgroundjobservice.service.JobQueue - Job enqueued: jobId=8e6d628f-f99a-4c93-90f2-2be2a61d0a1f, type=t, priority=9, queueSize=2
[main] DEBUG com.demo.backgroundjobservice.service.JobQueue - Job enqueued: jobId=259773e4-9153-4ae3-adac-463293b9ea78, type=t, priority=0, queueSize=3
[main] DEBUG com.demo.backgroundjobservice.service.JobQueue - Job dispatched: jobId=8e6d628f-f99a-4c93-90f2-2be2a61d0a1f, type=t, priority=9
[main] DEBUG com.demo.backgroundjobservice.service.JobQueue - Job enqueued: jobId=8e6d628f-f99a-4c93-90f2-2be2a61d0a1f, type=t, priority=9, queueSize=3
[main] DEBUG com.demo.backgroundjobservice.service.JobQueue - Job enqueued: jobId=259773e4-9153-4ae3-adac-463293b9ea78, type=t, priority=0, queueSize=4
[main] DEBUG com.demo.backgroundjobservice.service.JobQueue - Job dispatched: jobId=259773e4-9153-4ae3-adac-463293b9ea78, type=t, priority=0
[main] DEBUG com.demo.backgroundjobservice.service.JobQueue - Job enqueued: jobId=8e6d628f-f99a-4c93-90f2-2be2a61d0a1f, type=t, priority=9, queueSize=2
[main] DEBUG com.demo.backgroundjobservice.service.JobQueue - Job enqueued: jobId=259773e4-9153-4ae3-adac-463293b9ea78, type=t, priority=0, queueSize=3
[main] DEBUG com.demo.backgroundjobservice.service.JobQueue - Job dispatched: jobId=8e6d628f-f99a-4c93-90f2-2be2a61d0a1f, type=t, priority=9
[main] DEBUG com.demo.backgroundjobservice.service.JobQueue - Job enqueued: jobId=8e6d628f-f99a-4c93-90f2-2be2a61d0a1f, type=t, priority=9, queueSize=2
[main] DEBUG com.demo.backgroundjobservice.service.JobQueue - Job enqueued: jobId=259773e4-9153-4ae3-adac-463293b9ea78, type=t, priority=0, queueSize=3
[main] DEBUG com.demo.backgroundjobservice.service.JobQueue - Job dispatched: jobId=8e6d628f-f99a-4c93-90f2-2be2a61d0a1f, type=t, priority=9
[main] DEBUG com.demo.backgroundjobservice.service.JobQueue - Job enqueued: jobId=8e6d628f-f99a-4c93-90f2-2be2a61d0a1f, type=t, priority=9, queueSize=3
[main] DEBUG com.demo.backgroundjobservice.service.JobQueue - Job enqueued: jobId=259773e4-9153-4ae3-adac-463293b9ea78, type=t, priority=0, queueSize=4
[main] DEBUG com.demo.backgroundjobservice.service.JobQueue - Job dispatched: jobId=8e6d628f-f99a-4c93-90f2-2be2a61d0a1f, type=t, priority=9
[main] DEBUG com.demo.backgroundjobservice.service.JobQueue - Job enqueued: jobId=8e6d628f-f99a-4c93-90f2-2be2a61d0a1f, type=t, priority=9, queueSize=4
[main] DEBUG com.demo.backgroundjobservice.service.JobQueue - Job enqueued: jobId=259773e4-9153-4ae3-adac-463293b9ea78, type=t, priority=0, queueSize=5
[main] DEBUG com.demo.backgroundjobservice.service.JobQueue - Job dispatched: jobId=8e6d628f-f99a-4c93-90f2-2be2a61d0a1f, type=t, priority=9
[main] DEBUG com.demo.backgroundjobservice.service.JobQueue - Job enqueued: jobId=8e6d628f-f99a-4c93-90f2-2be2a61d0a1f, type=t, priority=9, queueSize=5
[main] DEBUG com.demo.backgroundjobservice.service.JobQueue - Job enqueued: jobId=259773e4-9153-4ae3-adac-463293b9ea78, type=t, priority=0, queueSize=6
[main] DEBUG com.demo.backgroundjobservice.service.JobQueue - Job dispatched: jobId=259773e4-9153-4ae3-adac-463293b9ea78, type=t, priority=0
[main] DEBUG com.demo.backgroundjobservice.service.JobQueue - Job enqueued: jobId=8e6d628f-f99a-4c93-90f2-2be2a61d0a1f, type=t, priority=9, queueSize=2
[main] DEBUG com.demo.backgroundjobservice.service.JobQueue - Job enqueued: jobId=259773e4-9153-4ae3-adac-463293b9ea78, type=t, priority=0, queueSize=3
[main] DEBUG com.demo.backgroundjobservice.service.JobQueue - Job dispatched: jobId=8e6d628f-f99a-4c93-90f2-2be2a61d0a1f, type=t, priority=9
[main] DEBUG com.demo.backgroundjobservice.service.JobQueue - Job enqueued: jobId=8e6d628f-f99a-4c93-90f2-2be2a61d0a1f, type=t, priority=9, queueSize=2
[main] DEBUG com.demo.backgroundjobservice.service.JobQueue - Job enqueued: jobId=259773e4-9153-4ae3-adac-463293b9ea78, type=t, priority=0, queueSize=3
[main] DEBUG com.demo.backgroundjobservice.service.JobQueue - Job dispatched: jobId=8e6d628f-f99a-4c93-90f2-2be2a61d0a1f, type=t, priority=9
[main] DEBUG com.demo.backgroundjobservice.service.JobQueue - Job enqueued: jobId=8e6d628f-f99a-4c93-90f2-2be2a61d0a1f, type=t, priority=9, queueSize=3
[main] DEBUG com.demo.backgroundjobservice.service.JobQueue - Job enqueued: jobId=259773e4-9153-4ae3-adac-463293b9ea78, type=t, priority=0, queueSize=4
[main] DEBUG com.demo.backgroundjobservice.service.JobQueue - Job dispatched: jobId=8e6d628f-f99a-4c93-90f2-2be2a61d0a1f, type=t, priority=9
[main] DEBUG com.demo.backgroundjobservice.service.JobQueue - Job enqueued: jobId=8e6d628f-f99a-4c93-90f2-2be2a61d0a1f, type=t, priority=9, queueSize=4
[main] DEBUG com.demo.backgroundjobservice.service.JobQueue - Job enqueued: jobId=259773e4-9153-4ae3-adac-463293b9ea78, type=t, priority=0, queueSize=5
[main] DEBUG com.demo.backgroundjobservice.service.JobQueue - Job dispatched: jobId=8e6d628f-f99a-4c93-90f2-2be2a61d0a1f, type=t, priority=9
[main] DEBUG com.demo.backgroundjobservice.service.JobQueue - Job enqueued: jobId=8e6d628f-f99a-4c93-90f2-2be2a61d0a1f, type=t, priority=9, queueSize=5
[main] DEBUG com.demo.backgroundjobservice.service.JobQueue - Job enqueued: jobId=259773e4-9153-4ae3-adac-463293b9ea78, type=t, priority=0, queueSize=6
[main] DEBUG com.demo.backgroundjobservice.service.JobQueue - Job dispatched: jobId=8e6d628f-f99a-4c93-90f2-2be2a61d0a1f, type=t, priority=9
[main] DEBUG com.demo.backgroundjobservice.service.JobQueue - Job enqueued: jobId=8e6d628f-f99a-4c93-90f2-2be2a61d0a1f, type=t, priority=9, queueSize=6
[main] DEBUG com.demo.backgroundjobservice.service.JobQueue - Job enqueued: jobId=259773e4-9153-4ae3-adac-463293b9ea78, type=t, priority=0, queueSize=7
[main] DEBUG com.demo.backgroundjobservice.service.JobQueue - Job dispatched: jobId=259773e4-9153-4ae3-adac-463293b9ea78, type=t, priority=0
[main] DEBUG com.demo.backgroundjobservice.service.JobQueue - Job enqueued: jobId=8e6d628f-f99a-4c93-90f2-2be2a61d0a1f, type=t, priority=9, queueSize=2
[main] DEBUG com.demo.backgroundjobservice.service.JobQueue - Job enqueued: jobId=259773e4-9153-4ae3-adac-463293b9ea78, type=t, priority=0, queueSize=3
[main] DEBUG com.demo.backgroundjobservice.service.JobQueue - Job dispatched: jobId=8e6d628f-f99a-4c93-90f2-2be2a61d0a1f, type=t, priority=9
[main] DEBUG com.demo.backgroundjobservice.service.JobQueue - Job enqueued: jobId=8e6d628f-f99a-4c93-90f2-2be2a61d0a1f, type=t, priority=9, queueSize=2
[main] DEBUG com.demo.backgroundjobservice.service.JobQueue - Job enqueued: jobId=259773e4-9153-4ae3-adac-463293b9ea78, type=t, priority=0, queueSize=3
[main] DEBUG com.demo.backgroundjobservice.service.JobQueue - Job dispatched: jobId=259773e4-9153-4ae3-adac-463293b9ea78, type=t, priority=0
[main] DEBUG com.demo.backgroundjobservice.service.JobQueue - Job enqueued: jobId=8e6d628f-f99a-4c93-90f2-2be2a61d0a1f, type=t, priority=9, queueSize=2
[main] DEBUG com.demo.backgroundjobservice.service.JobQueue - Job enqueued: jobId=259773e4-9153-4ae3-adac-463293b9ea78, type=t, priority=0, queueSize=3
[main] DEBUG com.demo.backgroundjobservice.service.JobQueue - Job dispatched: jobId=8e6d628f-f99a-4c93-90f2-2be2a61d0a1f, type=t, priority=9
[main] DEBUG com.demo.backgroundjobservice.service.JobQueue - Job enqueued: jobId=8e6d628f-f99a-4c93-90f2-2be2a61d0a1f, type=t, priority=9, queueSize=2
[main] DEBUG com.demo.backgroundjobservice.service.JobQueue - Job enqueued: jobId=259773e4-9153-4ae3-adac-463293b9ea78, type=t, priority=0, queueSize=3
[main] DEBUG com.demo.backgroundjobservice.service.JobQueue - Job dispatched: jobId=8e6d628f-f99a-4c93-90f2-2be2a61d0a1f, type=t, priority=9
[main] DEBUG com.demo.backgroundjobservice.service.JobQueue - Job enqueued: jobId=8e6d628f-f99a-4c93-90f2-2be2a61d0a1f, type=t, priority=9, queueSize=3
[main] DEBUG com.demo.backgroundjobservice.service.JobQueue - Job enqueued: jobId=259773e4-9153-4ae3-adac-463293b9ea78, type=t, priority=0, queueSize=4
[main] DEBUG com.demo.backgroundjobservice.service.JobQueue - Job dispatched: jobId=8e6d628f-f99a-4c93-90f2-2be2a61d0a1f, type=t, priority=9
[main] DEBUG com.demo.backgroundjobservice.service.JobQueue - Job enqueued: jobId=8e6d628f-f99a-4c93-90f2-2be2a61d0a1f, type=t, priority=9, queueSize=4
[main] DEBUG com.demo.backgroundjobservice.service.JobQueue - Job enqueued: jobId=259773e4-9153-4ae3-adac-463293b9ea78, type=t, priority=0, queueSize=5
[main] DEBUG com.demo.backgroundjobservice.service.JobQueue - Job dispatched: jobId=8e6d628f-f99a-4c93-90f2-2be2a61d0a1f, type=t, priority=9
[main] DEBUG com.demo.backgroundjobservice.service.JobQueue - Job enqueued: jobId=8e6d628f-f99a-4c93-90f2-2be2a61d0a1f, type=t, priority=9, queueSize=5
[main] DEBUG com.demo.backgroundjobservice.service.JobQueue - Job enqueued: jobId=259773e4-9153-4ae3-adac-463293b9ea78, type=t, priority=0, queueSize=6
[main] DEBUG com.demo.backgroundjobservice.service.JobQueue - Job dispatched: jobId=8e6d628f-f99a-4c93-90f2-2be2a61d0a1f, type=t, priority=9
[main] DEBUG com.demo.backgroundjobservice.service.JobQueue - Job enqueued: jobId=8e6d628f-f99a-4c93-90f2-2be2a61d0a1f, type=t, priority=9, queueSize=6
[main] DEBUG com.demo.backgroundjobservice.service.JobQueue - Job enqueued: jobId=259773e4-9153-4ae3-adac-463293b9ea78, type=t, priority=0, queueSize=7
[main] DEBUG com.demo.backgroundjobservice.service.JobQueue - Job dispatched: jobId=8e6d628f-f99a-4c93-90f2-2be2a61d0a1f, type=t, priority=9
[main] DEBUG com.demo.backgroundjobservice.service.JobQueue - Job enqueued: jobId=8e6d628f-f99a-4c93-90f2-2be2a61d0a1f, type=t, priority=9, queueSize=7
[main] DEBUG com.demo.backgroundjobservice.service.JobQueue - Job enqueued: jobId=259773e4-9153-4ae3-adac-463293b9ea78, type=t, priority=0, queueSize=8
[main] DEBUG com.demo.backgroundjobservice.service.JobQueue - Job dispatched: jobId=8e6d628f-f99a-4c93-90f2-2be2a61d0a1f, type=t, priority=9
[main] DEBUG com.demo.backgroundjobservice.service.JobQueue - Job enqueued: jobId=8e6d628f-f99a-4c93-90f2-2be2a61d0a1f, type=t, priority=9, queueSize=8
[main] DEBUG com.demo.backgroundjobservice.service.JobQueue - Job enqueued: jobId=259773e4-9153-4ae3-adac-463293b9ea78, type=t, priority=0, queueSize=9
[main] DEBUG com.demo.backgroundjobservice.service.JobQueue - Job dispatched: jobId=259773e4-9153-4ae3-adac-463293b9ea78, type=t, priority=0
[main] DEBUG com.demo.backgroundjobservice.service.JobQueue - Job enqueued: jobId=8e6d628f-f99a-4c93-90f2-2be2a61d0a1f, type=t, priority=9, queueSize=2
[main] DEBUG com.demo.backgroundjobservice.service.JobQueue - Job enqueued: jobId=259773e4-9153-4ae3-adac-463293b9ea78, type=t, priority=0, queueSize=3
[main] DEBUG com.demo.backgroundjobservice.service.JobQueue - Job dispatched: jobId=8e6d628f-f99a-4c93-90f2-2be2a61d0a1f, type=t, priority=9
[main] DEBUG com.demo.backgroundjobservice.service.JobQueue - Job enqueued: jobId=8e6d628f-f99a-4c93-90f2-2be2a61d0a1f, type=t, priority=9, queueSize=2
[main] DEBUG com.demo.backgroundjobservice.service.JobQueue - Job enqueued: jobId=259773e4-9153-4ae3-adac-463293b9ea78, type=t, priority=0, queueSize=3
[main] DEBUG com.demo.backgroundjobservice.service.JobQueue - Job dispatched: jobId=8e6d628f-f99a-4c93-90f2-2be2a61d0a1f, type=t, priority=9
[main] DEBUG com.demo.backgroundjobservice.service.JobQueue - Job enqueued: jobId=8e6d628f-f99a-4c93-90f2-2be2a61d0a1f, type=t, priority=9, queueSize=3
[main] DEBUG com.demo.backgroundjobservice.service.JobQueue - Job enqueued: jobId=259773e4-9153-4ae3-adac-463293b9ea78, type=t, priority=0, queueSize=4
[main] DEBUG com.demo.backgroundjobservice.service.JobQueue - Job dispatched: jobId=8e6d628f-f99a-4c93-90f2-2be2a61d0a1f, type=t, priority=9
[main] DEBUG com.demo.backgroundjobservice.service.JobQueue - Job enqueued: jobId=8e6d628f-f99a-4c93-90f2-2be2a61d0a1f, type=t, priority=9, queueSize=4
[main] DEBUG com.demo.backgroundjobservice.service.JobQueue - Job enqueued: jobId=259773e4-9153-4ae3-adac-463293b9ea78, type=t, priority=0, queueSize=5
[main] DEBUG com.demo.backgroundjobservice.service.JobQueue - Job dispatched: jobId=8e6d628f-f99a-4c93-90f2-2be2a61d0a1f, type=t, priority=9
[main] DEBUG com.demo.backgroundjobservice.service.JobQueue - Job enqueued: jobId=8e6d628f-f99a-4c93-90f2-2be2a61d0a1f, type=t, priority=9, queueSize=5
[main] DEBUG com.demo.backgroundjobservice.service.JobQueue - Job enqueued: jobId=259773e4-9153-4ae3-adac-463293b9ea78, type=t, priority=0, queueSize=6
[main] DEBUG com.demo.backgroundjobservice.service.JobQueue - Job dispatched: jobId=8e6d628f-f99a-4c93-90f2-2be2a61d0a1f, type=t, priority=9
[main] DEBUG com.demo.backgroundjobservice.service.JobQueue - Job enqueued: jobId=8e6d628f-f99a-4c93-90f2-2be2a61d0a1f, type=t, priority=9, queueSize=6
[main] DEBUG com.demo.backgroundjobservice.service.JobQueue - Job enqueued: jobId=259773e4-9153-4ae3-adac-463293b9ea78, type=t, priority=0, queueSize=7
[main] DEBUG com.demo.backgroundjobservice.service.JobQueue - Job dispatched: jobId=259773e4-9153-4ae3-adac-463293b9ea78, type=t, priority=0
[main] DEBUG com.demo.backgroundjobservice.service.JobQueue - Job enqueued: jobId=8e6d628f-f99a-4c93-90f2-2be2a61d0a1f, type=t, priority=9, queueSize=2
[main] DEBUG com.demo.backgroundjobservice.service.JobQueue - Job enqueued: jobId=259773e4-9153-4ae3-adac-463293b9ea78, type=t, priority=0, queueSize=3
[main] DEBUG com.demo.backgroundjobservice.service.JobQueue - Job dispatched: jobId=8e6d628f-f99a-4c93-90f2-2be2a61d0a1f, type=t, priority=9
[main] DEBUG com.demo.backgroundjobservice.service.JobQueue - Job enqueued: jobId=8e6d628f-f99a-4c93-90f2-2be2a61d0a1f, type=t, priority=9, queueSize=2
[main] DEBUG com.demo.backgroundjobservice.service.JobQueue - Job enqueued: jobId=259773e4-9153-4ae3-adac-463293b9ea78, type=t, priority=0, queueSize=3
[main] DEBUG com.demo.backgroundjobservice.service.JobQueue - Job dispatched: jobId=8e6d628f-f99a-4c93-90f2-2be2a61d0a1f, type=t, priority=9
[main] DEBUG com.demo.backgroundjobservice.service.JobQueue - Job enqueued: jobId=8e6d628f-f99a-4c93-90f2-2be2a61d0a1f, type=t, priority=9, queueSize=3
[main] DEBUG com.demo.backgroundjobservice.service.JobQueue - Job enqueued: jobId=259773e4-9153-4ae3-adac-463293b9ea78, type=t, priority=0, queueSize=4
[main] DEBUG com.demo.backgroundjobservice.service.JobQueue - Job dispatched: jobId=259773e4-9153-4ae3-adac-463293b9ea78, type=t, priority=0
[main] DEBUG com.demo.backgroundjobservice.service.JobQueue - Job enqueued: jobId=8e6d628f-f99a-4c93-90f2-2be2a61d0a1f, type=t, priority=9, queueSize=2
[main] DEBUG com.demo.backgroundjobservice.service.JobQueue - Job enqueued: jobId=259773e4-9153-4ae3-adac-463293b9ea78, type=t, priority=0, queueSize=3
[main] DEBUG com.demo.backgroundjobservice.service.JobQueue - Job dispatched: jobId=8e6d628f-f99a-4c93-90f2-2be2a61d0a1f, type=t, priority=9
[main] DEBUG com.demo.backgroundjobservice.service.JobQueue - Job enqueued: jobId=8e6d628f-f99a-4c93-90f2-2be2a61d0a1f, type=t, priority=9, queueSize=2
[main] DEBUG com.demo.backgroundjobservice.service.JobQueue - Job enqueued: jobId=259773e4-9153-4ae3-adac-463293b9ea78, type=t, priority=0, queueSize=3
[main] DEBUG com.demo.backgroundjobservice.service.JobQueue - Job dispatched: jobId=259773e4-9153-4ae3-adac-463293b9ea78, type=t, priority=0
[main] DEBUG com.demo.backgroundjobservice.service.JobQueue - Job enqueued: jobId=8e6d628f-f99a-4c93-90f2-2be2a61d0a1f, type=t, priority=9, queueSize=2
[main] DEBUG com.demo.backgroundjobservice.service.JobQueue - Job enqueued: jobId=259773e4-9153-4ae3-adac-463293b9ea78, type=t, priority=0, queueSize=3
[main] DEBUG com.demo.backgroundjobservice.service.JobQueue - Job dispatched: jobId=8e6d628f-f99a-4c93-90f2-2be2a61d0a1f, type=t, priority=9
[main] DEBUG com.demo.backgroundjobservice.service.JobQueue - Job enqueued: jobId=8e6d628f-f99a-4c93-90f2-2be2a61d0a1f, type=t, priority=9, queueSize=2
[main] DEBUG com.demo.backgroundjobservice.service.JobQueue - Job enqueued: jobId=259773e4-9153-4ae3-adac-463293b9ea78, type=t, priority=0, queueSize=3
[main] DEBUG com.demo.backgroundjobservice.service.JobQueue - Job dispatched: jobId=8e6d628f-f99a-4c93-90f2-2be2a61d0a1f, type=t, priority=9
[main] DEBUG com.demo.backgroundjobservice.service.JobQueue - Job enqueued: jobId=8e6d628f-f99a-4c93-90f2-2be2a61d0a1f, type=t, priority=9, queueSize=3
[main] DEBUG com.demo.backgroundjobservice.service.JobQueue - Job enqueued: jobId=259773e4-9153-4ae3-adac-463293b9ea78, type=t, priority=0, queueSize=4
[main] DEBUG com.demo.backgroundjobservice.service.JobQueue - Job dispatched: jobId=8e6d628f-f99a-4c93-90f2-2be2a61d0a1f, type=t, priority=9
[main] DEBUG com.demo.backgroundjobservice.service.JobQueue - Job enqueued: jobId=8e6d628f-f99a-4c93-90f2-2be2a61d0a1f, type=t, priority=9, queueSize=4
[main] DEBUG com.demo.backgroundjobservice.service.JobQueue - Job enqueued: jobId=259773e4-9153-4ae3-adac-463293b9ea78, type=t, priority=0, queueSize=5
[main] DEBUG com.demo.backgroundjobservice.service.JobQueue - Job dispatched: jobId=259773e4-9153-4ae3-adac-463293b9ea78, type=t, priority=0
[main] DEBUG com.demo.backgroundjobservice.service.JobQueue - Job enqueued: jobId=8e6d628f-f99a-4c93-90f2-2be2a61d0a1f, type=t, priority=9, queueSize=2
[main] DEBUG com.demo.backgroundjobservice.service.JobQueue - Job enqueued: jobId=259773e4-9153-4ae3-adac-463293b9ea78, type=t, priority=0, queueSize=3
[main] DEBUG com.demo.backgroundjobservice.service.JobQueue - Job dispatched: jobId=8e6d628f-f99a-4c93-90f2-2be2a61d0a1f, type=t, priority=9
[main] DEBUG com.demo.backgroundjobservice.service.JobQueue - Job enqueued: jobId=8e6d628f-f99a-4c93-90f2-2be2a61d0a1f, type=t, priority=9, queueSize=2
[main] DEBUG com.demo.backgroundjobservice.service.JobQueue - Job enqueued: jobId=259773e4-9153-4ae3-adac-463293b9ea78, type=t, priority=0, queueSize=3
[main] DEBUG com.demo.backgroundjobservice.service.JobQueue - Job dispatched: jobId=8e6d628f-f99a-4c93-90f2-2be2a61d0a1f, type=t, priority=9
[main] DEBUG com.demo.backgroundjobservice.service.JobQueue - Job enqueued: jobId=8e6d628f-f99a-4c93-90f2-2be2a61d0a1f, type=t, priority=9, queueSize=3
[main] DEBUG com.demo.backgroundjobservice.service.JobQueue - Job enqueued: jobId=259773e4-9153-4ae3-adac-463293b9ea78, type=t, priority=0, queueSize=4
[main] DEBUG com.demo.backgroundjobservice.service.JobQueue - Job dispatched: jobId=259773e4-9153-4ae3-adac-463293b9ea78, type=t, priority=0
[main] DEBUG com.demo.backgroundjobservice.service.JobQueue - Job enqueued: jobId=8e6d628f-f99a-4c93-90f2-2be2a61d0a1f, type=t, priority=9, queueSize=2
[main] DEBUG com.demo.backgroundjobservice.service.JobQueue - Job enqueued: jobId=259773e4-9153-4ae3-adac-463293b9ea78, type=t, priority=0, queueSize=3
[main] DEBUG com.demo.backgroundjobservice.service.JobQueue - Job dispatched: jobId=8e6d628f-f99a-4c93-90f2-2be2a61d0a1f, type=t, priority=9
[main] DEBUG com.demo.backgroundjobservice.service.JobQueue - Job enqueued: jobId=8e6d628f-f99a-4c93-90f2-2be2a61d0a1f, type=t, priority=9, queueSize=2
[main] DEBUG com.demo.backgroundjobservice.service.JobQueue - Job enqueued: jobId=259773e4-9153-4ae3-adac-463293b9ea78, type=t, priority=0, queueSize=3
[main] DEBUG com.demo.backgroundjobservice.service.JobQueue - Job dispatched: jobId=8e6d628f-f99a-4c93-90f2-2be2a61d0a1f, type=t, priority=9
[main] DEBUG com.demo.backgroundjobservice.service.JobQueue - Job enqueued: jobId=8e6d628f-f99a-4c93-90f2-2be2a61d0a1f, type=t, priority=9, queueSize=3
[main] DEBUG com.demo.backgroundjobservice.service.JobQueue - Job enqueued: jobId=259773e4-9153-4ae3-adac-463293b9ea78, type=t, priority=0, queueSize=4
[main] DEBUG com.demo.backgroundjobservice.service.JobQueue - Job dispatched: jobId=8e6d628f-f99a-4c93-90f2-2be2a61d0a1f, type=t, priority=9
[main] DEBUG com.demo.backgroundjobservice.service.JobQueue - Job enqueued: jobId=8e6d628f-f99a-4c93-90f2-2be2a61d0a1f, type=t, priority=9, queueSize=4
[main] DEBUG com.demo.backgroundjobservice.service.JobQueue - Job enqueued: jobId=259773e4-9153-4ae3-adac-463293b9ea78, type=t, priority=0, queueSize=5
[main] DEBUG com.demo.backgroundjobservice.service.JobQueue - Job dispatched: jobId=8e6d628f-f99a-4c93-90f2-2be2a61d0a1f, type=t, priority=9
[main] DEBUG com.demo.backgroundjobservice.service.JobQueue - Job enqueued: jobId=8e6d628f-f99a-4c93-90f2-2be2a61d0a1f, type=t, priority=9, queueSize=5
[main] DEBUG com.demo.backgroundjobservice.service.JobQueue - Job enqueued: jobId=259773e4-9153-4ae3-adac-463293b9ea78, type=t, priority=0, queueSize=6
[main] DEBUG com.demo.backgroundjobservice.service.JobQueue - Job dispatched: jobId=8e6d628f-f99a-4c93-90f2-2be2a61d0a1f, type=t, priority=9
[main] DEBUG com.demo.backgroundjobservice.service.JobQueue - Job enqueued: jobId=8e6d628f-f99a-4c93-90f2-2be2a61d0a1f, type=t, priority=9, queueSize=6
[main] DEBUG com.demo.backgroundjobservice.service.JobQueue - Job enqueued: jobId=259773e4-9153-4ae3-adac-463293b9ea78, type=t, priority=0, queueSize=7
[main] DEBUG com.demo.backgroundjobservice.service.JobQueue - Job dispatched: jobId=8e6d628f-f99a-4c93-90f2-2be2a61d0a1f, type=t, priority=9
[main] DEBUG com.demo.backgroundjobservice.service.JobQueue - Job enqueued: jobId=8e6d628f-f99a-4c93-90f2-2be2a61d0a1f, type=t, priority=9, queueSize=7
[main] DEBUG com.demo.backgroundjobservice.service.JobQueue - Job enqueued: jobId=259773e4-9153-4ae3-adac-463293b9ea78, type=t, priority=0, queueSize=8
[main] DEBUG com.demo.backgroundjobservice.service.JobQueue - Job dispatched: jobId=8e6d628f-f99a-4c93-90f2-2be2a61d0a1f, type=t, priority=9
[main] DEBUG com.demo.backgroundjobservice.service.JobQueue - Job enqueued: jobId=8e6d628f-f99a-4c93-90f2-2be2a61d0a1f, type=t, priority=9, queueSize=8
[main] DEBUG com.demo.backgroundjobservice.service.JobQueue - Job enqueued: jobId=259773e4-9153-4ae3-adac-463293b9ea78, type=t, priority=0, queueSize=9
[main] DEBUG com.demo.backgroundjobservice.service.JobQueue - Job dispatched: jobId=8e6d628f-f99a-4c93-90f2-2be2a61d0a1f, type=t, priority=9
[main] DEBUG com.demo.backgroundjobservice.service.JobQueue - Job enqueued: jobId=8e6d628f-f99a-4c93-90f2-2be2a61d0a1f, type=t, priority=9, queueSize=9
[main] DEBUG com.demo.backgroundjobservice.service.JobQueue - Job enqueued: jobId=259773e4-9153-4ae3-adac-463293b9ea78, type=t, priority=0, queueSize=10
[main] DEBUG com.demo.backgroundjobservice.service.JobQueue - Job dispatched: jobId=8e6d628f-f99a-4c93-90f2-2be2a61d0a1f, type=t, priority=9
[main] DEBUG com.demo.backgroundjobservice.service.JobQueue - Job enqueued: jobId=8e6d628f-f99a-4c93-90f2-2be2a61d0a1f, type=t, priority=9, queueSize=10
[main] DEBUG com.demo.backgroundjobservice.service.JobQueue - Job enqueued: jobId=259773e4-9153-4ae3-adac-463293b9ea78, type=t, priority=0, queueSize=11
[main] DEBUG com.demo.backgroundjobservice.service.JobQueue - Job dispatched: jobId=8e6d628f-f99a-4c93-90f2-2be2a61d0a1f, type=t, priority=9
[main] DEBUG com.demo.backgroundjobservice.service.JobQueue - Job enqueued: jobId=8e6d628f-f99a-4c93-90f2-2be2a61d0a1f, type=t, priority=9, queueSize=11
[main] DEBUG com.demo.backgroundjobservice.service.JobQueue - Job enqueued: jobId=259773e4-9153-4ae3-adac-463293b9ea78, type=t, priority=0, queueSize=12
[main] DEBUG com.demo.backgroundjobservice.service.JobQueue - Job dispatched: jobId=259773e4-9153-4ae3-adac-463293b9ea78, type=t, priority=0
[main] DEBUG com.demo.backgroundjobservice.service.JobQueue - Job enqueued: jobId=8e6d628f-f99a-4c93-90f2-2be2a61d0a1f, type=t, priority=9, queueSize=2
[main] DEBUG com.demo.backgroundjobservice.service.JobQueue - Job enqueued: jobId=259773e4-9153-4ae3-adac-463293b9ea78, type=t, priority=0, queueSize=3
[main] DEBUG com.demo.backgroundjobservice.service.JobQueue - Job dispatched: jobId=8e6d628f-f99a-4c93-90f2-2be2a61d0a1f, type=t, priority=9
[main] DEBUG com.demo.backgroundjobservice.service.JobQueue - Job enqueued: jobId=8e6d628f-f99a-4c93-90f2-2be2a61d0a1f, type=t, priority=9, queueSize=2
[main] DEBUG com.demo.backgroundjobservice.service.JobQueue - Job enqueued: jobId=259773e4-9153-4ae3-adac-463293b9ea78, type=t, priority=0, queueSize=3
[main] DEBUG com.demo.backgroundjobservice.service.JobQueue - Job dispatched: jobId=8e6d628f-f99a-4c93-90f2-2be2a61d0a1f, type=t, priority=9
[main] DEBUG com.demo.backgroundjobservice.service.JobQueue - Job enqueued: jobId=8e6d628f-f99a-4c93-90f2-2be2a61d0a1f, type=t, priority=9, queueSize=3
[main] DEBUG com.demo.backgroundjobservice.service.JobQueue - Job enqueued: jobId=259773e4-9153-4ae3-adac-463293b9ea78, type=t, priority=0, queueSize=4
[main] DEBUG com.demo.backgroundjobservice.service.JobQueue - Job dispatched: jobId=8e6d628f-f99a-4c93-90f2-2be2a61d0a1f, type=t, priority=9
[main] DEBUG com.demo.backgroundjobservice.service.JobQueue - Job enqueued: jobId=8e6d628f-f99a-4c93-90f2-2be2a61d0a1f, type=t, priority=9, queueSize=4
[main] DEBUG com.demo.backgroundjobservice.service.JobQueue - Job enqueued: jobId=259773e4-9153-4ae3-adac-463293b9ea78, type=t, priority=0, queueSize=5
[main] DEBUG com.demo.backgroundjobservice.service.JobQueue - Job dispatched: jobId=8e6d628f-f99a-4c93-90f2-2be2a61d0a1f, type=t, priority=9
[main] DEBUG com.demo.backgroundjobservice.service.JobQueue - Job enqueued: jobId=8e6d628f-f99a-4c93-90f2-2be2a61d0a1f, type=t, priority=9, queueSize=5
[main] DEBUG com.demo.backgroundjobservice.service.JobQueue - Job enqueued: jobId=259773e4-9153-4ae3-adac-463293b9ea78, type=t, priority=0, queueSize=6
[main] DEBUG com.demo.backgroundjobservice.service.JobQueue - Job dispatched: jobId=8e6d628f-f99a-4c93-90f2-2be2a61d0a1f, type=t, priority=9
[main] DEBUG com.demo.backgroundjobservice.service.JobQueue - Job enqueued: jobId=8e6d628f-f99a-4c93-90f2-2be2a61d0a1f, type=t, priority=9, queueSize=6
[main] DEBUG com.demo.backgroundjobservice.service.JobQueue - Job enqueued: jobId=259773e4-9153-4ae3-adac-463293b9ea78, type=t, priority=0, queueSize=7
[main] DEBUG com.demo.backgroundjobservice.service.JobQueue - Job dispatched: jobId=8e6d628f-f99a-4c93-90f2-2be2a61d0a1f, type=t, priority=9
[main] DEBUG com.demo.backgroundjobservice.service.JobQueue - Job enqueued: jobId=8e6d628f-f99a-4c93-90f2-2be2a61d0a1f, type=t, priority=9, queueSize=7
[main] DEBUG com.demo.backgroundjobservice.service.JobQueue - Job enqueued: jobId=259773e4-9153-4ae3-adac-463293b9ea78, type=t, priority=0, queueSize=8
[main] DEBUG com.demo.backgroundjobservice.service.JobQueue - Job dispatched: jobId=8e6d628f-f99a-4c93-90f2-2be2a61d0a1f, type=t, priority=9
[main] DEBUG com.demo.backgroundjobservice.service.JobQueue - Job enqueued: jobId=8e6d628f-f99a-4c93-90f2-2be2a61d0a1f, type=t, priority=9, queueSize=8
[main] DEBUG com.demo.backgroundjobservice.service.JobQueue - Job enqueued: jobId=259773e4-9153-4ae3-adac-463293b9ea78, type=t, priority=0, queueSize=9
[main] DEBUG com.demo.backgroundjobservice.service.JobQueue - Job dispatched: jobId=259773e4-9153-4ae3-adac-463293b9ea78, type=t, priority=0
[main] DEBUG com.demo.backgroundjobservice.service.JobQueue - Job enqueued: jobId=8e6d628f-f99a-4c93-90f2-2be2a61d0a1f, type=t, priority=9, queueSize=2
[main] DEBUG com.demo.backgroundjobservice.service.JobQueue - Job enqueued: jobId=259773e4-9153-4ae3-adac-463293b9ea78, type=t, priority=0, queueSize=3
[main] DEBUG com.demo.backgroundjobservice.service.JobQueue - Job dispatched: jobId=8e6d628f-f99a-4c93-90f2-2be2a61d0a1f, type=t, priority=9
[main] DEBUG com.demo.backgroundjobservice.service.JobQueue - Job enqueued: jobId=8e6d628f-f99a-4c93-90f2-2be2a61d0a1f, type=t, priority=9, queueSize=2
[main] DEBUG com.demo.backgroundjobservice.service.JobQueue - Job enqueued: jobId=259773e4-9153-4ae3-adac-463293b9ea78, type=t, priority=0, queueSize=3
[main] DEBUG com.demo.backgroundjobservice.service.JobQueue - Job dispatched: jobId=8e6d628f-f99a-4c93-90f2-2be2a61d0a1f, type=t, priority=9
[main] DEBUG com.demo.backgroundjobservice.service.JobQueue - Job enqueued: jobId=8e6d628f-f99a-4c93-90f2-2be2a61d0a1f, type=t, priority=9, queueSize=3
[main] DEBUG com.demo.backgroundjobservice.service.JobQueue - Job enqueued: jobId=259773e4-9153-4ae3-adac-463293b9ea78, type=t, priority=0, queueSize=4
[main] DEBUG com.demo.backgroundjobservice.service.JobQueue - Job dispatched: jobId=8e6d628f-f99a-4c93-90f2-2be2a61d0a1f, type=t, priority=9
[main] DEBUG com.demo.backgroundjobservice.service.JobQueue - Job enqueued: jobId=8e6d628f-f99a-4c93-90f2-2be2a61d0a1f, type=t, priority=9, queueSize=4
[main] DEBUG com.demo.backgroundjobservice.service.JobQueue - Job enqueued: jobId=259773e4-9153-4ae3-adac-463293b9ea78, type=t, priority=0, queueSize=5
[main] DEBUG com.demo.backgroundjobservice.service.JobQueue - Job dispatched: jobId=8e6d628f-f99a-4c93-90f2-2be2a61d0a1f, type=t, priority=9
[main] DEBUG com.demo.backgroundjobservice.service.JobQueue - Job enqueued: jobId=8e6d628f-f99a-4c93-90f2-2be2a61d0a1f, type=t, priority=9, queueSize=5
[main] DEBUG com.demo.backgroundjobservice.service.JobQueue - Job enqueued: jobId=259773e4-9153-4ae3-adac-463293b9ea78, type=t, priority=0, queueSize=6
[main] DEBUG com.demo.backgroundjobservice.service.JobQueue - Job dispatched: jobId=8e6d628f-f99a-4c93-90f2-2be2a61d0a1f, type=t, priority=9
[main] DEBUG com.demo.backgroundjobservice.service.JobQueue - Job enqueued: jobId=8e6d628f-f99a-4c93-90f2-2be2a61d0a1f, type=t, priority=9, queueSize=6
[main] DEBUG com.demo.backgroundjobservice.service.JobQueue - Job enqueued: jobId=259773e4-9153-4ae3-adac-463293b9ea78, type=t, priority=0, queueSize=7
[main] DEBUG com.demo.backgroundjobservice.service.JobQueue - Job dispatched: jobId=259773e4-9153-4ae3-adac-463293b9ea78, type=t, priority=0
[main] DEBUG com.demo.backgroundjobservice.service.JobQueue - Job enqueued: jobId=8e6d628f-f99a-4c93-90f2-2be2a61d0a1f, type=t, priority=9, queueSize=2
[main] DEBUG com.demo.backgroundjobservice.service.JobQueue - Job enqueued: jobId=259773e4-9153-4ae3-adac-463293b9ea78, type=t, priority=0, queueSize=3
[main] DEBUG com.demo.backgroundjobservice.service.JobQueue - Job dispatched: jobId=8e6d628f-f99a-4c93-90f2-2be2a61d0a1f, type=t, priority=9
[main] DEBUG com.demo.backgroundjobservice.service.JobQueue - Job enqueued: jobId=8e6d628f-f99a-4c93-90f2-2be2a61d0a1f, type=t, priority=9, queueSize=2
[main] DEBUG com.demo.backgroundjobservice.service.JobQueue - Job enqueued: jobId=259773e4-9153-4ae3-adac-463293b9ea78, type=t, priority=0, queueSize=3
[main] DEBUG com.demo.backgroundjobservice.service.JobQueue - Job dispatched: jobId=259773e4-9153-4ae3-adac-463293b9ea78, type=t, priority=0
[main] DEBUG com.demo.backgroundjobservice.service.JobQueue - Job enqueued: jobId=8e6d628f-f99a-4c93-90f2-2be2a61d0a1f, type=t, priority=9, queueSize=2
[main] DEBUG com.demo.backgroundjobservice.service.JobQueue - Job enqueued: jobId=259773e4-9153-4ae3-adac-463293b9ea78, type=t, priority=0, queueSize=3
[main] DEBUG com.demo.backgroundjobservice.service.JobQueue - Job dispatched: jobId=8e6d628f-f99a-4c93-90f2-2be2a61d0a1f, type=t, priority=9
[main] DEBUG com.demo.backgroundjobservice.service.JobQueue - Job enqueued: jobId=8e6d628f-f99a-4c93-90f2-2be2a61d0a1f, type=t, priority=9, queueSize=2
[main] DEBUG com.demo.backgroundjobservice.service.JobQueue - Job enqueued: jobId=259773e4-9153-4ae3-adac-463293b9ea78, type=t, priority=0, queueSize=3
[main] DEBUG com.demo.backgroundjobservice.service.JobQueue - Job dispatched: jobId=8e6d628f-f99a-4c93-90f2-2be2a61d0a1f, type=t, priority=9
[main] DEBUG com.demo.backgroundjobservice.service.JobQueue - Job enqueued: jobId=8e6d628f-f99a-4c93-90f2-2be2a61d0a1f, type=t, priority=9, queueSize=3
[main] DEBUG com.demo.backgroundjobservice.service.JobQueue - Job enqueued: jobId=259773e4-9153-4ae3-adac-463293b9ea78, type=t, priority=0, queueSize=4
[main] DEBUG com.demo.backgroundjobservice.service.JobQueue - Job dispatched: jobId=8e6d628f-f99a-4c93-90f2-2be2a61d0a1f, type=t, priority=9
[main] DEBUG com.demo.backgroundjobservice.service.JobQueue - Job enqueued: jobId=8e6d628f-f99a-4c93-90f2-2be2a61d0a1f, type=t, priority=9, queueSize=4
[main] DEBUG com.demo.backgroundjobservice.service.JobQueue - Job enqueued: jobId=259773e4-9153-4ae3-adac-463293b9ea78, type=t, priority=0, queueSize=5
[main] DEBUG com.demo.backgroundjobservice.service.JobQueue - Job dispatched: jobId=259773e4-9153-4ae3-adac-463293b9ea78, type=t, priority=0
[main] DEBUG com.demo.backgroundjobservice.service.JobQueue - Job enqueued: jobId=8e6d628f-f99a-4c93-90f2-2be2a61d0a1f, type=t, priority=9, queueSize=2
[main] DEBUG com.demo.backgroundjobservice.service.JobQueue - Job enqueued: jobId=259773e4-9153-4ae3-adac-463293b9ea78, type=t, priority=0, queueSize=3
[main] DEBUG com.demo.backgroundjobservice.service.JobQueue - Job dispatched: jobId=8e6d628f-f99a-4c93-90f2-2be2a61d0a1f, type=t, priority=9
[main] DEBUG com.demo.backgroundjobservice.service.JobQueue - Job enqueued: jobId=8e6d628f-f99a-4c93-90f2-2be2a61d0a1f, type=t, priority=9, queueSize=2
[main] DEBUG com.demo.backgroundjobservice.service.JobQueue - Job enqueued: jobId=259773e4-9153-4ae3-adac-463293b9ea78, type=t, priority=0, queueSize=3
[main] DEBUG com.demo.backgroundjobservice.service.JobQueue - Job dispatched: jobId=8e6d628f-f99a-4c93-90f2-2be2a61d0a1f, type=t, priority=9
[main] DEBUG com.demo.backgroundjobservice.service.JobQueue - Job enqueued: jobId=8e6d628f-f99a-4c93-90f2-2be2a61d0a1f, type=t, priority=9, queueSize=3
[main] DEBUG com.demo.backgroundjobservice.service.JobQueue - Job enqueued: jobId=259773e4-9153-4ae3-adac-463293b9ea78, type=t, priority=0, queueSize=4
[main] DEBUG com.demo.backgroundjobservice.service.JobQueue - Job dispatched: jobId=8e6d628f-f99a-4c93-90f2-2be2a61d0a1f, type=t, priority=9
[main] DEBUG com.demo.backgroundjobservice.service.JobQueue - Job enqueued: jobId=8e6d628f-f99a-4c93-90f2-2be2a61d0a1f, type=t, priority=9, queueSize=4
[main] DEBUG com.demo.backgroundjobservice.service.JobQueue - Job enqueued: jobId=259773e4-9153-4ae3-adac-463293b9ea78, type=t, priority=0, queueSize=5
[main] DEBUG com.demo.backgroundjobservice.service.JobQueue - Job dispatched: jobId=259773e4-9153-4ae3-adac-463293b9ea78, type=t, priority=0
[main] DEBUG com.demo.backgroundjobservice.service.JobQueue - Job enqueued: jobId=8e6d628f-f99a-4c93-90f2-2be2a61d0a1f, type=t, priority=9, queueSize=2
[main] DEBUG com.demo.backgroundjobservice.service.JobQueue - Job enqueued: jobId=259773e4-9153-4ae3-adac-463293b9ea78, type=t, priority=0, queueSize=3
[main] DEBUG com.demo.backgroundjobservice.service.JobQueue - Job dispatched: jobId=259773e4-9153-4ae3-adac-463293b9ea78, type=t, priority=0
[main] DEBUG com.demo.backgroundjobservice.service.JobQueue - Job enqueued: jobId=8e6d628f-f99a-4c93-90f2-2be2a61d0a1f, type=t, priority=9, queueSize=3
[main] DEBUG com.demo.backgroundjobservice.service.JobQueue - Job enqueued: jobId=259773e4-9153-4ae3-adac-463293b9ea78, type=t, priority=0, queueSize=4
[main] DEBUG com.demo.backgroundjobservice.service.JobQueue - Job dispatched: jobId=8e6d628f-f99a-4c93-90f2-2be2a61d0a1f, type=t, priority=9
[main] DEBUG com.demo.backgroundjobservice.service.JobQueue - Job enqueued: jobId=8e6d628f-f99a-4c93-90f2-2be2a61d0a1f, type=t, priority=9, queueSize=2
[main] DEBUG com.demo.backgroundjobservice.service.JobQueue - Job enqueued: jobId=259773e4-9153-4ae3-adac-463293b9ea78, type=t, priority=0, queueSize=3
[main] DEBUG com.demo.backgroundjobservice.service.JobQueue - Job dispatched: jobId=8e6d628f-f99a-4c93-90f2-2be2a61d0a1f, type=t, priority=9
[main] DEBUG com.demo.backgroundjobservice.service.JobQueue - Job enqueued: jobId=8e6d628f-f99a-4c93-90f2-2be2a61d0a1f, type=t, priority=9, queueSize=3
[main] DEBUG com.demo.backgroundjobservice.service.JobQueue - Job enqueued: jobId=259773e4-9153-4ae3-adac-463293b9ea78, type=t, priority=0, queueSize=4
[main] DEBUG com.demo.backgroundjobservice.service.JobQueue - Job dispatched: jobId=8e6d628f-f99a-4c93-90f2-2be2a61d0a1f, type=t, priority=9
[main] DEBUG com.demo.backgroundjobservice.service.JobQueue - Job enqueued: jobId=8e6d628f-f99a-4c93-90f2-2be2a61d0a1f, type=t, priority=9, queueSize=4
[main] DEBUG com.demo.backgroundjobservice.service.JobQueue - Job enqueued: jobId=259773e4-9153-4ae3-adac-463293b9ea78, type=t, priority=0, queueSize=5
[main] DEBUG com.demo.backgroundjobservice.service.JobQueue - Job dispatched: jobId=8e6d628f-f99a-4c93-90f2-2be2a61d0a1f, type=t, priority=9
[main] DEBUG com.demo.backgroundjobservice.service.JobQueue - Job enqueued: jobId=8e6d628f-f99a-4c93-90f2-2be2a61d0a1f, type=t, priority=9, queueSize=5
[main] DEBUG com.demo.backgroundjobservice.service.JobQueue - Job enqueued: jobId=259773e4-9153-4ae3-adac-463293b9ea78, type=t, priority=0, queueSize=6
[main] DEBUG com.demo.backgroundjobservice.service.JobQueue - Job dispatched: jobId=8e6d628f-f99a-4c93-90f2-2be2a61d0a1f, type=t, priority=9
[main] DEBUG com.demo.backgroundjobservice.service.JobQueue - Job enqueued: jobId=8e6d628f-f99a-4c93-90f2-2be2a61d0a1f, type=t, priority=9, queueSize=6
[main] DEBUG com.demo.backgroundjobservice.service.JobQueue - Job enqueued: jobId=259773e4-9153-4ae3-adac-463293b9ea78, type=t, priority=0, queueSize=7
[main] DEBUG com.demo.backgroundjobservice.service.JobQueue - Job dispatched: jobId=8e6d628f-f99a-4c93-90f2-2be2a61d0a1f, type=t, priority=9
[main] DEBUG com.demo.backgroundjobservice.service.JobQueue - Job enqueued: jobId=8e6d628f-f99a-4c93-90f2-2be2a61d0a1f, type=t, priority=9, queueSize=7
[main] DEBUG com.demo.backgroundjobservice.service.JobQueue - Job enqueued: jobId=259773e4-9153-4ae3-adac-463293b9ea78, type=t, priority=0, queueSize=8
[main] DEBUG com.demo.backgroundjobservice.service.JobQueue - Job dispatched: jobId=259773e4-9153-4ae3-adac-463293b9ea78, type=t, priority=0
[main] DEBUG com.demo.backgroundjobservice.service.JobQueue - Job enqueued: jobId=8e6d628f-f99a-4c93-90f2-2be2a61d0a1f, type=t, priority=9, queueSize=2
[main] DEBUG com.demo.backgroundjobservice.service.JobQueue - Job enqueued: jobId=259773e4-9153-4ae3-adac-463293b9ea78, type=t, priority=0, queueSize=3
[main] DEBUG com.demo.backgroundjobservice.service.JobQueue - Job dispatched: jobId=8e6d628f-f99a-4c93-90f2-2be2a61d0a1f, type=t, priority=9
[main] DEBUG com.demo.backgroundjobservice.service.JobQueue - Job enqueued: jobId=8e6d628f-f99a-4c93-90f2-2be2a61d0a1f, type=t, priority=9, queueSize=2
[main] DEBUG com.demo.backgroundjobservice.service.JobQueue - Job enqueued: jobId=259773e4-9153-4ae3-adac-463293b9ea78, type=t, priority=0, queueSize=3
[main] DEBUG com.demo.backgroundjobservice.service.JobQueue - Job dispatched: jobId=8e6d628f-f99a-4c93-90f2-2be2a61d0a1f, type=t, priority=9
[main] DEBUG com.demo.backgroundjobservice.service.JobQueue - Job enqueued: jobId=8e6d628f-f99a-4c93-90f2-2be2a61d0a1f, type=t, priority=9, queueSize=3
[main] DEBUG com.demo.backgroundjobservice.service.JobQueue - Job enqueued: jobId=259773e4-9153-4ae3-adac-463293b9ea78, type=t, priority=0, queueSize=4
[main] DEBUG com.demo.backgroundjobservice.service.JobQueue - Job dispatched: jobId=8e6d628f-f99a-4c93-90f2-2be2a61d0a1f, type=t, priority=9
[main] DEBUG com.demo.backgroundjobservice.service.JobQueue - Job enqueued: jobId=8e6d628f-f99a-4c93-90f2-2be2a61d0a1f, type=t, priority=9, queueSize=4
[main] DEBUG com.demo.backgroundjobservice.service.JobQueue - Job enqueued: jobId=259773e4-9153-4ae3-adac-463293b9ea78, type=t, priority=0, queueSize=5
[main] DEBUG com.demo.backgroundjobservice.service.JobQueue - Job dispatched: jobId=8e6d628f-f99a-4c93-90f2-2be2a61d0a1f, type=t, priority=9
[main] DEBUG com.demo.backgroundjobservice.service.JobQueue - Job enqueued: jobId=8e6d628f-f99a-4c93-90f2-2be2a61d0a1f, type=t, priority=9, queueSize=5
[main] DEBUG com.demo.backgroundjobservice.service.JobQueue - Job enqueued: jobId=259773e4-9153-4ae3-adac-463293b9ea78, type=t, priority=0, queueSize=6
[main] DEBUG com.demo.backgroundjobservice.service.JobQueue - Job dispatched: jobId=8e6d628f-f99a-4c93-90f2-2be2a61d0a1f, type=t, priority=9
[main] DEBUG com.demo.backgroundjobservice.service.JobQueue - Job enqueued: jobId=8e6d628f-f99a-4c93-90f2-2be2a61d0a1f, type=t, priority=9, queueSize=6
[main] DEBUG com.demo.backgroundjobservice.service.JobQueue - Job enqueued: jobId=259773e4-9153-4ae3-adac-463293b9ea78, type=t, priority=0, queueSize=7
[main] DEBUG com.demo.backgroundjobservice.service.JobQueue - Job dispatched: jobId=8e6d628f-f99a-4c93-90f2-2be2a61d0a1f, type=t, priority=9
[main] DEBUG com.demo.backgroundjobservice.service.JobQueue - Job enqueued: jobId=8e6d628f-f99a-4c93-90f2-2be2a61d0a1f, type=t, priority=9, queueSize=7
[main] DEBUG com.demo.backgroundjobservice.service.JobQueue - Job enqueued: jobId=259773e4-9153-4ae3-adac-463293b9ea78, type=t, priority=0, queueSize=8
[main] DEBUG com.demo.backgroundjobservice.service.JobQueue - Job dispatched: jobId=259773e4-9153-4ae3-adac-463293b9ea78, type=t, priority=0
[main] DEBUG com.demo.backgroundjobservice.service.JobQueue - Job enqueued: jobId=8e6d628f-f99a-4c93-90f2-2be2a61d0a1f, type=t, priority=9, queueSize=2
[main] DEBUG com.demo.backgroundjobservice.service.JobQueue - Job enqueued: jobId=259773e4-9153-4ae3-adac-463293b9ea78, type=t, priority=0, queueSize=3
[main] DEBUG com.demo.backgroundjobservice.service.JobQueue - Job dispatched: jobId=8e6d628f-f99a-4c93-90f2-2be2a61d0a1f, type=t, priority=9
[main] DEBUG com.demo.backgroundjobservice.service.JobQueue - Job enqueued: jobId=8e6d628f-f99a-4c93-90f2-2be2a61d0a1f, type=t, priority=9, queueSize=2
[main] DEBUG com.demo.backgroundjobservice.service.JobQueue - Job enqueued: jobId=259773e4-9153-4ae3-adac-463293b9ea78, type=t, priority=0, queueSize=3
[main] DEBUG com.demo.backgroundjobservice.service.JobQueue - Job dispatched: jobId=8e6d628f-f99a-4c93-90f2-2be2a61d0a1f, type=t, priority=9
[main] DEBUG com.demo.backgroundjobservice.service.JobQueue - Job enqueued: jobId=8e6d628f-f99a-4c93-90f2-2be2a61d0a1f, type=t, priority=9, queueSize=3
[main] DEBUG com.demo.backgroundjobservice.service.JobQueue - Job enqueued: jobId=259773e4-9153-4ae3-adac-463293b9ea78, type=t, priority=0, queueSize=4
[main] DEBUG com.demo.backgroundjobservice.service.JobQueue - Job dispatched: jobId=8e6d628f-f99a-4c93-90f2-2be2a61d0a1f, type=t, priority=9
[main] DEBUG com.demo.backgroundjobservice.service.JobQueue - Job enqueued: jobId=8e6d628f-f99a-4c93-90f2-2be2a61d0a1f, type=t, priority=9, queueSize=4
[main] DEBUG com.demo.backgroundjobservice.service.JobQueue - Job enqueued: jobId=259773e4-9153-4ae3-adac-463293b9ea78, type=t, priority=0, queueSize=5
[main] DEBUG com.demo.backgroundjobservice.service.JobQueue - Job dispatched: jobId=8e6d628f-f99a-4c93-90f2-2be2a61d0a1f, type=t, priority=9
[main] DEBUG com.demo.backgroundjobservice.service.JobQueue - Job enqueued: jobId=8e6d628f-f99a-4c93-90f2-2be2a61d0a1f, type=t, priority=9, queueSize=5
[main] DEBUG com.demo.backgroundjobservice.service.JobQueue - Job enqueued: jobId=259773e4-9153-4ae3-adac-463293b9ea78, type=t, priority=0, queueSize=6
[main] DEBUG com.demo.backgroundjobservice.service.JobQueue - Job dispatched: jobId=259773e4-9153-4ae3-adac-463293b9ea78, type=t, priority=0
[main] DEBUG com.demo.backgroundjobservice.service.JobQueue - Job enqueued: jobId=8e6d628f-f99a-4c93-90f2-2be2a61d0a1f, type=t, priority=9, queueSize=2
[main] DEBUG com.demo.backgroundjobservice.service.JobQueue - Job enqueued: jobId=259773e4-9153-4ae3-adac-463293b9ea78, type=t, priority=0, queueSize=3
[main] DEBUG com.demo.backgroundjobservice.service.JobQueue - Job dispatched: jobId=259773e4-9153-4ae3-adac-463293b9ea78, type=t, priority=0
[main] DEBUG com.demo.backgroundjobservice.service.JobQueue - Job enqueued: jobId=8e6d628f-f99a-4c93-90f2-2be2a61d0a1f, type=t, priority=9, queueSize=3
[main] DEBUG com.demo.backgroundjobservice.service.JobQueue - Job enqueued: jobId=259773e4-9153-4ae3-adac-463293b9ea78, type=t, priority=0, queueSize=4
[main] DEBUG com.demo.backgroundjobservice.service.JobQueue - Job dispatched: jobId=8e6d628f-f99a-4c93-90f2-2be2a61d0a1f, type=t, priority=9
[main] DEBUG com.demo.backgroundjobservice.service.JobQueue - Job enqueued: jobId=8e6d628f-f99a-4c93-90f2-2be2a61d0a1f, type=t, priority=9, queueSize=2
[main] DEBUG com.demo.backgroundjobservice.service.JobQueue - Job enqueued: jobId=259773e4-9153-4ae3-adac-463293b9ea78, type=t, priority=0, queueSize=3
[main] DEBUG com.demo.backgroundjobservice.service.JobQueue - Job dispatched: jobId=259773e4-9153-4ae3-adac-463293b9ea78, type=t, priority=0
[main] DEBUG com.demo.backgroundjobservice.service.JobQueue - Job enqueued: jobId=8e6d628f-f99a-4c93-90f2-2be2a61d0a1f, type=t, priority=9, queueSize=2
[main] DEBUG com.demo.backgroundjobservice.service.JobQueue - Job enqueued: jobId=259773e4-9153-4ae3-adac-463293b9ea78, type=t, priority=0, queueSize=3
[main] DEBUG com.demo.backgroundjobservice.service.JobQueue - Job dispatched: jobId=8e6d628f-f99a-4c93-90f2-2be2a61d0a1f, type=t, priority=9
[main] DEBUG com.demo.backgroundjobservice.service.JobQueue - Job enqueued: jobId=8e6d628f-f99a-4c93-90f2-2be2a61d0a1f, type=t, priority=9, queueSize=2
[main] DEBUG com.demo.backgroundjobservice.service.JobQueue - Job enqueued: jobId=259773e4-9153-4ae3-adac-463293b9ea78, type=t, priority=0, queueSize=3
[main] DEBUG com.demo.backgroundjobservice.service.JobQueue - Job dispatched: jobId=8e6d628f-f99a-4c93-90f2-2be2a61d0a1f, type=t, priority=9
[main] DEBUG com.demo.backgroundjobservice.service.JobQueue - Job enqueued: jobId=8e6d628f-f99a-4c93-90f2-2be2a61d0a1f, type=t, priority=9, queueSize=3
[main] DEBUG com.demo.backgroundjobservice.service.JobQueue - Job enqueued: jobId=259773e4-9153-4ae3-adac-463293b9ea78, type=t, priority=0, queueSize=4
[main] DEBUG com.demo.backgroundjobservice.service.JobQueue - Job dispatched: jobId=8e6d628f-f99a-4c93-90f2-2be2a61d0a1f, type=t, priority=9
[main] DEBUG com.demo.backgroundjobservice.service.JobQueue - Job enqueued: jobId=8e6d628f-f99a-4c93-90f2-2be2a61d0a1f, type=t, priority=9, queueSize=4
[main] DEBUG com.demo.backgroundjobservice.service.JobQueue - Job enqueued: jobId=259773e4-9153-4ae3-adac-463293b9ea78, type=t, priority=0, queueSize=5
[main] DEBUG com.demo.backgroundjobservice.service.JobQueue - Job dispatched: jobId=259773e4-9153-4ae3-adac-463293b9ea78, type=t, priority=0
[main] DEBUG com.demo.backgroundjobservice.service.JobQueue - Job enqueued: jobId=8e6d628f-f99a-4c93-90f2-2be2a61d0a1f, type=t, priority=9, queueSize=2
[main] DEBUG com.demo.backgroundjobservice.service.JobQueue - Job enqueued: jobId=259773e4-9153-4ae3-adac-463293b9ea78, type=t, priority=0, queueSize=3
[main] DEBUG com.demo.backgroundjobservice.service.JobQueue - Job dispatched: jobId=8e6d628f-f99a-4c93-90f2-2be2a61d0a1f, type=t, priority=9
[main] DEBUG com.demo.backgroundjobservice.service.JobQueue - Job enqueued: jobId=8e6d628f-f99a-4c93-90f2-2be2a61d0a1f, type=t, priority=9, queueSize=2
[main] DEBUG com.demo.backgroundjobservice.service.JobQueue - Job enqueued: jobId=259773e4-9153-4ae3-adac-463293b9ea78, type=t, priority=0, queueSize=3
[main] DEBUG com.demo.backgroundjobservice.service.JobQueue - Job dispatched: jobId=259773e4-9153-4ae3-adac-463293b9ea78, type=t, priority=0
[main] DEBUG com.demo.backgroundjobservice.service.JobQueue - Job enqueued: jobId=8e6d628f-f99a-4c93-90f2-2be2a61d0a1f, type=t, priority=9, queueSize=2
[main] DEBUG com.demo.backgroundjobservice.service.JobQueue - Job enqueued: jobId=259773e4-9153-4ae3-adac-463293b9ea78, type=t, priority=0, queueSize=3
[main] DEBUG com.demo.backgroundjobservice.service.JobQueue - Job dispatched: jobId=8e6d628f-f99a-4c93-90f2-2be2a61d0a1f, type=t, priority=9
[main] DEBUG com.demo.backgroundjobservice.service.JobQueue - Job enqueued: jobId=8e6d628f-f99a-4c93-90f2-2be2a61d0a1f, type=t, priority=9, queueSize=2
[main] DEBUG com.demo.backgroundjobservice.service.JobQueue - Job enqueued: jobId=259773e4-9153-4ae3-adac-463293b9ea78, type=t, priority=0, queueSize=3
[main] DEBUG com.demo.backgroundjobservice.service.JobQueue - Job dispatched: jobId=8e6d628f-f99a-4c93-90f2-2be2a61d0a1f, type=t, priority=9
[main] DEBUG com.demo.backgroundjobservice.service.JobQueue - Job enqueued: jobId=8e6d628f-f99a-4c93-90f2-2be2a61d0a1f, type=t, priority=9, queueSize=3
[main] DEBUG com.demo.backgroundjobservice.service.JobQueue - Job enqueued: jobId=259773e4-9153-4ae3-adac-463293b9ea78, type=t, priority=0, queueSize=4
[main] DEBUG com.demo.backgroundjobservice.service.JobQueue - Job dispatched: jobId=8e6d628f-f99a-4c93-90f2-2be2a61d0a1f, type=t, priority=9
[main] DEBUG com.demo.backgroundjobservice.service.JobQueue - Job enqueued: jobId=8e6d628f-f99a-4c93-90f2-2be2a61d0a1f, type=t, priority=9, queueSize=4
[main] DEBUG com.demo.backgroundjobservice.service.JobQueue - Job enqueued: jobId=259773e4-9153-4ae3-adac-463293b9ea78, type=t, priority=0, queueSize=5
[main] DEBUG com.demo.backgroundjobservice.service.JobQueue - Job dispatched: jobId=259773e4-9153-4ae3-adac-463293b9ea78, type=t, priority=0
[main] DEBUG com.demo.backgroundjobservice.service.JobQueue - Job enqueued: jobId=8e6d628f-f99a-4c93-90f2-2be2a61d0a1f, type=t, priority=9, queueSize=2
[main] DEBUG com.demo.backgroundjobservice.service.JobQueue - Job enqueued: jobId=259773e4-9153-4ae3-adac-463293b9ea78, type=t, priority=0, queueSize=3
[main] DEBUG com.demo.backgroundjobservice.service.JobQueue - Job dispatched: jobId=8e6d628f-f99a-4c93-90f2-2be2a61d0a1f, type=t, priority=9
[main] DEBUG com.demo.backgroundjobservice.service.JobQueue - Job enqueued: jobId=8e6d628f-f99a-4c93-90f2-2be2a61d0a1f, type=t, priority=9, queueSize=2
[main] DEBUG com.demo.backgroundjobservice.service.JobQueue - Job enqueued: jobId=259773e4-9153-4ae3-adac-463293b9ea78, type=t, priority=0, queueSize=3
[main] DEBUG com.demo.backgroundjobservice.service.JobQueue - Job dispatched: jobId=8e6d628f-f99a-4c93-90f2-2be2a61d0a1f, type=t, priority=9
[main] DEBUG com.demo.backgroundjobservice.service.JobQueue - Job enqueued: jobId=8e6d628f-f99a-4c93-90f2-2be2a61d0a1f, type=t, priority=9, queueSize=3
[main] DEBUG com.demo.backgroundjobservice.service.JobQueue - Job enqueued: jobId=259773e4-9153-4ae3-adac-463293b9ea78, type=t, priority=0, queueSize=4
[main] DEBUG com.demo.backgroundjobservice.service.JobQueue - Job dispatched: jobId=8e6d628f-f99a-4c93-90f2-2be2a61d0a1f, type=t, priority=9
[main] DEBUG com.demo.backgroundjobservice.service.JobQueue - Job enqueued: jobId=8e6d628f-f99a-4c93-90f2-2be2a61d0a1f, type=t, priority=9, queueSize=4
[main] DEBUG com.demo.backgroundjobservice.service.JobQueue - Job enqueued: jobId=259773e4-9153-4ae3-adac-463293b9ea78, type=t, priority=0, queueSize=5
[main] DEBUG com.demo.backgroundjobservice.service.JobQueue - Job dispatched: jobId=8e6d628f-f99a-4c93-90f2-2be2a61d0a1f, type=t, priority=9
[main] DEBUG com.demo.backgroundjobservice.service.JobQueue - Job enqueued: jobId=8e6d628f-f99a-4c93-90f2-2be2a61d0a1f, type=t, priority=9, queueSize=5
[main] DEBUG com.demo.backgroundjobservice.service.JobQueue - Job enqueued: jobId=259773e4-9153-4ae3-adac-463293b9ea78, type=t, priority=0, queueSize=6
[main] DEBUG com.demo.backgroundjobservice.service.JobQueue - Job dispatched: jobId=8e6d628f-f99a-4c93-90f2-2be2a61d0a1f, type=t, priority=9
[main] DEBUG com.demo.backgroundjobservice.service.JobQueue - Job enqueued: jobId=8e6d628f-f99a-4c93-90f2-2be2a61d0a1f, type=t, priority=9, queueSize=6
[main] DEBUG com.demo.backgroundjobservice.service.JobQueue - Job enqueued: jobId=259773e4-9153-4ae3-adac-463293b9ea78, type=t, priority=0, queueSize=7
[main] DEBUG com.demo.backgroundjobservice.service.JobQueue - Job dispatched: jobId=8e6d628f-f99a-4c93-90f2-2be2a61d0a1f, type=t, priority=9
[main] DEBUG com.demo.backgroundjobservice.service.JobQueue - Job enqueued: jobId=8e6d628f-f99a-4c93-90f2-2be2a61d0a1f, type=t, priority=9, queueSize=7
[main] DEBUG com.demo.backgroundjobservice.service.JobQueue - Job enqueued: jobId=259773e4-9153-4ae3-adac-463293b9ea78, type=t, priority=0, queueSize=8
[main] DEBUG com.demo.backgroundjobservice.service.JobQueue - Job dispatched: jobId=8e6d628f-f99a-4c93-90f2-2be2a61d0a1f, type=t, priority=9
[main] DEBUG com.demo.backgroundjobservice.service.JobQueue - Job enqueued: jobId=8e6d628f-f99a-4c93-90f2-2be2a61d0a1f, type=t, priority=9, queueSize=8
[main] DEBUG com.demo.backgroundjobservice.service.JobQueue - Job enqueued: jobId=259773e4-9153-4ae3-adac-463293b9ea78, type=t, priority=0, queueSize=9
[main] DEBUG com.demo.backgroundjobservice.service.JobQueue - Job dispatched: jobId=259773e4-9153-4ae3-adac-463293b9ea78, type=t, priority=0
[main] DEBUG com.demo.backgroundjobservice.service.JobQueue - Job enqueued: jobId=8e6d628f-f99a-4c93-90f2-2be2a61d0a1f, type=t, priority=9, queueSize=2
[main] DEBUG com.demo.backgroundjobservice.service.JobQueue - Job enqueued: jobId=259773e4-9153-4ae3-adac-463293b9ea78, type=t, priority=0, queueSize=3
[main] DEBUG com.demo.backgroundjobservice.service.JobQueue - Job dispatched: jobId=8e6d628f-f99a-4c93-90f2-2be2a61d0a1f, type=t, priority=9
[main] DEBUG com.demo.backgroundjobservice.service.JobQueue - Job enqueued: jobId=8e6d628f-f99a-4c93-90f2-2be2a61d0a1f, type=t, priority=9, queueSize=2
[main] DEBUG com.demo.backgroundjobservice.service.JobQueue - Job enqueued: jobId=259773e4-9153-4ae3-adac-463293b9ea78, type=t, priority=0, queueSize=3
[main] DEBUG com.demo.backgroundjobservice.service.JobQueue - Job dispatched: jobId=259773e4-9153-4ae3-adac-463293b9ea78, type=t, priority=0
[main] DEBUG com.demo.backgroundjobservice.service.JobQueue - Job enqueued: jobId=8e6d628f-f99a-4c93-90f2-2be2a61d0a1f, type=t, priority=9, queueSize=2
[main] DEBUG com.demo.backgroundjobservice.service.JobQueue - Job enqueued: jobId=259773e4-9153-4ae3-adac-463293b9ea78, type=t, priority=0, queueSize=3
[main] DEBUG com.demo.backgroundjobservice.service.JobQueue - Job dispatched: jobId=8e6d628f-f99a-4c93-90f2-2be2a61d0a1f, type=t, priority=9
[main] DEBUG com.demo.backgroundjobservice.service.JobQueue - Job enqueued: jobId=8e6d628f-f99a-4c93-90f2-2be2a61d0a1f, type=t, priority=9, queueSize=2
[main] DEBUG com.demo.backgroundjobservice.service.JobQueue - Job enqueued: jobId=259773e4-9153-4ae3-adac-463293b9ea78, type=t, priority=0, queueSize=3
[main] DEBUG com.demo.backgroundjobservice.service.JobQueue - Job dispatched: jobId=259773e4-9153-4ae3-adac-463293b9ea78, type=t, priority=0
[main] DEBUG com.demo.backgroundjobservice.service.JobQueue - Job enqueued: jobId=8e6d628f-f99a-4c93-90f2-2be2a61d0a1f, type=t, priority=9, queueSize=2
[main] DEBUG com.demo.backgroundjobservice.service.JobQueue - Job enqueued: jobId=259773e4-9153-4ae3-adac-463293b9ea78, type=t, priority=0, queueSize=3
[main] DEBUG com.demo.backgroundjobservice.service.JobQueue - Job dispatched: jobId=8e6d628f-f99a-4c93-90f2-2be2a61d0a1f, type=t, priority=9
[main] DEBUG com.demo.backgroundjobservice.service.JobQueue - Job enqueued: jobId=8e6d628f-f99a-4c93-90f2-2be2a61d0a1f, type=t, priority=9, queueSize=2
[main] DEBUG com.demo.backgroundjobservice.service.JobQueue - Job enqueued: jobId=259773e4-9153-4ae3-adac-463293b9ea78, type=t, priority=0, queueSize=3
[main] DEBUG com.demo.backgroundjobservice.service.JobQueue - Job dispatched: jobId=8e6d628f-f99a-4c93-90f2-2be2a61d0a1f, type=t, priority=9
[main] DEBUG com.demo.backgroundjobservice.service.JobQueue - Job enqueued: jobId=8e6d628f-f99a-4c93-90f2-2be2a61d0a1f, type=t, priority=9, queueSize=3
[main] DEBUG com.demo.backgroundjobservice.service.JobQueue - Job enqueued: jobId=259773e4-9153-4ae3-adac-463293b9ea78, type=t, priority=0, queueSize=4
[main] DEBUG com.demo.backgroundjobservice.service.JobQueue - Job dispatched: jobId=259773e4-9153-4ae3-adac-463293b9ea78, type=t, priority=0
[main] DEBUG com.demo.backgroundjobservice.service.JobQueue - Job enqueued: jobId=8e6d628f-f99a-4c93-90f2-2be2a61d0a1f, type=t, priority=9, queueSize=2
[main] DEBUG com.demo.backgroundjobservice.service.JobQueue - Job enqueued: jobId=259773e4-9153-4ae3-adac-463293b9ea78, type=t, priority=0, queueSize=3
[main] DEBUG com.demo.backgroundjobservice.service.JobQueue - Job dispatched: jobId=8e6d628f-f99a-4c93-90f2-2be2a61d0a1f, type=t, priority=9
[main] DEBUG com.demo.backgroundjobservice.service.JobQueue - Job enqueued: jobId=8e6d628f-f99a-4c93-90f2-2be2a61d0a1f, type=t, priority=9, queueSize=2
[main] DEBUG com.demo.backgroundjobservice.service.JobQueue - Job enqueued: jobId=259773e4-9153-4ae3-adac-463293b9ea78, type=t, priority=0, queueSize=3
[main] DEBUG com.demo.backgroundjobservice.service.JobQueue - Job dispatched: jobId=8e6d628f-f99a-4c93-90f2-2be2a61d0a1f, type=t, priority=9
[main] DEBUG com.demo.backgroundjobservice.service.JobQueue - Job enqueued: jobId=8e6d628f-f99a-4c93-90f2-2be2a61d0a1f, type=t, priority=9, queueSize=3
[main] DEBUG com.demo.backgroundjobservice.service.JobQueue - Job enqueued: jobId=259773e4-9153-4ae3-adac-463293b9ea78, type=t, priority=0, queueSize=4
[main] DEBUG com.demo.backgroundjobservice.service.JobQueue - Job dispatched: jobId=8e6d628f-f99a-4c93-90f2-2be2a61d0a1f, type=t, priority=9
[main] DEBUG com.demo.backgroundjobservice.service.JobQueue - Job enqueued: jobId=8e6d628f-f99a-4c93-90f2-2be2a61d0a1f, type=t, priority=9, queueSize=4
[main] DEBUG com.demo.backgroundjobservice.service.JobQueue - Job enqueued: jobId=259773e4-9153-4ae3-adac-463293b9ea78, type=t, priority=0, queueSize=5
[main] DEBUG com.demo.backgroundjobservice.service.JobQueue - Job dispatched: jobId=259773e4-9153-4ae3-adac-463293b9ea78, type=t, priority=0
[main] DEBUG com.demo.backgroundjobservice.service.JobQueue - Job enqueued: jobId=8e6d628f-f99a-4c93-90f2-2be2a61d0a1f, type=t, priority=9, queueSize=2
[main] DEBUG com.demo.backgroundjobservice.service.JobQueue - Job enqueued: jobId=259773e4-9153-4ae3-adac-463293b9ea78, type=t, priority=0, queueSize=3
[main] DEBUG com.demo.backgroundjobservice.service.JobQueue - Job dispatched: jobId=8e6d628f-f99a-4c93-90f2-2be2a61d0a1f, type=t, priority=9
[main] DEBUG com.demo.backgroundjobservice.service.JobQueue - Job enqueued: jobId=8e6d628f-f99a-4c93-90f2-2be2a61d0a1f, type=t, priority=9, queueSize=2
[main] DEBUG com.demo.backgroundjobservice.service.JobQueue - Job enqueued: jobId=259773e4-9153-4ae3-adac-463293b9ea78, type=t, priority=0, queueSize=3
[main] DEBUG com.demo.backgroundjobservice.service.JobQueue - Job dispatched: jobId=8e6d628f-f99a-4c93-90f2-2be2a61d0a1f, type=t, priority=9
[main] DEBUG com.demo.backgroundjobservice.service.JobQueue - Job enqueued: jobId=8e6d628f-f99a-4c93-90f2-2be2a61d0a1f, type=t, priority=9, queueSize=3
[main] DEBUG com.demo.backgroundjobservice.service.JobQueue - Job enqueued: jobId=259773e4-9153-4ae3-adac-463293b9ea78, type=t, priority=0, queueSize=4
[main] DEBUG com.demo.backgroundjobservice.service.JobQueue - Job dispatched: jobId=8e6d628f-f99a-4c93-90f2-2be2a61d0a1f, type=t, priority=9
[main] DEBUG com.demo.backgroundjobservice.service.JobQueue - Job enqueued: jobId=8e6d628f-f99a-4c93-90f2-2be2a61d0a1f, type=t, priority=9, queueSize=4
[main] DEBUG com.demo.backgroundjobservice.service.JobQueue - Job enqueued: jobId=259773e4-9153-4ae3-adac-463293b9ea78, type=t, priority=0, queueSize=5
[main] DEBUG com.demo.backgroundjobservice.service.JobQueue - Job dispatched: jobId=8e6d628f-f99a-4c93-90f2-2be2a61d0a1f, type=t, priority=9
[main] DEBUG com.demo.backgroundjobservice.service.JobQueue - Job enqueued: jobId=8e6d628f-f99a-4c93-90f2-2be2a61d0a1f, type=t, priority=9, queueSize=5
[main] DEBUG com.demo.backgroundjobservice.service.JobQueue - Job enqueued: jobId=259773e4-9153-4ae3-adac-463293b9ea78, type=t, priority=0, queueSize=6
[main] DEBUG com.demo.backgroundjobservice.service.JobQueue - Job dispatched: jobId=8e6d628f-f99a-4c93-90f2-2be2a61d0a1f, type=t, priority=9
[main] DEBUG com.demo.backgroundjobservice.service.JobQueue - Job enqueued: jobId=8e6d628f-f99a-4c93-90f2-2be2a61d0a1f, type=t, priority=9, queueSize=6
[main] DEBUG com.demo.backgroundjobservice.service.JobQueue - Job enqueued: jobId=259773e4-9153-4ae3-adac-463293b9ea78, type=t, priority=0, queueSize=7
[main] DEBUG com.demo.backgroundjobservice.service.JobQueue - Job dispatched: jobId=8e6d628f-f99a-4c93-90f2-2be2a61d0a1f, type=t, priority=9
[main] DEBUG com.demo.backgroundjobservice.service.JobQueue - Job enqueued: jobId=8e6d628f-f99a-4c93-90f2-2be2a61d0a1f, type=t, priority=9, queueSize=7
[main] DEBUG com.demo.backgroundjobservice.service.JobQueue - Job enqueued: jobId=259773e4-9153-4ae3-adac-463293b9ea78, type=t, priority=0, queueSize=8
[main] DEBUG com.demo.backgroundjobservice.service.JobQueue - Job dispatched: jobId=8e6d628f-f99a-4c93-90f2-2be2a61d0a1f, type=t, priority=9
[main] DEBUG com.demo.backgroundjobservice.service.JobQueue - Job enqueued: jobId=8e6d628f-f99a-4c93-90f2-2be2a61d0a1f, type=t, priority=9, queueSize=8
[main] DEBUG com.demo.backgroundjobservice.service.JobQueue - Job enqueued: jobId=259773e4-9153-4ae3-adac-463293b9ea78, type=t, priority=0, queueSize=9
[main] DEBUG com.demo.backgroundjobservice.service.JobQueue - Job dispatched: jobId=8e6d628f-f99a-4c93-90f2-2be2a61d0a1f, type=t, priority=9
[main] DEBUG com.demo.backgroundjobservice.service.JobQueue - Job enqueued: jobId=8e6d628f-f99a-4c93-90f2-2be2a61d0a1f, type=t, priority=9, queueSize=9
[main] DEBUG com.demo.backgroundjobservice.service.JobQueue - Job enqueued: jobId=259773e4-9153-4ae3-adac-463293b9ea78, type=t, priority=0, queueSize=10
[main] DEBUG com.demo.backgroundjobservice.service.JobQueue - Job dispatched: jobId=8e6d628f-f99a-4c93-90f2-2be2a61d0a1f, type=t, priority=9
[main] DEBUG com.demo.backgroundjobservice.service.JobQueue - Job enqueued: jobId=8e6d628f-f99a-4c93-90f2-2be2a61d0a1f, type=t, priority=9, queueSize=10
[main] DEBUG com.demo.backgroundjobservice.service.JobQueue - Job enqueued: jobId=259773e4-9153-4ae3-adac-463293b9ea78, type=t, priority=0, queueSize=11
[main] DEBUG com.demo.backgroundjobservice.service.JobQueue - Job dispatched: jobId=8e6d628f-f99a-4c93-90f2-2be2a61d0a1f, type=t, priority=9
[main] DEBUG com.demo.backgroundjobservice.service.JobQueue - Job enqueued: jobId=8e6d628f-f99a-4c93-90f2-2be2a61d0a1f, type=t, priority=9, queueSize=11
[main] DEBUG com.demo.backgroundjobservice.service.JobQueue - Job enqueued: jobId=259773e4-9153-4ae3-adac-463293b9ea78, type=t, priority=0, queueSize=12
[main] DEBUG com.demo.backgroundjobservice.service.JobQueue - Job dispatched: jobId=8e6d628f-f99a-4c93-90f2-2be2a61d0a1f, type=t, priority=9
[main] DEBUG com.demo.backgroundjobservice.service.JobQueue - Job enqueued: jobId=8e6d628f-f99a-4c93-90f2-2be2a61d0a1f, type=t, priority=9, queueSize=12
[main] DEBUG com.demo.backgroundjobservice.service.JobQueue - Job enqueued: jobId=259773e4-9153-4ae3-adac-463293b9ea78, type=t, priority=0, queueSize=13
[main] DEBUG com.demo.backgroundjobservice.service.JobQueue - Job dispatched: jobId=259773e4-9153-4ae3-adac-463293b9ea78, type=t, priority=0
[main] DEBUG com.demo.backgroundjobservice.service.JobQueue - Job enqueued: jobId=8e6d628f-f99a-4c93-90f2-2be2a61d0a1f, type=t, priority=9, queueSize=2
[main] DEBUG com.demo.backgroundjobservice.service.JobQueue - Job enqueued: jobId=259773e4-9153-4ae3-adac-463293b9ea78, type=t, priority=0, queueSize=3
[main] DEBUG com.demo.backgroundjobservice.service.JobQueue - Job dispatched: jobId=8e6d628f-f99a-4c93-90f2-2be2a61d0a1f, type=t, priority=9
[main] DEBUG com.demo.backgroundjobservice.service.JobQueue - Job enqueued: jobId=8e6d628f-f99a-4c93-90f2-2be2a61d0a1f, type=t, priority=9, queueSize=2
[main] DEBUG com.demo.backgroundjobservice.service.JobQueue - Job enqueued: jobId=259773e4-9153-4ae3-adac-463293b9ea78, type=t, priority=0, queueSize=3
[main] DEBUG com.demo.backgroundjobservice.service.JobQueue - Job dispatched: jobId=8e6d628f-f99a-4c93-90f2-2be2a61d0a1f, type=t, priority=9
[main] DEBUG com.demo.backgroundjobservice.service.JobQueue - Job enqueued: jobId=8e6d628f-f99a-4c93-90f2-2be2a61d0a1f, type=t, priority=9, queueSize=3
[main] DEBUG com.demo.backgroundjobservice.service.JobQueue - Job enqueued: jobId=259773e4-9153-4ae3-adac-463293b9ea78, type=t, priority=0, queueSize=4
[main] DEBUG com.demo.backgroundjobservice.service.JobQueue - Job dispatched: jobId=8e6d628f-f99a-4c93-90f2-2be2a61d0a1f, type=t, priority=9
[main] DEBUG com.demo.backgroundjobservice.service.JobQueue - Job enqueued: jobId=8e6d628f-f99a-4c93-90f2-2be2a61d0a1f, type=t, priority=9, queueSize=4
[main] DEBUG com.demo.backgroundjobservice.service.JobQueue - Job enqueued: jobId=259773e4-9153-4ae3-adac-463293b9ea78, type=t, priority=0, queueSize=5
[main] DEBUG com.demo.backgroundjobservice.service.JobQueue - Job dispatched: jobId=8e6d628f-f99a-4c93-90f2-2be2a61d0a1f, type=t, priority=9
[main] DEBUG com.demo.backgroundjobservice.service.JobQueue - Job enqueued: jobId=8e6d628f-f99a-4c93-90f2-2be2a61d0a1f, type=t, priority=9, queueSize=5
[main] DEBUG com.demo.backgroundjobservice.service.JobQueue - Job enqueued: jobId=259773e4-9153-4ae3-adac-463293b9ea78, type=t, priority=0, queueSize=6
[main] DEBUG com.demo.backgroundjobservice.service.JobQueue - Job dispatched: jobId=8e6d628f-f99a-4c93-90f2-2be2a61d0a1f, type=t, priority=9
[main] DEBUG com.demo.backgroundjobservice.service.JobQueue - Job enqueued: jobId=8e6d628f-f99a-4c93-90f2-2be2a61d0a1f, type=t, priority=9, queueSize=6
[main] DEBUG com.demo.backgroundjobservice.service.JobQueue - Job enqueued: jobId=259773e4-9153-4ae3-adac-463293b9ea78, type=t, priority=0, queueSize=7
[main] DEBUG com.demo.backgroundjobservice.service.JobQueue - Job dispatched: jobId=8e6d628f-f99a-4c93-90f2-2be2a61d0a1f, type=t, priority=9
[main] DEBUG com.demo.backgroundjobservice.service.JobQueue - Job enqueued: jobId=8e6d628f-f99a-4c93-90f2-2be2a61d0a1f, type=t, priority=9, queueSize=7
[main] DEBUG com.demo.backgroundjobservice.service.JobQueue - Job enqueued: jobId=259773e4-9153-4ae3-adac-463293b9ea78, type=t, priority=0, queueSize=8
[main] DEBUG com.demo.backgroundjobservice.service.JobQueue - Job dispatched: jobId=259773e4-9153-4ae3-adac-463293b9ea78, type=t, priority=0
[main] DEBUG com.demo.backgroundjobservice.service.JobQueue - Job enqueued: jobId=8e6d628f-f99a-4c93-90f2-2be2a61d0a1f, type=t, priority=9, queueSize=2
[main] DEBUG com.demo.backgroundjobservice.service.JobQueue - Job enqueued: jobId=259773e4-9153-4ae3-adac-463293b9ea78, type=t, priority=0, queueSize=3
[main] DEBUG com.demo.backgroundjobservice.service.JobQueue - Job dispatched: jobId=8e6d628f-f99a-4c93-90f2-2be2a61d0a1f, type=t, priority=9
[main] DEBUG com.demo.backgroundjobservice.service.JobQueue - Job enqueued: jobId=8e6d628f-f99a-4c93-90f2-2be2a61d0a1f, type=t, priority=9, queueSize=2
[main] DEBUG com.demo.backgroundjobservice.service.JobQueue - Job enqueued: jobId=259773e4-9153-4ae3-adac-463293b9ea78, type=t, priority=0, queueSize=3
[main] DEBUG com.demo.backgroundjobservice.service.JobQueue - Job dispatched: jobId=259773e4-9153-4ae3-adac-463293b9ea78, type=t, priority=0
[main] DEBUG com.demo.backgroundjobservice.service.JobQueue - Job enqueued: jobId=8e6d628f-f99a-4c93-90f2-2be2a61d0a1f, type=t, priority=9, queueSize=2
[main] DEBUG com.demo.backgroundjobservice.service.JobQueue - Job enqueued: jobId=259773e4-9153-4ae3-adac-463293b9ea78, type=t, priority=0, queueSize=3
[main] DEBUG com.demo.backgroundjobservice.service.JobQueue - Job dispatched: jobId=8e6d628f-f99a-4c93-90f2-2be2a61d0a1f, type=t, priority=9
[main] DEBUG com.demo.backgroundjobservice.service.JobQueue - Job enqueued: jobId=8e6d628f-f99a-4c93-90f2-2be2a61d0a1f, type=t, priority=9, queueSize=2
[main] DEBUG com.demo.backgroundjobservice.service.JobQueue - Job enqueued: jobId=259773e4-9153-4ae3-adac-463293b9ea78, type=t, priority=0, queueSize=3
[main] DEBUG com.demo.backgroundjobservice.service.JobQueue - Job dispatched: jobId=8e6d628f-f99a-4c93-90f2-2be2a61d0a1f, type=t, priority=9
[main] DEBUG com.demo.backgroundjobservice.service.JobQueue - Job enqueued: jobId=8e6d628f-f99a-4c93-90f2-2be2a61d0a1f, type=t, priority=9, queueSize=3
[main] DEBUG com.demo.backgroundjobservice.service.JobQueue - Job enqueued: jobId=259773e4-9153-4ae3-adac-463293b9ea78, type=t, priority=0, queueSize=4
[main] DEBUG com.demo.backgroundjobservice.service.JobQueue - Job dispatched: jobId=8e6d628f-f99a-4c93-90f2-2be2a61d0a1f, type=t, priority=9
[main] DEBUG com.demo.backgroundjobservice.service.JobQueue - Job enqueued: jobId=8e6d628f-f99a-4c93-90f2-2be2a61d0a1f, type=t, priority=9, queueSize=4
[main] DEBUG com.demo.backgroundjobservice.service.JobQueue - Job enqueued: jobId=259773e4-9153-4ae3-adac-463293b9ea78, type=t, priority=0, queueSize=5
[main] DEBUG com.demo.backgroundjobservice.service.JobQueue - Job dispatched: jobId=259773e4-9153-4ae3-adac-463293b9ea78, type=t, priority=0
[main] DEBUG com.demo.backgroundjobservice.service.JobQueue - Job enqueued: jobId=8e6d628f-f99a-4c93-90f2-2be2a61d0a1f, type=t, priority=9, queueSize=2
[main] DEBUG com.demo.backgroundjobservice.service.JobQueue - Job enqueued: jobId=259773e4-9153-4ae3-adac-463293b9ea78, type=t, priority=0, queueSize=3
[main] DEBUG com.demo.backgroundjobservice.service.JobQueue - Job dispatched: jobId=8e6d628f-f99a-4c93-90f2-2be2a61d0a1f, type=t, priority=9
[main] DEBUG com.demo.backgroundjobservice.service.JobQueue - Job enqueued: jobId=8e6d628f-f99a-4c93-90f2-2be2a61d0a1f, type=t, priority=9, queueSize=2
[main] DEBUG com.demo.backgroundjobservice.service.JobQueue - Job enqueued: jobId=259773e4-9153-4ae3-adac-463293b9ea78, type=t, priority=0, queueSize=3
[main] DEBUG com.demo.backgroundjobservice.service.JobQueue - Job dispatched: jobId=8e6d628f-f99a-4c93-90f2-2be2a61d0a1f, type=t, priority=9
[main] DEBUG com.demo.backgroundjobservice.service.JobQueue - Job enqueued: jobId=8e6d628f-f99a-4c93-90f2-2be2a61d0a1f, type=t, priority=9, queueSize=3
[main] DEBUG com.demo.backgroundjobservice.service.JobQueue - Job enqueued: jobId=259773e4-9153-4ae3-adac-463293b9ea78, type=t, priority=0, queueSize=4
[main] DEBUG com.demo.backgroundjobservice.service.JobQueue - Job dispatched: jobId=8e6d628f-f99a-4c93-90f2-2be2a61d0a1f, type=t, priority=9
[main] DEBUG com.demo.backgroundjobservice.service.JobQueue - Job enqueued: jobId=8e6d628f-f99a-4c93-90f2-2be2a61d0a1f, type=t, priority=9, queueSize=4
[main] DEBUG com.demo.backgroundjobservice.service.JobQueue - Job enqueued: jobId=259773e4-9153-4ae3-adac-463293b9ea78, type=t, priority=0, queueSize=5
[main] DEBUG com.demo.backgroundjobservice.service.JobQueue - Job dispatched: jobId=8e6d628f-f99a-4c93-90f2-2be2a61d0a1f, type=t, priority=9
[main] DEBUG com.demo.backgroundjobservice.service.JobQueue - Job enqueued: jobId=8e6d628f-f99a-4c93-90f2-2be2a61d0a1f, type=t, priority=9, queueSize=5
[main] DEBUG com.demo.backgroundjobservice.service.JobQueue - Job enqueued: jobId=259773e4-9153-4ae3-adac-463293b9ea78, type=t, priority=0, queueSize=6
[main] DEBUG com.demo.backgroundjobservice.service.JobQueue - Job dispatched: jobId=8e6d628f-f99a-4c93-90f2-2be2a61d0a1f, type=t, priority=9
[main] DEBUG com.demo.backgroundjobservice.service.JobQueue - Job enqueued: jobId=8e6d628f-f99a-4c93-90f2-2be2a61d0a1f, type=t, priority=9, queueSize=6
[main] DEBUG com.demo.backgroundjobservice.service.JobQueue - Job enqueued: jobId=259773e4-9153-4ae3-adac-463293b9ea78, type=t, priority=0, queueSize=7
[main] DEBUG com.demo.backgroundjobservice.service.JobQueue - Job dispatched: jobId=8e6d628f-f99a-4c93-90f2-2be2a61d0a1f, type=t, priority=9
[main] DEBUG com.demo.backgroundjobservice.service.JobQueue - Job enqueued: jobId=8e6d628f-f99a-4c93-90f2-2be2a61d0a1f, type=t, priority=9, queueSize=7
[main] DEBUG com.demo.backgroundjobservice.service.JobQueue - Job enqueued: jobId=259773e4-9153-4ae3-adac-463293b9ea78, type=t, priority=0, queueSize=8
[main] DEBUG com.demo.backgroundjobservice.service.JobQueue - Job dispatched: jobId=8e6d628f-f99a-4c93-90f2-2be2a61d0a1f, type=t, priority=9
[main] DEBUG com.demo.backgroundjobservice.service.JobQueue - Job enqueued: jobId=8e6d628f-f99a-4c93-90f2-2be2a61d0a1f, type=t, priority=9, queueSize=8
[main] DEBUG com.demo.backgroundjobservice.service.JobQueue - Job enqueued: jobId=259773e4-9153-4ae3-adac-463293b9ea78, type=t, priority=0, queueSize=9
[main] DEBUG com.demo.backgroundjobservice.service.JobQueue - Job dispatched: jobId=259773e4-9153-4ae3-adac-463293b9ea78, type=t, priority=0
[main] DEBUG com.demo.backgroundjobservice.service.JobQueue - Job enqueued: jobId=8e6d628f-f99a-4c93-90f2-2be2a61d0a1f, type=t, priority=9, queueSize=2
[main] DEBUG com.demo.backgroundjobservice.service.JobQueue - Job enqueued: jobId=259773e4-9153-4ae3-adac-463293b9ea78, type=t, priority=0, queueSize=3
[main] DEBUG com.demo.backgroundjobservice.service.JobQueue - Job dispatched: jobId=8e6d628f-f99a-4c93-90f2-2be2a61d0a1f, type=t, priority=9
[main] DEBUG com.demo.backgroundjobservice.service.JobQueue - Job enqueued: jobId=8e6d628f-f99a-4c93-90f2-2be2a61d0a1f, type=t, priority=9, queueSize=2
[main] DEBUG com.demo.backgroundjobservice.service.JobQueue - Job enqueued: jobId=259773e4-9153-4ae3-adac-463293b9ea78, type=t, priority=0, queueSize=3
[main] DEBUG com.demo.backgroundjobservice.service.JobQueue - Job dispatched: jobId=8e6d628f-f99a-4c93-90f2-2be2a61d0a1f, type=t, priority=9
[main] DEBUG com.demo.backgroundjobservice.service.JobQueue - Job enqueued: jobId=8e6d628f-f99a-4c93-90f2-2be2a61d0a1f, type=t, priority=9, queueSize=3
[main] DEBUG com.demo.backgroundjobservice.service.JobQueue - Job enqueued: jobId=259773e4-9153-4ae3-adac-463293b9ea78, type=t, priority=0, queueSize=4
[main] DEBUG com.demo.backgroundjobservice.service.JobQueue - Job dispatched: jobId=259773e4-9153-4ae3-adac-463293b9ea78, type=t, priority=0
[main] DEBUG com.demo.backgroundjobservice.service.JobQueue - Job enqueued: jobId=8e6d628f-f99a-4c93-90f2-2be2a61d0a1f, type=t, priority=9, queueSize=2
[main] DEBUG com.demo.backgroundjobservice.service.JobQueue - Job enqueued: jobId=259773e4-9153-4ae3-adac-463293b9ea78, type=t, priority=0, queueSize=3
[main] DEBUG com.demo.backgroundjobservice.service.JobQueue - Job dispatched: jobId=8e6d628f-f99a-4c93-90f2-2be2a61d0a1f, type=t, priority=9
[main] DEBUG com.demo.backgroundjobservice.service.JobQueue - Job enqueued: jobId=8e6d628f-f99a-4c93-90f2-2be2a61d0a1f, type=t, priority=9, queueSize=2
[main] DEBUG com.demo.backgroundjobservice.service.JobQueue - Job enqueued: jobId=259773e4-9153-4ae3-adac-463293b9ea78, type=t, priority=0, queueSize=3
[main] DEBUG com.demo.backgroundjobservice.service.JobQueue - Job dispatched: jobId=8e6d628f-f99a-4c93-90f2-2be2a61d0a1f, type=t, priority=9
[main] DEBUG com.demo.backgroundjobservice.service.JobQueue - Job enqueued: jobId=8e6d628f-f99a-4c93-90f2-2be2a61d0a1f, type=t, priority=9, queueSize=3
[main] DEBUG com.demo.backgroundjobservice.service.JobQueue - Job enqueued: jobId=259773e4-9153-4ae3-adac-463293b9ea78, type=t, priority=0, queueSize=4
[main] DEBUG com.demo.backgroundjobservice.service.JobQueue - Job dispatched: jobId=259773e4-9153-4ae3-adac-463293b9ea78, type=t, priority=0
[main] DEBUG com.demo.backgroundjobservice.service.JobQueue - Job enqueued: jobId=8e6d628f-f99a-4c93-90f2-2be2a61d0a1f, type=t, priority=9, queueSize=2
[main] DEBUG com.demo.backgroundjobservice.service.JobQueue - Job enqueued: jobId=259773e4-9153-4ae3-adac-463293b9ea78, type=t, priority=0, queueSize=3
[main] DEBUG com.demo.backgroundjobservice.service.JobQueue - Job dispatched: jobId=8e6d628f-f99a-4c93-90f2-2be2a61d0a1f, type=t, priority=9
[main] DEBUG com.demo.backgroundjobservice.service.JobQueue - Job enqueued: jobId=8e6d628f-f99a-4c93-90f2-2be2a61d0a1f, type=t, priority=9, queueSize=2
[...]
[main] DEBUG com.demo.backgroundjobservice.service.JobQueue - Job enqueued: jobId=259773e4-9153-4ae3-adac-463293b9ea78, type=t, priority=0, queueSize=4
[main] DEBUG com.demo.backgroundjobservice.service.JobQueue - Job dispatched: jobId=8e6d628f-f99a-4c93-90f2-2be2a61d0a1f, type=t, priority=9
[main] DEBUG com.demo.backgroundjobservice.service.JobQueue - Job enqueued: jobId=8e6d628f-f99a-4c93-90f2-2be2a61d0a1f, type=t, priority=9, queueSize=4
[main] DEBUG com.demo.backgroundjobservice.service.JobQueue - Job enqueued: jobId=259773e4-9153-4ae3-adac-463293b9ea78, type=t, priority=0, queueSize=5
[main] DEBUG com.demo.backgroundjobservice.service.JobQueue - Job dispatched: jobId=259773e4-9153-4ae3-adac-463293b9ea78, type=t, priority=0
[main] DEBUG com.demo.backgroundjobservice.service.JobQueue - Job enqueued: jobId=8e6d628f-f99a-4c93-90f2-2be2a61d0a1f, type=t, priority=9, queueSize=2
[main] DEBUG com.demo.backgroundjobservice.service.JobQueue - Job enqueued: jobId=259773e4-9153-4ae3-adac-463293b9ea78, type=t, priority=0, queueSize=3
[main] DEBUG com.demo.backgroundjobservice.service.JobQueue - Job dispatched: jobId=8e6d628f-f99a-4c93-90f2-2be2a61d0a1f, type=t, priority=9
[main] DEBUG com.demo.backgroundjobservice.service.JobQueue - Job enqueued: jobId=8e6d628f-f99a-4c93-90f2-2be2a61d0a1f, type=t, priority=9, queueSize=2
[main] DEBUG com.demo.backgroundjobservice.service.JobQueue - Job enqueued: jobId=259773e4-9153-4ae3-adac-463293b9ea78, type=t, priority=0, queueSize=3
[main] DEBUG com.demo.backgroundjobservice.service.JobQueue - Job dispatched: jobId=259773e4-9153-4ae3-adac-463293b9ea78, type=t, priority=0
[main] DEBUG com.demo.backgroundjobservice.service.JobQueue - Job enqueued: jobId=8e6d628f-f99a-4c93-90f2-2be2a61d0a1f, type=t, priority=9, queueSize=2
[main] DEBUG com.demo.backgroundjobservice.service.JobQueue - Job enqueued: jobId=259773e4-9153-4ae3-adac-463293b9ea78, type=t, priority=0, queueSize=3
[main] DEBUG com.demo.backgroundjobservice.service.JobQueue - Job dispatched: jobId=8e6d628f-f99a-4c93-90f2-2be2a61d0a1f, type=t, priority=9
[main] DEBUG com.demo.backgroundjobservice.service.JobQueue - Job enqueued: jobId=8e6d628f-f99a-4c93-90f2-2be2a61d0a1f, type=t, priority=9, queueSize=2
[main] DEBUG com.demo.backgroundjobservice.service.JobQueue - Job enqueued: jobId=259773e4-9153-4ae3-adac-463293b9ea78, type=t, priority=0, queueSize=3
[main] DEBUG com.demo.backgroundjobservice.service.JobQueue - Job dispatched: jobId=8e6d628f-f99a-4c93-90f2-2be2a61d0a1f, type=t, priority=9
[main] DEBUG com.demo.backgroundjobservice.service.JobQueue - Job enqueued: jobId=8e6d628f-f99a-4c93-90f2-2be2a61d0a1f, type=t, priority=9, queueSize=3
[main] DEBUG com.demo.backgroundjobservice.service.JobQueue - Job enqueued: jobId=259773e4-9153-4ae3-adac-463293b9ea78, type=t, priority=0, queueSize=4
[main] DEBUG com.demo.backgroundjobservice.service.JobQueue - Job dispatched: jobId=8e6d628f-f99a-4c93-90f2-2be2a61d0a1f, type=t, priority=9
[main] DEBUG com.demo.backgroundjobservice.service.JobQueue - Job enqueued: jobId=8e6d628f-f99a-4c93-90f2-2be2a61d0a1f, type=t, priority=9, queueSize=4
[main] DEBUG com.demo.backgroundjobservice.service.JobQueue - Job enqueued: jobId=259773e4-9153-4ae3-adac-463293b9ea78, type=t, priority=0, queueSize=5
[main] DEBUG com.demo.backgroundjobservice.service.JobQueue - Job dispatched: jobId=259773e4-9153-4ae3-adac-463293b9ea78, type=t, priority=0
[main] DEBUG com.demo.backgroundjobservice.service.JobQueue - Job enqueued: jobId=8e6d628f-f99a-4c93-90f2-2be2a61d0a1f, type=t, priority=9, queueSize=2
[main] DEBUG com.demo.backgroundjobservice.service.JobQueue - Job enqueued: jobId=259773e4-9153-4ae3-adac-463293b9ea78, type=t, priority=0, queueSize=3
[main] DEBUG com.demo.backgroundjobservice.service.JobQueue - Job dispatched: jobId=259773e4-9153-4ae3-adac-463293b9ea78, type=t, priority=0
[main] DEBUG com.demo.backgroundjobservice.service.JobQueue - Job enqueued: jobId=8e6d628f-f99a-4c93-90f2-2be2a61d0a1f, type=t, priority=9, queueSize=3
[main] DEBUG com.demo.backgroundjobservice.service.JobQueue - Job enqueued: jobId=259773e4-9153-4ae3-adac-463293b9ea78, type=t, priority=0, queueSize=4
[main] DEBUG com.demo.backgroundjobservice.service.JobQueue - Job dispatched: jobId=8e6d628f-f99a-4c93-90f2-2be2a61d0a1f, type=t, priority=9
[main] DEBUG com.demo.backgroundjobservice.service.JobQueue - Job enqueued: jobId=8e6d628f-f99a-4c93-90f2-2be2a61d0a1f, type=t, priority=9, queueSize=2
[main] DEBUG com.demo.backgroundjobservice.service.JobQueue - Job enqueued: jobId=259773e4-9153-4ae3-adac-463293b9ea78, type=t, priority=0, queueSize=3
[main] DEBUG com.demo.backgroundjobservice.service.JobQueue - Job dispatched: jobId=8e6d628f-f99a-4c93-90f2-2be2a61d0a1f, type=t, priority=9
[main] DEBUG com.demo.backgroundjobservice.service.JobQueue - Job enqueued: jobId=8e6d628f-f99a-4c93-90f2-2be2a61d0a1f, type=t, priority=9, queueSize=3
[main] DEBUG com.demo.backgroundjobservice.service.JobQueue - Job enqueued: jobId=259773e4-9153-4ae3-adac-463293b9ea78, type=t, priority=0, queueSize=4
[main] DEBUG com.demo.backgroundjobservice.service.JobQueue - Job dispatched: jobId=8e6d628f-f99a-4c93-90f2-2be2a61d0a1f, type=t, priority=9
[main] DEBUG com.demo.backgroundjobservice.service.JobQueue - Job enqueued: jobId=8e6d628f-f99a-4c93-90f2-2be2a61d0a1f, type=t, priority=9, queueSize=4
[main] DEBUG com.demo.backgroundjobservice.service.JobQueue - Job enqueued: jobId=259773e4-9153-4ae3-adac-463293b9ea78, type=t, priority=0, queueSize=5
[main] DEBUG com.demo.backgroundjobservice.service.JobQueue - Job dispatched: jobId=8e6d628f-f99a-4c93-90f2-2be2a61d0a1f, type=t, priority=9
[main] DEBUG com.demo.backgroundjobservice.service.JobQueue - Job enqueued: jobId=8e6d628f-f99a-4c93-90f2-2be2a61d0a1f, type=t, priority=9, queueSize=5
[main] DEBUG com.demo.backgroundjobservice.service.JobQueue - Job enqueued: jobId=259773e4-9153-4ae3-adac-463293b9ea78, type=t, priority=0, queueSize=6
[main] DEBUG com.demo.backgroundjobservice.service.JobQueue - Job dispatched: jobId=259773e4-9153-4ae3-adac-463293b9ea78, type=t, priority=0
[main] DEBUG com.demo.backgroundjobservice.service.JobQueue - Job enqueued: jobId=8e6d628f-f99a-4c93-90f2-2be2a61d0a1f, type=t, priority=9, queueSize=2
[main] DEBUG com.demo.backgroundjobservice.service.JobQueue - Job enqueued: jobId=259773e4-9153-4ae3-adac-463293b9ea78, type=t, priority=0, queueSize=3
[main] DEBUG com.demo.backgroundjobservice.service.JobQueue - Job dispatched: jobId=8e6d628f-f99a-4c93-90f2-2be2a61d0a1f, type=t, priority=9
[main] DEBUG com.demo.backgroundjobservice.service.JobQueue - Job enqueued: jobId=8e6d628f-f99a-4c93-90f2-2be2a61d0a1f, type=t, priority=9, queueSize=2
[main] DEBUG com.demo.backgroundjobservice.service.JobQueue - Job enqueued: jobId=259773e4-9153-4ae3-adac-463293b9ea78, type=t, priority=0, queueSize=3
[main] DEBUG com.demo.backgroundjobservice.service.JobQueue - Job dispatched: jobId=8e6d628f-f99a-4c93-90f2-2be2a61d0a1f, type=t, priority=9
[main] DEBUG com.demo.backgroundjobservice.service.JobQueue - Job enqueued: jobId=8e6d628f-f99a-4c93-90f2-2be2a61d0a1f, type=t, priority=9, queueSize=3
[main] DEBUG com.demo.backgroundjobservice.service.JobQueue - Job enqueued: jobId=259773e4-9153-4ae3-adac-463293b9ea78, type=t, priority=0, queueSize=4
[main] DEBUG com.demo.backgroundjobservice.service.JobQueue - Job dispatched: jobId=8e6d628f-f99a-4c93-90f2-2be2a61d0a1f, type=t, priority=9
[main] DEBUG com.demo.backgroundjobservice.service.JobQueue - Job enqueued: jobId=8e6d628f-f99a-4c93-90f2-2be2a61d0a1f, type=t, priority=9, queueSize=4
[main] DEBUG com.demo.backgroundjobservice.service.JobQueue - Job enqueued: jobId=259773e4-9153-4ae3-adac-463293b9ea78, type=t, priority=0, queueSize=5
[main] DEBUG com.demo.backgroundjobservice.service.JobQueue - Job dispatched: jobId=259773e4-9153-4ae3-adac-463293b9ea78, type=t, priority=0
[main] DEBUG com.demo.backgroundjobservice.service.JobQueue - Job enqueued: jobId=8e6d628f-f99a-4c93-90f2-2be2a61d0a1f, type=t, priority=9, queueSize=2
[main] DEBUG com.demo.backgroundjobservice.service.JobQueue - Job enqueued: jobId=259773e4-9153-4ae3-adac-463293b9ea78, type=t, priority=0, queueSize=3
[main] DEBUG com.demo.backgroundjobservice.service.JobQueue - Job dispatched: jobId=8e6d628f-f99a-4c93-90f2-2be2a61d0a1f, type=t, priority=9
[main] DEBUG com.demo.backgroundjobservice.service.JobQueue - Job enqueued: jobId=8e6d628f-f99a-4c93-90f2-2be2a61d0a1f, type=t, priority=9, queueSize=2
[main] DEBUG com.demo.backgroundjobservice.service.JobQueue - Job enqueued: jobId=259773e4-9153-4ae3-adac-463293b9ea78, type=t, priority=0, queueSize=3
[main] DEBUG com.demo.backgroundjobservice.service.JobQueue - Job dispatched: jobId=8e6d628f-f99a-4c93-90f2-2be2a61d0a1f, type=t, priority=9
[main] DEBUG com.demo.backgroundjobservice.service.JobQueue - Job enqueued: jobId=8e6d628f-f99a-4c93-90f2-2be2a61d0a1f, type=t, priority=9, queueSize=3
[main] DEBUG com.demo.backgroundjobservice.service.JobQueue - Job enqueued: jobId=259773e4-9153-4ae3-adac-463293b9ea78, type=t, priority=0, queueSize=4
[main] DEBUG com.demo.backgroundjobservice.service.JobQueue - Job dispatched: jobId=8e6d628f-f99a-4c93-90f2-2be2a61d0a1f, type=t, priority=9
[main] DEBUG com.demo.backgroundjobservice.service.JobQueue - Job enqueued: jobId=8e6d628f-f99a-4c93-90f2-2be2a61d0a1f, type=t, priority=9, queueSize=4
[main] DEBUG com.demo.backgroundjobservice.service.JobQueue - Job enqueued: jobId=259773e4-9153-4ae3-adac-463293b9ea78, type=t, priority=0, queueSize=5
[main] DEBUG com.demo.backgroundjobservice.service.JobQueue - Job dispatched: jobId=259773e4-9153-4ae3-adac-463293b9ea78, type=t, priority=0
[main] DEBUG com.demo.backgroundjobservice.service.JobQueue - Job enqueued: jobId=8e6d628f-f99a-4c93-90f2-2be2a61d0a1f, type=t, priority=9, queueSize=2
[main] DEBUG com.demo.backgroundjobservice.service.JobQueue - Job enqueued: jobId=259773e4-9153-4ae3-adac-463293b9ea78, type=t, priority=0, queueSize=3
[main] DEBUG com.demo.backgroundjobservice.service.JobQueue - Job dispatched: jobId=8e6d628f-f99a-4c93-90f2-2be2a61d0a1f, type=t, priority=9
[main] DEBUG com.demo.backgroundjobservice.service.JobQueue - Job enqueued: jobId=8e6d628f-f99a-4c93-90f2-2be2a61d0a1f, type=t, priority=9, queueSize=2
[main] DEBUG com.demo.backgroundjobservice.service.JobQueue - Job enqueued: jobId=259773e4-9153-4ae3-adac-463293b9ea78, type=t, priority=0, queueSize=3
[main] DEBUG com.demo.backgroundjobservice.service.JobQueue - Job dispatched: jobId=8e6d628f-f99a-4c93-90f2-2be2a61d0a1f, type=t, priority=9
[main] DEBUG com.demo.backgroundjobservice.service.JobQueue - Job enqueued: jobId=8e6d628f-f99a-4c93-90f2-2be2a61d0a1f, type=t, priority=9, queueSize=3
[main] DEBUG com.demo.backgroundjobservice.service.JobQueue - Job enqueued: jobId=259773e4-9153-4ae3-adac-463293b9ea78, type=t, priority=0, queueSize=4
[main] DEBUG com.demo.backgroundjobservice.service.JobQueue - Job dispatched: jobId=8e6d628f-f99a-4c93-90f2-2be2a61d0a1f, type=t, priority=9
[main] DEBUG com.demo.backgroundjobservice.service.JobQueue - Job enqueued: jobId=8e6d628f-f99a-4c93-90f2-2be2a61d0a1f, type=t, priority=9, queueSize=4
[main] DEBUG com.demo.backgroundjobservice.service.JobQueue - Job enqueued: jobId=259773e4-9153-4ae3-adac-463293b9ea78, type=t, priority=0, queueSize=5
[main] DEBUG com.demo.backgroundjobservice.service.JobQueue - Job dispatched: jobId=8e6d628f-f99a-4c93-90f2-2be2a61d0a1f, type=t, priority=9
[main] DEBUG com.demo.backgroundjobservice.service.JobQueue - Job enqueued: jobId=8e6d628f-f99a-4c93-90f2-2be2a61d0a1f, type=t, priority=9, queueSize=5
[main] DEBUG com.demo.backgroundjobservice.service.JobQueue - Job enqueued: jobId=259773e4-9153-4ae3-adac-463293b9ea78, type=t, priority=0, queueSize=6
[main] DEBUG com.demo.backgroundjobservice.service.JobQueue - Job dispatched: jobId=8e6d628f-f99a-4c93-90f2-2be2a61d0a1f, type=t, priority=9
[main] DEBUG com.demo.backgroundjobservice.service.JobQueue - Job enqueued: jobId=8e6d628f-f99a-4c93-90f2-2be2a61d0a1f, type=t, priority=9, queueSize=6
[main] DEBUG com.demo.backgroundjobservice.service.JobQueue - Job enqueued: jobId=259773e4-9153-4ae3-adac-463293b9ea78, type=t, priority=0, queueSize=7
[main] DEBUG com.demo.backgroundjobservice.service.JobQueue - Job dispatched: jobId=8e6d628f-f99a-4c93-90f2-2be2a61d0a1f, type=t, priority=9
[main] DEBUG com.demo.backgroundjobservice.service.JobQueue - Job enqueued: jobId=8e6d628f-f99a-4c93-90f2-2be2a61d0a1f, type=t, priority=9, queueSize=7
[main] DEBUG com.demo.backgroundjobservice.service.JobQueue - Job enqueued: jobId=259773e4-9153-4ae3-adac-463293b9ea78, type=t, priority=0, queueSize=8
[main] DEBUG com.demo.backgroundjobservice.service.JobQueue - Job dispatched: jobId=8e6d628f-f99a-4c93-90f2-2be2a61d0a1f, type=t, priority=9
[main] DEBUG com.demo.backgroundjobservice.service.JobQueue - Job enqueued: jobId=8e6d628f-f99a-4c93-90f2-2be2a61d0a1f, type=t, priority=9, queueSize=8
[main] DEBUG com.demo.backgroundjobservice.service.JobQueue - Job enqueued: jobId=259773e4-9153-4ae3-adac-463293b9ea78, type=t, priority=0, queueSize=9
[main] DEBUG com.demo.backgroundjobservice.service.JobQueue - Job dispatched: jobId=8e6d628f-f99a-4c93-90f2-2be2a61d0a1f, type=t, priority=9
[main] DEBUG com.demo.backgroundjobservice.service.JobQueue - Job enqueued: jobId=8e6d628f-f99a-4c93-90f2-2be2a61d0a1f, type=t, priority=9, queueSize=9
[main] DEBUG com.demo.backgroundjobservice.service.JobQueue - Job enqueued: jobId=259773e4-9153-4ae3-adac-463293b9ea78, type=t, priority=0, queueSize=10
[main] DEBUG com.demo.backgroundjobservice.service.JobQueue - Job dispatched: jobId=8e6d628f-f99a-4c93-90f2-2be2a61d0a1f, type=t, priority=9
[main] DEBUG com.demo.backgroundjobservice.service.JobQueue - Job enqueued: jobId=8e6d628f-f99a-4c93-90f2-2be2a61d0a1f, type=t, priority=9, queueSize=10
[main] DEBUG com.demo.backgroundjobservice.service.JobQueue - Job enqueued: jobId=259773e4-9153-4ae3-adac-463293b9ea78, type=t, priority=0, queueSize=11
[main] DEBUG com.demo.backgroundjobservice.service.JobQueue - Job dispatched: jobId=8e6d628f-f99a-4c93-90f2-2be2a61d0a1f, type=t, priority=9
[main] DEBUG com.demo.backgroundjobservice.service.JobQueue - Job enqueued: jobId=8e6d628f-f99a-4c93-90f2-2be2a61d0a1f, type=t, priority=9, queueSize=11
[main] DEBUG com.demo.backgroundjobservice.service.JobQueue - Job enqueued: jobId=259773e4-9153-4ae3-adac-463293b9ea78, type=t, priority=0, queueSize=12
[main] DEBUG com.demo.backgroundjobservice.service.JobQueue - Job dispatched: jobId=8e6d628f-f99a-4c93-90f2-2be2a61d0a1f, type=t, priority=9
[main] DEBUG com.demo.backgroundjobservice.service.JobQueue - Job enqueued: jobId=8e6d628f-f99a-4c93-90f2-2be2a61d0a1f, type=t, priority=9, queueSize=12
[main] DEBUG com.demo.backgroundjobservice.service.JobQueue - Job enqueued: jobId=259773e4-9153-4ae3-adac-463293b9ea78, type=t, priority=0, queueSize=13
[main] DEBUG com.demo.backgroundjobservice.service.JobQueue - Job dispatched: jobId=259773e4-9153-4ae3-adac-463293b9ea78, type=t, priority=0
[main] DEBUG com.demo.backgroundjobservice.service.JobQueue - Job enqueued: jobId=8e6d628f-f99a-4c93-90f2-2be2a61d0a1f, type=t, priority=9, queueSize=2
[main] DEBUG com.demo.backgroundjobservice.service.JobQueue - Job enqueued: jobId=259773e4-9153-4ae3-adac-463293b9ea78, type=t, priority=0, queueSize=3
[main] DEBUG com.demo.backgroundjobservice.service.JobQueue - Job dispatched: jobId=8e6d628f-f99a-4c93-90f2-2be2a61d0a1f, type=t, priority=9
[main] DEBUG com.demo.backgroundjobservice.service.JobQueue - Job enqueued: jobId=8e6d628f-f99a-4c93-90f2-2be2a61d0a1f, type=t, priority=9, queueSize=2
[main] DEBUG com.demo.backgroundjobservice.service.JobQueue - Job enqueued: jobId=259773e4-9153-4ae3-adac-463293b9ea78, type=t, priority=0, queueSize=3
[main] DEBUG com.demo.backgroundjobservice.service.JobQueue - Job dispatched: jobId=8e6d628f-f99a-4c93-90f2-2be2a61d0a1f, type=t, priority=9
[main] DEBUG com.demo.backgroundjobservice.service.JobQueue - Job enqueued: jobId=8e6d628f-f99a-4c93-90f2-2be2a61d0a1f, type=t, priority=9, queueSize=3
[main] DEBUG com.demo.backgroundjobservice.service.JobQueue - Job enqueued: jobId=259773e4-9153-4ae3-adac-463293b9ea78, type=t, priority=0, queueSize=4
[main] DEBUG com.demo.backgroundjobservice.service.JobQueue - Job dispatched: jobId=8e6d628f-f99a-4c93-90f2-2be2a61d0a1f, type=t, priority=9
[main] DEBUG com.demo.backgroundjobservice.service.JobQueue - Job enqueued: jobId=8e6d628f-f99a-4c93-90f2-2be2a61d0a1f, type=t, priority=9, queueSize=4
[main] DEBUG com.demo.backgroundjobservice.service.JobQueue - Job enqueued: jobId=259773e4-9153-4ae3-adac-463293b9ea78, type=t, priority=0, queueSize=5
[main] DEBUG com.demo.backgroundjobservice.service.JobQueue - Job dispatched: jobId=8e6d628f-f99a-4c93-90f2-2be2a61d0a1f, type=t, priority=9
[main] DEBUG com.demo.backgroundjobservice.service.JobQueue - Job enqueued: jobId=8e6d628f-f99a-4c93-90f2-2be2a61d0a1f, type=t, priority=9, queueSize=5
[main] DEBUG com.demo.backgroundjobservice.service.JobQueue - Job enqueued: jobId=259773e4-9153-4ae3-adac-463293b9ea78, type=t, priority=0, queueSize=6
[main] DEBUG com.demo.backgroundjobservice.service.JobQueue - Job dispatched: jobId=8e6d628f-f99a-4c93-90f2-2be2a61d0a1f, type=t, priority=9
[main] DEBUG com.demo.backgroundjobservice.service.JobQueue - Job enqueued: jobId=8e6d628f-f99a-4c93-90f2-2be2a61d0a1f, type=t, priority=9, queueSize=6
[main] DEBUG com.demo.backgroundjobservice.service.JobQueue - Job enqueued: jobId=259773e4-9153-4ae3-adac-463293b9ea78, type=t, priority=0, queueSize=7
[main] DEBUG com.demo.backgroundjobservice.service.JobQueue - Job dispatched: jobId=259773e4-9153-4ae3-adac-463293b9ea78, type=t, priority=0
[main] DEBUG com.demo.backgroundjobservice.service.JobQueue - Job enqueued: jobId=8e6d628f-f99a-4c93-90f2-2be2a61d0a1f, type=t, priority=9, queueSize=2
[main] DEBUG com.demo.backgroundjobservice.service.JobQueue - Job enqueued: jobId=259773e4-9153-4ae3-adac-463293b9ea78, type=t, priority=0, queueSize=3
[main] DEBUG com.demo.backgroundjobservice.service.JobQueue - Job dispatched: jobId=8e6d628f-f99a-4c93-90f2-2be2a61d0a1f, type=t, priority=9
[main] DEBUG com.demo.backgroundjobservice.service.JobQueue - Job enqueued: jobId=8e6d628f-f99a-4c93-90f2-2be2a61d0a1f, type=t, priority=9, queueSize=2
[main] DEBUG com.demo.backgroundjobservice.service.JobQueue - Job enqueued: jobId=259773e4-9153-4ae3-adac-463293b9ea78, type=t, priority=0, queueSize=3
[main] DEBUG com.demo.backgroundjobservice.service.JobQueue - Job dispatched: jobId=8e6d628f-f99a-4c93-90f2-2be2a61d0a1f, type=t, priority=9
[main] DEBUG com.demo.backgroundjobservice.service.JobQueue - Job enqueued: jobId=8e6d628f-f99a-4c93-90f2-2be2a61d0a1f, type=t, priority=9, queueSize=3
[main] DEBUG com.demo.backgroundjobservice.service.JobQueue - Job enqueued: jobId=259773e4-9153-4ae3-adac-463293b9ea78, type=t, priority=0, queueSize=4
[main] DEBUG com.demo.backgroundjobservice.service.JobQueue - Job dispatched: jobId=8e6d628f-f99a-4c93-90f2-2be2a61d0a1f, type=t, priority=9
[main] DEBUG com.demo.backgroundjobservice.service.JobQueue - Job enqueued: jobId=8e6d628f-f99a-4c93-90f2-2be2a61d0a1f, type=t, priority=9, queueSize=4
[main] DEBUG com.demo.backgroundjobservice.service.JobQueue - Job enqueued: jobId=259773e4-9153-4ae3-adac-463293b9ea78, type=t, priority=0, queueSize=5
[main] DEBUG com.demo.backgroundjobservice.service.JobQueue - Job dispatched: jobId=8e6d628f-f99a-4c93-90f2-2be2a61d0a1f, type=t, priority=9
]]></system-err>
  </testcase>
  <testcase name="store_dlq_addAndList" classname="com.demo.backgroundjobservice.ModelsAndStoreTest" time="0.0">
    <system-err><![CDATA[[main] INFO com.demo.backgroundjobservice.service.InMemoryJobStore - Job saved: jobId=92577c1e-3c9f-40bd-a2a7-06a7e5001d49, type=t, priority=5
[main] WARN com.demo.backgroundjobservice.service.InMemoryJobStore - Job moved to DLQ: jobId=92577c1e-3c9f-40bd-a2a7-06a7e5001d49, type=t, reason=MAX_RETRIES_EXHAUSTED, attempts=0
]]></system-err>
  </testcase>
</testsuite>