<?xml version="1.0" encoding="UTF-8"?>
<testsuite xmlns:xsi="http://www.w3.org/2001/XMLSchema-instance" xsi:noNamespaceSchemaLocation="https://maven.apache.org/surefire/maven-surefire-plugin/xsd/surefire-test-report-3.0.xsd" version="3.0" name="com.demo.backgroundjobservice.JobServiceImplTest" time="1.08" tests="24" errors="0" skipped="0" failures="0">
  <properties>
[...]
</properties>
  <testcase name="acquireJob_emptyHandledTypes_throws" classname="com.demo.backgroundjobservice.JobServiceImplTest" time="0.015">
    <system-err><![CDATA[[main] INFO com.demo.backgroundjobservice.service.JobServiceImpl - Reaper started with interval=2000ms
[main] INFO com.demo.backgroundjobservice.service.WorkerRegistry - Worker registered: workerId=w1, types=[resize, email, exclusive_type]
[main] INFO com.demo.backgroundjobservice.service.WorkerRegistry - Worker registered: workerId=w2, types=[resize, email, exclusive_type]
[main] INFO com.demo.backgroundjobservice.service.JobServiceImpl - Reaper started with interval=2000ms
[main] INFO com.demo.backgroundjobservice.service.WorkerRegistry - Worker registered: workerId=w1, types=[resize, email, exclusive_type]
[main] INFO com.demo.backgroundjobservice.service.WorkerRegistry - Worker registered: workerId=w2, types=[resize, email, exclusive_type]
]]></system-err>
  </testcase>
  <testcase name="exclusiveJob_lockReleasedOnFailure_nextJobCanRun" classname="com.demo.backgroundjobservice.JobServiceImplTest" time="0.022">
    <system-err><![CDATA[[main] INFO com.demo.backgroundjobservice.service.JobServiceImpl - Reaper started with interval=2000ms
[main] INFO com.demo.backgroundjobservice.service.WorkerRegistry - Worker registered: workerId=w1, types=[resize, email, exclusive_type]
[main] INFO com.demo.backgroundjobservice.service.WorkerRegistry - Worker registered: workerId=w2, types=[resize, email, exclusive_type]
[main] INFO com.demo.backgroundjobservice.service.JobServiceImpl - Reaper started with interval=2000ms
[main] INFO com.demo.backgroundjobservice.service.WorkerRegistry - Worker registered: workerId=w1, types=[resize, email, exclusive_type]
[main] INFO com.demo.backgroundjobservice.service.WorkerRegistry - Worker registered: workerId=w2, types=[resize, email, exclusive_type]
[main] INFO com.demo.backgroundjobservice.service.InMemoryJobStore - Job saved: jobId=e946036d-6fcf-48f1-bab1-ee7f5f08383d, type=exclusive_type, priority=5
[main] DEBUG com.demo.backgroundjobservice.service.JobQueue - Job enqueued: jobId=e946036d-6fcf-48f1-bab1-ee7f5f08383d, type=exclusive_type, priority=5, queueSize=1
[main] INFO com.demo.backgroundjobservice.service.JobServiceImpl - Job submitted: jobId=e946036d-6fcf-48f1-bab1-ee7f5f08383d, type=exclusive_type, priority=5
[main] INFO com.demo.backgroundjobservice.service.InMemoryJobStore - Job saved: jobId=3a3c0817-f25c-4dbd-afd3-721dcba26ed3, type=exclusive_type, priority=5
[main] DEBUG com.demo.backgroundjobservice.service.JobQueue - Job enqueued: jobId=3a3c0817-f25c-4dbd-afd3-721dcba26ed3, type=exclusive_type, priority=5, queueSize=2
[main] INFO com.demo.backgroundjobservice.service.JobServiceImpl - Job submitted: jobId=3a3c0817-f25c-4dbd-afd3-721dcba26ed3, type=exclusive_type, priority=5
[main] DEBUG com.demo.backgroundjobservice.service.JobQueue - Job dispatched: jobId=e946036d-6fcf-48f1-bab1-ee7f5f08383d, type=exclusive_type, priority=5
[main] DEBUG com.demo.backgroundjobservice.service.ExclusivityManager - Exclusivity lock acquired: type=exclusive_type
[main] DEBUG com.demo.backgroundjobservice.service.LeaseManager - Lease issued: jobId=e946036d-6fcf-48f1-bab1-ee7f5f08383d, token=07c00a25-df3f-4879-8c27-479ef8b201c9, expiresAt=1779971676120
[main] DEBUG com.demo.backgroundjobservice.service.WorkerRegistry - Worker busy: workerId=w1, jobId=e946036d-6fcf-48f1-bab1-ee7f5f08383d
[main] INFO com.demo.backgroundjobservice.service.JobServiceImpl - Job acquired: jobId=e946036d-6fcf-48f1-bab1-ee7f5f08383d, workerId=w1, attempt=1
[main] DEBUG com.demo.backgroundjobservice.service.JobQueue - No eligible jobs for handledTypes=[exclusive_type]
[main] DEBUG com.demo.backgroundjobservice.service.InMemoryJobStore - Job fetched: jobId=e946036d-6fcf-48f1-bab1-ee7f5f08383d, status=CLAIMED
[main] DEBUG com.demo.backgroundjobservice.service.LeaseManager - Lease cleared: jobId=e946036d-6fcf-48f1-bab1-ee7f5f08383d
[main] DEBUG com.demo.backgroundjobservice.service.ExclusivityManager - Exclusivity lock released: type=exclusive_type
[main] DEBUG com.demo.backgroundjobservice.service.WorkerRegistry - Worker idle: workerId=w1
[main] WARN com.demo.backgroundjobservice.service.InMemoryJobStore - Job moved to DLQ: jobId=e946036d-6fcf-48f1-bab1-ee7f5f08383d, type=exclusive_type, reason=PERMANENT_FAILURE, attempts=1
[main] WARN com.demo.backgroundjobservice.service.JobServiceImpl - Job permanently failed: jobId=e946036d-6fcf-48f1-bab1-ee7f5f08383d, workerId=w1
[main] DEBUG com.demo.backgroundjobservice.service.JobQueue - Job dispatched: jobId=3a3c0817-f25c-4dbd-afd3-721dcba26ed3, type=exclusive_type, priority=5
[main] DEBUG com.demo.backgroundjobservice.service.ExclusivityManager - Exclusivity lock acquired: type=exclusive_type
[main] DEBUG com.demo.backgroundjobservice.service.LeaseManager - Lease issued: jobId=3a3c0817-f25c-4dbd-afd3-721dcba26ed3, token=9044f8be-9c19-4ffa-b50c-58fc9b80e036, expiresAt=1779971676122
[main] DEBUG com.demo.backgroundjobservice.service.WorkerRegistry - Worker busy: workerId=w2, jobId=3a3c0817-f25c-4dbd-afd3-721dcba26ed3
[main] INFO com.demo.backgroundjobservice.service.JobServiceImpl - Job acquired: jobId=3a3c0817-f25c-4dbd-afd3-721dcba26ed3, workerId=w2, attempt=1
]]></system-err>
  </testcase>
  <testcase name="permanentFailure_skipRetries_goesToDLQ" classname="com.demo.backgroundjobservice.JobServiceImplTest" time="0.003">
    <system-err><![CDATA[[main] INFO com.demo.backgroundjobservice.service.JobServiceImpl - Reaper started with interval=2000ms
[main] INFO com.demo.backgroundjobservice.service.WorkerRegistry - Worker registered: workerId=w1, types=[resize, email, exclusive_type]
[main] INFO com.demo.backgroundjobservice.service.WorkerRegistry - Worker registered: workerId=w2, types=[resize, email, exclusive_type]
[main] INFO com.demo.backgroundjobservice.service.JobServiceImpl - Reaper started with interval=2000ms
[main] INFO com.demo.backgroundjobservice.service.WorkerRegistry - Worker registered: workerId=w1, types=[resize, email, exclusive_type]
[main] INFO com.demo.backgroundjobservice.service.WorkerRegistry - Worker registered: workerId=w2, types=[resize, email, exclusive_type]
[main] INFO com.demo.backgroundjobservice.service.InMemoryJobStore - Job saved: jobId=9aa37b99-29b2-498f-bbab-d6ac634a4bde, type=email, priority=5
[main] DEBUG com.demo.backgroundjobservice.service.JobQueue - Job enqueued: jobId=9aa37b99-29b2-498f-bbab-d6ac634a4bde, type=email, priority=5, queueSize=1
[main] INFO com.demo.backgroundjobservice.service.JobServiceImpl - Job submitted: jobId=9aa37b99-29b2-498f-bbab-d6ac634a4bde, type=email, priority=5
[main] DEBUG com.demo.backgroundjobservice.service.JobQueue - Job dispatched: jobId=9aa37b99-29b2-498f-bbab-d6ac634a4bde, type=email, priority=5
[main] DEBUG com.demo.backgroundjobservice.service.ExclusivityManager - Exclusivity lock acquired: type=email
[main] DEBUG com.demo.backgroundjobservice.service.LeaseManager - Lease issued: jobId=9aa37b99-29b2-498f-bbab-d6ac634a4bde, token=601bd5f8-efa6-486a-b8d9-f6c6fd25459b, expiresAt=1779971676128
[main] DEBUG com.demo.backgroundjobservice.service.WorkerRegistry - Worker busy: workerId=w1, jobId=9aa37b99-29b2-498f-bbab-d6ac634a4bde
[main] INFO com.demo.backgroundjobservice.service.JobServiceImpl - Job acquired: jobId=9aa37b99-29b2-498f-bbab-d6ac634a4bde, workerId=w1, attempt=1
[main] DEBUG com.demo.backgroundjobservice.service.InMemoryJobStore - Job fetched: jobId=9aa37b99-29b2-498f-bbab-d6ac634a4bde, status=CLAIMED
[main] DEBUG com.demo.backgroundjobservice.service.LeaseManager - Lease cleared: jobId=9aa37b99-29b2-498f-bbab-d6ac634a4bde
[main] DEBUG com.demo.backgroundjobservice.service.ExclusivityManager - Exclusivity lock released: type=email
[main] DEBUG com.demo.backgroundjobservice.service.WorkerRegistry - Worker idle: workerId=w1
[main] WARN com.demo.backgroundjobservice.service.InMemoryJobStore - Job moved to DLQ: jobId=9aa37b99-29b2-498f-bbab-d6ac634a4bde, type=email, reason=PERMANENT_FAILURE, attempts=1
[main] WARN com.demo.backgroundjobservice.service.JobServiceImpl - Job permanently failed: jobId=9aa37b99-29b2-498f-bbab-d6ac634a4bde, workerId=w1
[main] DEBUG com.demo.backgroundjobservice.service.InMemoryJobStore - Job fetched: jobId=9aa37b99-29b2-498f-bbab-d6ac634a4bde, status=FAILED
[main] DEBUG com.demo.backgroundjobservice.service.InMemoryJobStore - Job fetched: jobId=9aa37b99-29b2-498f-bbab-d6ac634a4bde, status=FAILED
]]></system-err>
  </testcase>
  <testcase name="reaper_clearsWorkerCurrentJobId_onLeaseExpiry" classname="com.demo.backgroundjobservice.JobServiceImplTest" time="0.158">
    <system-err><![CDATA[[main] INFO com.demo.backgroundjobservice.service.JobServiceImpl - Reaper started with interval=2000ms
[main] INFO com.demo.backgroundjobservice.service.WorkerRegistry - Worker registered: workerId=w1, types=[resize, email, exclusive_type]
[main] INFO com.demo.backgroundjobservice.service.WorkerRegistry - Worker registered: workerId=w2, types=[resize, email, exclusive_type]
[main] INFO com.demo.backgroundjobservice.service.JobServiceImpl - Reaper started with interval=2000ms
[main] INFO com.demo.backgroundjobservice.service.WorkerRegistry - Worker registered: workerId=w1, types=[resize, email, exclusive_type]
[main] INFO com.demo.backgroundjobservice.service.WorkerRegistry - Worker registered: workerId=w2, types=[resize, email, exclusive_type]
[main] INFO com.demo.backgroundjobservice.service.InMemoryJobStore - Job saved: jobId=b257e20c-897b-42f4-93a8-ae88e7b2b6c6, type=email, priority=5
[main] DEBUG com.demo.backgroundjobservice.service.JobQueue - Job enqueued: jobId=b257e20c-897b-42f4-93a8-ae88e7b2b6c6, type=email, priority=5, queueSize=1
[main] INFO com.demo.backgroundjobservice.service.JobServiceImpl - Job submitted: jobId=b257e20c-897b-42f4-93a8-ae88e7b2b6c6, type=email, priority=5
[main] DEBUG com.demo.backgroundjobservice.service.JobQueue - Job dispatched: jobId=b257e20c-897b-42f4-93a8-ae88e7b2b6c6, type=email, priority=5
[main] DEBUG com.demo.backgroundjobservice.service.ExclusivityManager - Exclusivity lock acquired: type=email
[main] DEBUG com.demo.backgroundjobservice.service.LeaseManager - Lease issued: jobId=b257e20c-897b-42f4-93a8-ae88e7b2b6c6, token=95a5fc05-e277-45a3-851f-b728e841ce3e, expiresAt=1779971666230
[main] DEBUG com.demo.backgroundjobservice.service.WorkerRegistry - Worker busy: workerId=w1, jobId=b257e20c-897b-42f4-93a8-ae88e7b2b6c6
[main] INFO com.demo.backgroundjobservice.service.JobServiceImpl - Job acquired: jobId=b257e20c-897b-42f4-93a8-ae88e7b2b6c6, workerId=w1, attempt=1
[main] WARN com.demo.backgroundjobservice.service.JobServiceImpl - Lease expired — reclaiming job: jobId=b257e20c-897b-42f4-93a8-ae88e7b2b6c6, type=email
[main] DEBUG com.demo.backgroundjobservice.service.WorkerRegistry - Worker idle: workerId=w1
[main] DEBUG com.demo.backgroundjobservice.service.LeaseManager - Lease cleared: jobId=b257e20c-897b-42f4-93a8-ae88e7b2b6c6
[main] DEBUG com.demo.backgroundjobservice.service.ExclusivityManager - Exclusivity lock released: type=email
[main] DEBUG com.demo.backgroundjobservice.service.JobQueue - Job enqueued: jobId=b257e20c-897b-42f4-93a8-ae88e7b2b6c6, type=email, priority=5, queueSize=1
]]></system-err>
  </testcase>
  <testcase name="renewLease_wrongToken_throwsStaleLeaseException" classname="com.demo.backgroundjobservice.JobServiceImplTest" time="0.003">
    <system-err><![CDATA[[main] INFO com.demo.backgroundjobservice.service.JobServiceImpl - Reaper started with interval=2000ms
[main] INFO com.demo.backgroundjobservice.service.WorkerRegistry - Worker registered: workerId=w1, types=[resize, email, exclusive_type]
[main] INFO com.demo.backgroundjobservice.service.WorkerRegistry - Worker registered: workerId=w2, types=[resize, email, exclusive_type]
[main] INFO com.demo.backgroundjobservice.service.JobServiceImpl - Reaper started with interval=2000ms
[main] INFO com.demo.backgroundjobservice.service.WorkerRegistry - Worker registered: workerId=w1, types=[resize, email, exclusive_type]
[main] INFO com.demo.backgroundjobservice.service.WorkerRegistry - Worker registered: workerId=w2, types=[resize, email, exclusive_type]
[main] INFO com.demo.backgroundjobservice.service.InMemoryJobStore - Job saved: jobId=1b62704a-cd80-4aa6-a7bb-b4781637aefd, type=email, priority=5
[main] DEBUG com.demo.backgroundjobservice.service.JobQueue - Job enqueued: jobId=1b62704a-cd80-4aa6-a7bb-b4781637aefd, type=email, priority=5, queueSize=1
[main] INFO com.demo.backgroundjobservice.service.JobServiceImpl - Job submitted: jobId=1b62704a-cd80-4aa6-a7bb-b4781637aefd, type=email, priority=5
[main] DEBUG com.demo.backgroundjobservice.service.JobQueue - Job dispatched: jobId=1b62704a-cd80-4aa6-a7bb-b4781637aefd, type=email, priority=5
[main] DEBUG com.demo.backgroundjobservice.service.ExclusivityManager - Exclusivity lock acquired: type=email
[main] DEBUG com.demo.backgroundjobservice.service.LeaseManager - Lease issued: jobId=1b62704a-cd80-4aa6-a7bb-b4781637aefd, token=b003cad4-9494-45ec-b94d-9c60dcc76565, expiresAt=1779971676289
[main] DEBUG com.demo.backgroundjobservice.service.WorkerRegistry - Worker busy: workerId=w1, jobId=1b62704a-cd80-4aa6-a7bb-b4781637aefd
[main] INFO com.demo.backgroundjobservice.service.JobServiceImpl - Job acquired: jobId=1b62704a-cd80-4aa6-a7bb-b4781637aefd, workerId=w1, attempt=1
[main] DEBUG com.demo.backgroundjobservice.service.InMemoryJobStore - Job fetched: jobId=1b62704a-cd80-4aa6-a7bb-b4781637aefd, status=CLAIMED
[main] WARN com.demo.backgroundjobservice.service.LeaseManager - Stale lease rejected: jobId=1b62704a-cd80-4aa6-a7bb-b4781637aefd, presented=wrong-token, current=b003cad4-9494-45ec-b94d-9c60dcc76565
]]></system-err>
  </testcase>
  <testcase name="submit_and_acquire_happyPath" classname="com.demo.backgroundjobservice.JobServiceImplTest" time="0.001">
    <system-err><![CDATA[[main] INFO com.demo.backgroundjobservice.service.JobServiceImpl - Reaper started with interval=2000ms
[main] INFO com.demo.backgroundjobservice.service.WorkerRegistry - Worker registered: workerId=w1, types=[resize, email, exclusive_type]
[main] INFO com.demo.backgroundjobservice.service.WorkerRegistry - Worker registered: workerId=w2, types=[resize, email, exclusive_type]
[main] INFO com.demo.backgroundjobservice.service.JobServiceImpl - Reaper started with interval=2000ms
[main] INFO com.demo.backgroundjobservice.service.WorkerRegistry - Worker registered: workerId=w1, types=[resize, email, exclusive_type]
[main] INFO com.demo.backgroundjobservice.service.WorkerRegistry - Worker registered: workerId=w2, types=[resize, email, exclusive_type]
[main] INFO com.demo.backgroundjobservice.service.InMemoryJobStore - Job saved: jobId=8a6cf1d7-7722-4571-a322-cf43ab2e8fe7, type=email, priority=5
[main] DEBUG com.demo.backgroundjobservice.service.JobQueue - Job enqueued: jobId=8a6cf1d7-7722-4571-a322-cf43ab2e8fe7, type=email, priority=5, queueSize=1
[main] INFO com.demo.backgroundjobservice.service.JobServiceImpl - Job submitted: jobId=8a6cf1d7-7722-4571-a322-cf43ab2e8fe7, type=email, priority=5
[main] DEBUG com.demo.backgroundjobservice.service.JobQueue - Job dispatched: jobId=8a6cf1d7-7722-4571-a322-cf43ab2e8fe7, type=email, priority=5
[main] DEBUG com.demo.backgroundjobservice.service.ExclusivityManager - Exclusivity lock acquired: type=email
[main] DEBUG com.demo.backgroundjobservice.service.LeaseManager - Lease issued: jobId=8a6cf1d7-7722-4571-a322-cf43ab2e8fe7, token=1cedb123-05dc-4966-8d70-56fa4046305d, expiresAt=1779971676292
[main] DEBUG com.demo.backgroundjobservice.service.WorkerRegistry - Worker busy: workerId=w1, jobId=8a6cf1d7-7722-4571-a322-cf43ab2e8fe7
[main] INFO com.demo.backgroundjobservice.service.JobServiceImpl - Job acquired: jobId=8a6cf1d7-7722-4571-a322-cf43ab2e8fe7, workerId=w1, attempt=1
]]></system-err>
  </testcase>
  <testcase name="acquireJob_blankWorkerId_throws" classname="com.demo.backgroundjobservice.JobServiceImplTest" time="0.001">
    <system-err><![CDATA[[main] INFO com.demo.backgroundjobservice.service.JobServiceImpl - Reaper started with interval=2000ms
[main] INFO com.demo.backgroundjobservice.service.WorkerRegistry - Worker registered: workerId=w1, types=[resize, email, exclusive_type]
[main] INFO com.demo.backgroundjobservice.service.WorkerRegistry - Worker registered: workerId=w2, types=[resize, email, exclusive_type]
[main] INFO com.demo.backgroundjobservice.service.JobServiceImpl - Reaper started with interval=2000ms
[main] INFO com.demo.backgroundjobservice.service.WorkerRegistry - Worker registered: workerId=w1, types=[resize, email, exclusive_type]
[main] INFO com.demo.backgroundjobservice.service.WorkerRegistry - Worker registered: workerId=w2, types=[resize, email, exclusive_type]
]]></system-err>
  </testcase>
  <testcase name="exponentialBackoff_delayGrowsWithAttempts" classname="com.demo.backgroundjobservice.JobServiceImplTest" time="0.002">
    <system-err><![CDATA[[main] INFO com.demo.backgroundjobservice.service.JobServiceImpl - Reaper started with interval=2000ms
[main] INFO com.demo.backgroundjobservice.service.WorkerRegistry - Worker registered: workerId=w1, types=[resize, email, exclusive_type]
[main] INFO com.demo.backgroundjobservice.service.WorkerRegistry - Worker registered: workerId=w2, types=[resize, email, exclusive_type]
[main] INFO com.demo.backgroundjobservice.service.JobServiceImpl - Reaper started with interval=2000ms
[main] INFO com.demo.backgroundjobservice.service.WorkerRegistry - Worker registered: workerId=w1, types=[resize, email, exclusive_type]
[main] INFO com.demo.backgroundjobservice.service.WorkerRegistry - Worker registered: workerId=w2, types=[resize, email, exclusive_type]
]]></system-err>
  </testcase>
  <testcase name="observability_countsCorrect" classname="com.demo.backgroundjobservice.JobServiceImplTest" time="0.002">
    <system-err><![CDATA[[main] INFO com.demo.backgroundjobservice.service.JobServiceImpl - Reaper started with interval=2000ms
[main] INFO com.demo.backgroundjobservice.service.WorkerRegistry - Worker registered: workerId=w1, types=[resize, email, exclusive_type]
[main] INFO com.demo.backgroundjobservice.service.WorkerRegistry - Worker registered: workerId=w2, types=[resize, email, exclusive_type]
[main] INFO com.demo.backgroundjobservice.service.JobServiceImpl - Reaper started with interval=2000ms
[main] INFO com.demo.backgroundjobservice.service.WorkerRegistry - Worker registered: workerId=w1, types=[resize, email, exclusive_type]
[main] INFO com.demo.backgroundjobservice.service.WorkerRegistry - Worker registered: workerId=w2, types=[resize, email, exclusive_type]
[main] INFO com.demo.backgroundjobservice.service.InMemoryJobStore - Job saved: jobId=483cfdce-f11a-4755-a295-d415c37c705c, type=email, priority=3
[main] DEBUG com.demo.backgroundjobservice.service.JobQueue - Job enqueued: jobId=483cfdce-f11a-4755-a295-d415c37c705c, type=email, priority=3, queueSize=1
[main] INFO com.demo.backgroundjobservice.service.JobServiceImpl - Job submitted: jobId=483cfdce-f11a-4755-a295-d415c37c705c, type=email, priority=3
[main] INFO com.demo.backgroundjobservice.service.InMemoryJobStore - Job saved: jobId=33ed1907-f6fc-4c6a-8e3d-16054268b81a, type=email, priority=3
[main] DEBUG com.demo.backgroundjobservice.service.JobQueue - Job enqueued: jobId=33ed1907-f6fc-4c6a-8e3d-16054268b81a, type=email, priority=3, queueSize=2
[main] INFO com.demo.backgroundjobservice.service.JobServiceImpl - Job submitted: jobId=33ed1907-f6fc-4c6a-8e3d-16054268b81a, type=email, priority=3
[main] INFO com.demo.backgroundjobservice.service.InMemoryJobStore - Job saved: jobId=6b4cff4a-d906-4be2-b479-2ee898015292, type=resize, priority=7
[main] DEBUG com.demo.backgroundjobservice.service.JobQueue - Job enqueued: jobId=6b4cff4a-d906-4be2-b479-2ee898015292, type=resize, priority=7, queueSize=3
[main] INFO com.demo.backgroundjobservice.service.JobServiceImpl - Job submitted: jobId=6b4cff4a-d906-4be2-b479-2ee898015292, type=resize, priority=7
[main] DEBUG com.demo.backgroundjobservice.service.JobQueue - Job dispatched: jobId=6b4cff4a-d906-4be2-b479-2ee898015292, type=resize, priority=7
[main] DEBUG com.demo.backgroundjobservice.service.ExclusivityManager - Exclusivity lock acquired: type=resize
[main] DEBUG com.demo.backgroundjobservice.service.LeaseManager - Lease issued: jobId=6b4cff4a-d906-4be2-b479-2ee898015292, token=4766eee8-c45d-49bb-9cd7-1859551fda02, expiresAt=1779971676298
[main] DEBUG com.demo.backgroundjobservice.service.WorkerRegistry - Worker busy: workerId=w1, jobId=6b4cff4a-d906-4be2-b479-2ee898015292
[main] INFO com.demo.backgroundjobservice.service.JobServiceImpl - Job acquired: jobId=6b4cff4a-d906-4be2-b479-2ee898015292, workerId=w1, attempt=1
[main] DEBUG com.demo.backgroundjobservice.service.InMemoryJobStore - Job fetched: jobId=6b4cff4a-d906-4be2-b479-2ee898015292, status=CLAIMED
[main] DEBUG com.demo.backgroundjobservice.service.LeaseManager - Lease cleared: jobId=6b4cff4a-d906-4be2-b479-2ee898015292
[main] DEBUG com.demo.backgroundjobservice.service.ExclusivityManager - Exclusivity lock released: type=resize
[main] DEBUG com.demo.backgroundjobservice.service.WorkerRegistry - Worker idle: workerId=w1
[main] INFO com.demo.backgroundjobservice.service.JobServiceImpl - Job succeeded: jobId=6b4cff4a-d906-4be2-b479-2ee898015292, workerId=w1, attempts=1
]]></system-err>
  </testcase>
  <testcase name="exclusiveJob_onlyOneRunsAtATime" classname="com.demo.backgroundjobservice.JobServiceImplTest" time="0.001">
    <system-err><![CDATA[[main] INFO com.demo.backgroundjobservice.service.JobServiceImpl - Reaper started with interval=2000ms
[main] INFO com.demo.backgroundjobservice.service.WorkerRegistry - Worker registered: workerId=w1, types=[resize, email, exclusive_type]
[main] INFO com.demo.backgroundjobservice.service.WorkerRegistry - Worker registered: workerId=w2, types=[resize, email, exclusive_type]
[main] INFO com.demo.backgroundjobservice.service.JobServiceImpl - Reaper started with interval=2000ms
[main] INFO com.demo.backgroundjobservice.service.WorkerRegistry - Worker registered: workerId=w1, types=[resize, email, exclusive_type]
[main] INFO com.demo.backgroundjobservice.service.WorkerRegistry - Worker registered: workerId=w2, types=[resize, email, exclusive_type]
[main] INFO com.demo.backgroundjobservice.service.InMemoryJobStore - Job saved: jobId=64481d6e-432f-45ef-b10e-2709c3d23352, type=exclusive_type, priority=5
[main] DEBUG com.demo.backgroundjobservice.service.JobQueue - Job enqueued: jobId=64481d6e-432f-45ef-b10e-2709c3d23352, type=exclusive_type, priority=5, queueSize=1
[main] INFO com.demo.backgroundjobservice.service.JobServiceImpl - Job submitted: jobId=64481d6e-432f-45ef-b10e-2709c3d23352, type=exclusive_type, priority=5
[main] INFO com.demo.backgroundjobservice.service.InMemoryJobStore - Job saved: jobId=7bcc2b90-ec5f-4fa0-ade5-220b250a118e, type=exclusive_type, priority=5
[main] DEBUG com.demo.backgroundjobservice.service.JobQueue - Job enqueued: jobId=7bcc2b90-ec5f-4fa0-ade5-220b250a118e, type=exclusive_type, priority=5, queueSize=2
[main] INFO com.demo.backgroundjobservice.service.JobServiceImpl - Job submitted: jobId=7bcc2b90-ec5f-4fa0-ade5-220b250a118e, type=exclusive_type, priority=5
[main] INFO com.demo.backgroundjobservice.service.InMemoryJobStore - Job saved: jobId=23664974-1883-4b55-96ee-53b2e1556481, type=exclusive_type, priority=5
[main] DEBUG com.demo.backgroundjobservice.service.JobQueue - Job enqueued: jobId=23664974-1883-4b55-96ee-53b2e1556481, type=exclusive_type, priority=5, queueSize=3
[main] INFO com.demo.backgroundjobservice.service.JobServiceImpl - Job submitted: jobId=23664974-1883-4b55-96ee-53b2e1556481, type=exclusive_type, priority=5
[main] DEBUG com.demo.backgroundjobservice.service.JobQueue - Job dispatched: jobId=23664974-1883-4b55-96ee-53b2e1556481, type=exclusive_type, priority=5
[main] DEBUG com.demo.backgroundjobservice.service.ExclusivityManager - Exclusivity lock acquired: type=exclusive_type
[main] DEBUG com.demo.backgroundjobservice.service.LeaseManager - Lease issued: jobId=23664974-1883-4b55-96ee-53b2e1556481, token=0022c55b-df01-4c88-b9d6-652d3ea5b4fd, expiresAt=1779971676300
[main] DEBUG com.demo.backgroundjobservice.service.WorkerRegistry - Worker busy: workerId=w1, jobId=23664974-1883-4b55-96ee-53b2e1556481
[main] INFO com.demo.backgroundjobservice.service.JobServiceImpl - Job acquired: jobId=23664974-1883-4b55-96ee-53b2e1556481, workerId=w1, attempt=1
[main] DEBUG com.demo.backgroundjobservice.service.JobQueue - No eligible jobs for handledTypes=[exclusive_type]
[main] DEBUG com.demo.backgroundjobservice.service.InMemoryJobStore - Job fetched: jobId=23664974-1883-4b55-96ee-53b2e1556481, status=CLAIMED
[main] DEBUG com.demo.backgroundjobservice.service.LeaseManager - Lease cleared: jobId=23664974-1883-4b55-96ee-53b2e1556481
[main] DEBUG com.demo.backgroundjobservice.service.ExclusivityManager - Exclusivity lock released: type=exclusive_type
[main] DEBUG com.demo.backgroundjobservice.service.WorkerRegistry - Worker idle: workerId=w1
[main] INFO com.demo.backgroundjobservice.service.JobServiceImpl - Job succeeded: jobId=23664974-1883-4b55-96ee-53b2e1556481, workerId=w1, attempts=1
[main] DEBUG com.demo.backgroundjobservice.service.JobQueue - Job dispatched: jobId=64481d6e-432f-45ef-b10e-2709c3d23352, type=exclusive_type, priority=5
[main] DEBUG com.demo.backgroundjobservice.service.ExclusivityManager - Exclusivity lock acquired: type=exclusive_type
[main] DEBUG com.demo.backgroundjobservice.service.LeaseManager - Lease issued: jobId=64481d6e-432f-45ef-b10e-2709c3d23352, token=f8ae1b64-6a00-4cd7-898f-0205feead336, expiresAt=1779971676300
[main] DEBUG com.demo.backgroundjobservice.service.WorkerRegistry - Worker busy: workerId=w2, jobId=64481d6e-432f-45ef-b10e-2709c3d23352
[main] INFO com.demo.backgroundjobservice.service.JobServiceImpl - Job acquired: jobId=64481d6e-432f-45ef-b10e-2709c3d23352, workerId=w2, attempt=1
]]></system-err>
  </testcase>
  <testcase name="staleLeaseRejected_workerACannotCommitAfterExpiry" classname="com.demo.backgroundjobservice.JobServiceImplTest" time="0.156">
    <system-err><![CDATA[[main] INFO com.demo.backgroundjobservice.service.JobServiceImpl - Reaper started with interval=2000ms
[main] INFO com.demo.backgroundjobservice.service.WorkerRegistry - Worker registered: workerId=w1, types=[resize, email, exclusive_type]
[main] INFO com.demo.backgroundjobservice.service.WorkerRegistry - Worker registered: workerId=w2, types=[resize, email, exclusive_type]
[main] INFO com.demo.backgroundjobservice.service.JobServiceImpl - Reaper started with interval=2000ms
[main] INFO com.demo.backgroundjobservice.service.WorkerRegistry - Worker registered: workerId=w1, types=[resize, email, exclusive_type]
[main] INFO com.demo.backgroundjobservice.service.WorkerRegistry - Worker registered: workerId=w2, types=[resize, email, exclusive_type]
[main] INFO com.demo.backgroundjobservice.service.InMemoryJobStore - Job saved: jobId=a2a83c38-d097-4938-bb7f-add5d845d70c, type=email, priority=5
[main] DEBUG com.demo.backgroundjobservice.service.JobQueue - Job enqueued: jobId=a2a83c38-d097-4938-bb7f-add5d845d70c, type=email, priority=5, queueSize=1
[main] INFO com.demo.backgroundjobservice.service.JobServiceImpl - Job submitted: jobId=a2a83c38-d097-4938-bb7f-add5d845d70c, type=email, priority=5
[main] DEBUG com.demo.backgroundjobservice.service.JobQueue - Job dispatched: jobId=a2a83c38-d097-4938-bb7f-add5d845d70c, type=email, priority=5
[main] DEBUG com.demo.backgroundjobservice.service.ExclusivityManager - Exclusivity lock acquired: type=email
[main] DEBUG com.demo.backgroundjobservice.service.LeaseManager - Lease issued: jobId=a2a83c38-d097-4938-bb7f-add5d845d70c, token=fa2d9550-c6b4-4221-8848-69e102f2544a, expiresAt=1779971666401
[main] DEBUG com.demo.backgroundjobservice.service.WorkerRegistry - Worker busy: workerId=w1, jobId=a2a83c38-d097-4938-bb7f-add5d845d70c
[main] INFO com.demo.backgroundjobservice.service.JobServiceImpl - Job acquired: jobId=a2a83c38-d097-4938-bb7f-add5d845d70c, workerId=w1, attempt=1
[main] WARN com.demo.backgroundjobservice.service.JobServiceImpl - Lease expired — reclaiming job: jobId=a2a83c38-d097-4938-bb7f-add5d845d70c, type=email
[main] DEBUG com.demo.backgroundjobservice.service.WorkerRegistry - Worker idle: workerId=w1
[main] DEBUG com.demo.backgroundjobservice.service.LeaseManager - Lease cleared: jobId=a2a83c38-d097-4938-bb7f-add5d845d70c
[main] DEBUG com.demo.backgroundjobservice.service.ExclusivityManager - Exclusivity lock released: type=email
[main] DEBUG com.demo.backgroundjobservice.service.JobQueue - Job enqueued: jobId=a2a83c38-d097-4938-bb7f-add5d845d70c, type=email, priority=5, queueSize=1
[main] DEBUG com.demo.backgroundjobservice.service.JobQueue - Job dispatched: jobId=a2a83c38-d097-4938-bb7f-add5d845d70c, type=email, priority=5
[main] DEBUG com.demo.backgroundjobservice.service.ExclusivityManager - Exclusivity lock acquired: type=email
[main] DEBUG com.demo.backgroundjobservice.service.LeaseManager - Lease issued: jobId=a2a83c38-d097-4938-bb7f-add5d845d70c, token=b651aa77-ddcf-4af5-86b4-a659c7c68086, expiresAt=1779971666555
[main] DEBUG com.demo.backgroundjobservice.service.WorkerRegistry - Worker busy: workerId=w2, jobId=a2a83c38-d097-4938-bb7f-add5d845d70c
[main] INFO com.demo.backgroundjobservice.service.JobServiceImpl - Job acquired: jobId=a2a83c38-d097-4938-bb7f-add5d845d70c, workerId=w2, attempt=2
[main] DEBUG com.demo.backgroundjobservice.service.InMemoryJobStore - Job fetched: jobId=a2a83c38-d097-4938-bb7f-add5d845d70c, status=CLAIMED
[main] WARN com.demo.backgroundjobservice.service.LeaseManager - Stale lease rejected: jobId=a2a83c38-d097-4938-bb7f-add5d845d70c, presented=fa2d9550-c6b4-4221-8848-69e102f2544a, current=b651aa77-ddcf-4af5-86b4-a659c7c68086
[main] DEBUG com.demo.backgroundjobservice.service.InMemoryJobStore - Job fetched: jobId=a2a83c38-d097-4938-bb7f-add5d845d70c, status=CLAIMED
]]></system-err>
  </testcase>
  <testcase name="listDLQ_returnsImmutableSnapshot" classname="com.demo.backgroundjobservice.JobServiceImplTest" time="0.001">
    <system-err><![CDATA[[main] INFO com.demo.backgroundjobservice.service.JobServiceImpl - Reaper started with interval=2000ms
[main] INFO com.demo.backgroundjobservice.service.WorkerRegistry - Worker registered: workerId=w1, types=[resize, email, exclusive_type]
[main] INFO com.demo.backgroundjobservice.service.WorkerRegistry - Worker registered: workerId=w2, types=[resize, email, exclusive_type]
[main] INFO com.demo.backgroundjobservice.service.JobServiceImpl - Reaper started with interval=2000ms
[main] INFO com.demo.backgroundjobservice.service.WorkerRegistry - Worker registered: workerId=w1, types=[resize, email, exclusive_type]
[main] INFO com.demo.backgroundjobservice.service.WorkerRegistry - Worker registered: workerId=w2, types=[resize, email, exclusive_type]
[main] INFO com.demo.backgroundjobservice.service.InMemoryJobStore - Job saved: jobId=4d4ef604-4f9c-43ba-957d-e69ea4df1b46, type=email, priority=5
[main] DEBUG com.demo.backgroundjobservice.service.JobQueue - Job enqueued: jobId=4d4ef604-4f9c-43ba-957d-e69ea4df1b46, type=email, priority=5, queueSize=1
[main] INFO com.demo.backgroundjobservice.service.JobServiceImpl - Job submitted: jobId=4d4ef604-4f9c-43ba-957d-e69ea4df1b46, type=email, priority=5
[main] DEBUG com.demo.backgroundjobservice.service.JobQueue - Job dispatched: jobId=4d4ef604-4f9c-43ba-957d-e69ea4df1b46, type=email, priority=5
[main] DEBUG com.demo.backgroundjobservice.service.ExclusivityManager - Exclusivity lock acquired: type=email
[main] DEBUG com.demo.backgroundjobservice.service.LeaseManager - Lease issued: jobId=4d4ef604-4f9c-43ba-957d-e69ea4df1b46, token=ef187486-f341-4aa2-9142-f98d67018ce8, expiresAt=1779971676457
[main] DEBUG com.demo.backgroundjobservice.service.WorkerRegistry - Worker busy: workerId=w1, jobId=4d4ef604-4f9c-43ba-957d-e69ea4df1b46
[main] INFO com.demo.backgroundjobservice.service.JobServiceImpl - Job acquired: jobId=4d4ef604-4f9c-43ba-957d-e69ea4df1b46, workerId=w1, attempt=1
[main] DEBUG com.demo.backgroundjobservice.service.InMemoryJobStore - Job fetched: jobId=4d4ef604-4f9c-43ba-957d-e69ea4df1b46, status=CLAIMED
[main] DEBUG com.demo.backgroundjobservice.service.LeaseManager - Lease cleared: jobId=4d4ef604-4f9c-43ba-957d-e69ea4df1b46
[main] DEBUG com.demo.backgroundjobservice.service.ExclusivityManager - Exclusivity lock released: type=email
[main] DEBUG com.demo.backgroundjobservice.service.WorkerRegistry - Worker idle: workerId=w1
[main] WARN com.demo.backgroundjobservice.service.InMemoryJobStore - Job moved to DLQ: jobId=4d4ef604-4f9c-43ba-957d-e69ea4df1b46, type=email, reason=PERMANENT_FAILURE, attempts=1
[main] WARN com.demo.backgroundjobservice.service.JobServiceImpl - Job permanently failed: jobId=4d4ef604-4f9c-43ba-957d-e69ea4df1b46, workerId=w1
]]></system-err>
  </testcase>
  <testcase name="maxRetries_exhausted_movesToDLQ" classname="com.demo.backgroundjobservice.JobServiceImplTest" time="0.001">
    <system-err><![CDATA[[main] INFO com.demo.backgroundjobservice.service.JobServiceImpl - Reaper started with interval=2000ms
[main] INFO com.demo.backgroundjobservice.service.WorkerRegistry - Worker registered: workerId=w1, types=[resize, email, exclusive_type]
[main] INFO com.demo.backgroundjobservice.service.WorkerRegistry - Worker registered: workerId=w2, types=[resize, email, exclusive_type]
[main] INFO com.demo.backgroundjobservice.service.JobServiceImpl - Reaper started with interval=2000ms
[main] INFO com.demo.backgroundjobservice.service.WorkerRegistry - Worker registered: workerId=w1, types=[resize, email, exclusive_type]
[main] INFO com.demo.backgroundjobservice.service.WorkerRegistry - Worker registered: workerId=w2, types=[resize, email, exclusive_type]
[main] INFO com.demo.backgroundjobservice.service.InMemoryJobStore - Job saved: jobId=8a14e3b2-8e17-48bd-9b52-5ad8a2a10cab, type=email, priority=5
[main] DEBUG com.demo.backgroundjobservice.service.JobQueue - Job enqueued: jobId=8a14e3b2-8e17-48bd-9b52-5ad8a2a10cab, type=email, priority=5, queueSize=1
[main] INFO com.demo.backgroundjobservice.service.JobServiceImpl - Job submitted: jobId=8a14e3b2-8e17-48bd-9b52-5ad8a2a10cab, type=email, priority=5
[main] DEBUG com.demo.backgroundjobservice.service.JobQueue - Job dispatched: jobId=8a14e3b2-8e17-48bd-9b52-5ad8a2a10cab, type=email, priority=5
[main] DEBUG com.demo.backgroundjobservice.service.ExclusivityManager - Exclusivity lock acquired: type=email
[main] DEBUG com.demo.backgroundjobservice.service.LeaseManager - Lease issued: jobId=8a14e3b2-8e17-48bd-9b52-5ad8a2a10cab, token=8e69d982-4b21-4a09-be6d-06fdbeceac11, expiresAt=1779971676458
[main] DEBUG com.demo.backgroundjobservice.service.WorkerRegistry - Worker busy: workerId=w1, jobId=8a14e3b2-8e17-48bd-9b52-5ad8a2a10cab
[main] INFO com.demo.backgroundjobservice.service.JobServiceImpl - Job acquired: jobId=8a14e3b2-8e17-48bd-9b52-5ad8a2a10cab, workerId=w1, attempt=1
[main] DEBUG com.demo.backgroundjobservice.service.InMemoryJobStore - Job fetched: jobId=8a14e3b2-8e17-48bd-9b52-5ad8a2a10cab, status=CLAIMED
[main] DEBUG com.demo.backgroundjobservice.service.LeaseManager - Lease cleared: jobId=8a14e3b2-8e17-48bd-9b52-5ad8a2a10cab
[main] DEBUG com.demo.backgroundjobservice.service.ExclusivityManager - Exclusivity lock released: type=email
[main] DEBUG com.demo.backgroundjobservice.service.WorkerRegistry - Worker idle: workerId=w1
[main] WARN com.demo.backgroundjobservice.service.InMemoryJobStore - Job moved to DLQ: jobId=8a14e3b2-8e17-48bd-9b52-5ad8a2a10cab, type=email, reason=MAX_RETRIES_EXHAUSTED, attempts=1
[main] WARN com.demo.backgroundjobservice.service.JobServiceImpl - Job exhausted retries → DLQ: jobId=8a14e3b2-8e17-48bd-9b52-5ad8a2a10cab, attempts=1
]]></system-err>
  </testcase>
  <testcase name="priorityDispatch_highPriorityFavoredOverLow" classname="com.demo.backgroundjobservice.JobServiceImplTest" time="0.03">
    <system-err><![CDATA[[main] INFO com.demo.backgroundjobservice.service.JobServiceImpl - Reaper started with interval=2000ms
[main] INFO com.demo.backgroundjobservice.service.WorkerRegistry - Worker registered: workerId=w1, types=[resize, email, exclusive_type]
[main] INFO com.demo.backgroundjobservice.service.WorkerRegistry - Worker registered: workerId=w2, types=[resize, email, exclusive_type]
[main] INFO com.demo.backgroundjobservice.service.JobServiceImpl - Reaper started with interval=2000ms
[main] INFO com.demo.backgroundjobservice.service.WorkerRegistry - Worker registered: workerId=w1, types=[resize, email, exclusive_type]
[main] INFO com.demo.backgroundjobservice.service.WorkerRegistry - Worker registered: workerId=w2, types=[resize, email, exclusive_type]
[main] INFO com.demo.backgroundjobservice.service.InMemoryJobStore - Job saved: jobId=7f64322b-fde8-41c0-a89d-c0cb8f632598, type=email, priority=0
[main] DEBUG com.demo.backgroundjobservice.service.JobQueue - Job enqueued: jobId=7f64322b-fde8-41c0-a89d-c0cb8f632598, type=email, priority=0, queueSize=1
[main] INFO com.demo.backgroundjobservice.service.JobServiceImpl - Job submitted: jobId=7f64322b-fde8-41c0-a89d-c0cb8f632598, type=email, priority=0
[main] INFO com.demo.backgroundjobservice.service.InMemoryJobStore - Job saved: jobId=247d1d0f-f0ac-4fcc-a162-1d262d23bbb7, type=email, priority=9
[main] DEBUG com.demo.backgroundjobservice.service.JobQueue - Job enqueued: jobId=247d1d0f-f0ac-4fcc-a162-1d262d23bbb7, type=email, priority=9, queueSize=2
[main] INFO com.demo.backgroundjobservice.service.JobServiceImpl - Job submitted: jobId=247d1d0f-f0ac-4fcc-a162-1d262d23bbb7, type=email, priority=9
[main] INFO com.demo.backgroundjobservice.service.InMemoryJobStore - Job saved: jobId=81ee6a9e-3502-48f6-8508-ba13c400965b, type=email, priority=0
[main] DEBUG com.demo.backgroundjobservice.service.JobQueue - Job enqueued: jobId=81ee6a9e-3502-48f6-8508-ba13c400965b, type=email, priority=0, queueSize=3
[main] INFO com.demo.backgroundjobservice.service.JobServiceImpl - Job submitted: jobId=81ee6a9e-3502-48f6-8508-ba13c400965b, type=email, priority=0
[main] INFO com.demo.backgroundjobservice.service.InMemoryJobStore - Job saved: jobId=e436cb4e-f6a4-4fdf-ad14-d6392c429c47, type=email, priority=9
[main] DEBUG com.demo.backgroundjobservice.service.JobQueue - Job enqueued: jobId=e436cb4e-f6a4-4fdf-ad14-d6392c429c47, type=email, priority=9, queueSize=4
[main] INFO com.demo.backgroundjobservice.service.JobServiceImpl - Job submitted: jobId=e436cb4e-f6a4-4fdf-ad14-d6392c429c47, type=email, priority=9
[main] DEBUG com.demo.backgroundjobservice.service.JobQueue - Job dispatched: jobId=e436cb4e-f6a4-4fdf-ad14-d6392c429c47, type=email, priority=9
[main] DEBUG com.demo.backgroundjobservice.service.ExclusivityManager - Exclusivity lock acquired: type=email
[main] DEBUG com.demo.backgroundjobservice.service.LeaseManager - Lease issued: jobId=e436cb4e-f6a4-4fdf-ad14-d6392c429c47, token=151b808d-82f2-4fad-8475-8d5a224c6185, expiresAt=1779971676460
[main] DEBUG com.demo.backgroundjobservice.service.WorkerRegistry - Worker busy: workerId=w1, jobId=e436cb4e-f6a4-4fdf-ad14-d6392c429c47
[main] INFO com.demo.backgroundjobservice.service.JobServiceImpl - Job acquired: jobId=e436cb4e-f6a4-4fdf-ad14-d6392c429c47, workerId=w1, attempt=1
[main] DEBUG com.demo.backgroundjobservice.service.InMemoryJobStore - Job fetched: jobId=e436cb4e-f6a4-4fdf-ad14-d6392c429c47, status=CLAIMED
[main] DEBUG com.demo.backgroundjobservice.service.LeaseManager - Lease cleared: jobId=e436cb4e-f6a4-4fdf-ad14-d6392c429c47
[main] DEBUG com.demo.backgroundjobservice.service.ExclusivityManager - Exclusivity lock released: type=email
[main] DEBUG com.demo.backgroundjobservice.service.WorkerRegistry - Worker idle: workerId=w1
[main] INFO com.demo.backgroundjobservice.service.JobServiceImpl - Job succeeded: jobId=e436cb4e-f6a4-4fdf-ad14-d6392c429c47, workerId=w1, attempts=1
[main] INFO com.demo.backgroundjobservice.service.InMemoryJobStore - Job saved: jobId=1475178e-44d5-4399-aa85-49b07be97ead, type=email, priority=0
[main] DEBUG com.demo.backgroundjobservice.service.JobQueue - Job enqueued: jobId=1475178e-44d5-4399-aa85-49b07be97ead, type=email, priority=0, queueSize=4
[main] INFO com.demo.backgroundjobservice.service.JobServiceImpl - Job submitted: jobId=1475178e-44d5-4399-aa85-49b07be97ead, type=email, priority=0
[main] INFO com.demo.backgroundjobservice.service.InMemoryJobStore - Job saved: jobId=ad11967d-8a21-4a5f-9e3a-a1056f0f201a, type=email, priority=9
[main] DEBUG com.demo.backgroundjobservice.service.JobQueue - Job enqueued: jobId=ad11967d-8a21-4a5f-9e3a-a1056f0f201a, type=email, priority=9, queueSize=5
[main] INFO com.demo.backgroundjobservice.service.JobServiceImpl - Job submitted: jobId=ad11967d-8a21-4a5f-9e3a-a1056f0f201a, type=email, priority=9
[main] DEBUG com.demo.backgroundjobservice.service.JobQueue - Job dispatched: jobId=ad11967d-8a21-4a5f-9e3a-a1056f0f201a, type=email, priority=9
[main] DEBUG com.demo.backgroundjobservice.service.ExclusivityManager - Exclusivity lock acquired: type=email
[main] DEBUG com.demo.backgroundjobservice.service.LeaseManager - Lease issued: jobId=ad11967d-8a21-4a5f-9e3a-a1056f0f201a, token=07046c13-b95d-4d3b-84d1-d211e8b4ac2e, expiresAt=1779971676460
[main] DEBUG com.demo.backgroundjobservice.service.WorkerRegistry - Worker busy: workerId=w1, jobId=ad11967d-8a21-4a5f-9e3a-a1056f0f201a
[main] INFO com.demo.backgroundjobservice.service.JobServiceImpl - Job acquired: jobId=ad11967d-8a21-4a5f-9e3a-a1056f0f201a, workerId=w1, attempt=1
[main] DEBUG com.demo.backgroundjobservice.service.InMemoryJobStore - Job fetched: jobId=ad11967d-8a21-4a5f-9e3a-a1056f0f201a, status=CLAIMED
[main] DEBUG com.demo.backgroundjobservice.service.LeaseManager - Lease cleared: jobId=ad11967d-8a21-4a5f-9e3a-a1056f0f201a
[main] DEBUG com.demo.backgroundjobservice.service.ExclusivityManager - Exclusivity lock released: type=email
[main] DEBUG com.demo.backgroundjobservice.service.WorkerRegistry - Worker idle: workerId=w1
[main] INFO com.demo.backgroundjobservice.service.JobServiceImpl - Job succeeded: jobId=ad11967d-8a21-4a5f-9e3a-a1056f0f201a, workerId=w1, attempts=1
[main] INFO com.demo.backgroundjobservice.service.InMemoryJobStore - Job saved: jobId=af237886-aa5f-4dda-924f-820455cba4b1, type=email, priority=0
[main] DEBUG com.demo.backgroundjobservice.service.JobQueue - Job enqueued: jobId=af237886-aa5f-4dda-924f-820455cba4b1, type=email, priority=0, queueSize=5
[main] INFO com.demo.backgroundjobservice.service.JobServiceImpl - Job submitted: jobId=af237886-aa5f-4dda-924f-820455cba4b1, type=email, priority=0
[main] INFO com.demo.backgroundjobservice.service.InMemoryJobStore - Job saved: jobId=bc571e69-b3a4-4286-9a53-0dcf5c967c10, type=email, priority=9
[main] DEBUG com.demo.backgroundjobservice.service.JobQueue - Job enqueued: jobId=bc571e69-b3a4-4286-9a53-0dcf5c967c10, type=email, priority=9, queueSize=6
[main] INFO com.demo.backgroundjobservice.service.JobServiceImpl - Job submitted: jobId=bc571e69-b3a4-4286-9a53-0dcf5c967c10, type=email, priority=9
[main] DEBUG com.demo.backgroundjobservice.service.JobQueue - Job dispatched: jobId=bc571e69-b3a4-4286-9a53-0dcf5c967c10, type=email, priority=9
[main] DEBUG com.demo.backgroundjobservice.service.ExclusivityManager - Exclusivity lock acquired: type=email
[main] DEBUG com.demo.backgroundjobservice.service.LeaseManager - Lease issued: jobId=bc571e69-b3a4-4286-9a53-0dcf5c967c10, token=a2012955-7913-4ee4-8b07-d32000d665e5, expiresAt=1779971676460
[main] DEBUG com.demo.backgroundjobservice.service.WorkerRegistry - Worker busy: workerId=w1, jobId=bc571e69-b3a4-4286-9a53-0dcf5c967c10
[main] INFO com.demo.backgroundjobservice.service.JobServiceImpl - Job acquired: jobId=bc571e69-b3a4-4286-9a53-0dcf5c967c10, workerId=w1, attempt=1
[main] DEBUG com.demo.backgroundjobservice.service.InMemoryJobStore - Job fetched: jobId=bc571e69-b3a4-4286-9a53-0dcf5c967c10, status=CLAIMED
[main] DEBUG com.demo.backgroundjobservice.service.LeaseManager - Lease cleared: jobId=bc571e69-b3a4-4286-9a53-0dcf5c967c10
[main] DEBUG com.demo.backgroundjobservice.service.ExclusivityManager - Exclusivity lock released: type=email
[main] DEBUG com.demo.backgroundjobservice.service.WorkerRegistry - Worker idle: workerId=w1
[main] INFO com.demo.backgroundjobservice.service.JobServiceImpl - Job succeeded: jobId=bc571e69-b3a4-4286-9a53-0dcf5c967c10, workerId=w1, attempts=1
[main] INFO com.demo.backgroundjobservice.service.InMemoryJobStore - Job saved: jobId=3d8d307f-7aa6-4295-8de1-fdd29e13a41d, type=email, priority=0
[main] DEBUG com.demo.backgroundjobservice.service.JobQueue - Job enqueued: jobId=3d8d307f-7aa6-4295-8de1-fdd29e13a41d, type=email, priority=0, queueSize=6
[main] INFO com.demo.backgroundjobservice.service.JobServiceImpl - Job submitted: jobId=3d8d307f-7aa6-4295-8de1-fdd29e13a41d, type=email, priority=0
[main] INFO com.demo.backgroundjobservice.service.InMemoryJobStore - Job saved: jobId=87bc36ac-9695-486f-978a-5e39c126fcf7, type=email, priority=9
[main] DEBUG com.demo.backgroundjobservice.service.JobQueue - Job enqueued: jobId=87bc36ac-9695-486f-978a-5e39c126fcf7, type=email, priority=9, queueSize=7
[main] INFO com.demo.backgroundjobservice.service.JobServiceImpl - Job submitted: jobId=87bc36ac-9695-486f-978a-5e39c126fcf7, type=email, priority=9
[main] DEBUG com.demo.backgroundjobservice.service.JobQueue - Job dispatched: jobId=87bc36ac-9695-486f-978a-5e39c126fcf7, type=email, priority=9
[main] DEBUG com.demo.backgroundjobservice.service.ExclusivityManager - Exclusivity lock acquired: type=email
[main] DEBUG com.demo.backgroundjobservice.service.LeaseManager - Lease issued: jobId=87bc36ac-9695-486f-978a-5e39c126fcf7, token=77cce0d4-a5d6-494c-87da-29ec437d59f9, expiresAt=1779971676460
[main] DEBUG com.demo.backgroundjobservice.service.WorkerRegistry - Worker busy: workerId=w1, jobId=87bc36ac-9695-486f-978a-5e39c126fcf7
[main] INFO com.demo.backgroundjobservice.service.JobServiceImpl - Job acquired: jobId=87bc36ac-9695-486f-978a-5e39c126fcf7, workerId=w1, attempt=1
[main] DEBUG com.demo.backgroundjobservice.service.InMemoryJobStore - Job fetched: jobId=87bc36ac-9695-486f-978a-5e39c126fcf7, status=CLAIMED
[main] DEBUG com.demo.backgroundjobservice.service.LeaseManager - Lease cleared: jobId=87bc36ac-9695-486f-978a-5e39c126fcf7
[main] DEBUG com.demo.backgroundjobservice.service.ExclusivityManager - Exclusivity lock released: type=email
[main] DEBUG com.demo.backgroundjobservice.service.WorkerRegistry - Worker idle: workerId=w1
[main] INFO com.demo.backgroundjobservice.service.JobServiceImpl - Job succeeded: jobId=87bc36ac-9695-486f-978a-5e39c126fcf7, workerId=w1, attempts=1
[main] INFO com.demo.backgroundjobservice.service.InMemoryJobStore - Job saved: jobId=ca799d3d-eea5-4efe-91f2-fce7fc2bbcdd, type=email, priority=0
[main] DEBUG com.demo.backgroundjobservice.service.JobQueue - Job enqueued: jobId=ca799d3d-eea5-4efe-91f2-fce7fc2bbcdd, type=email, priority=0, queueSize=7
[main] INFO com.demo.backgroundjobservice.service.JobServiceImpl - Job submitted: jobId=ca799d3d-eea5-4efe-91f2-fce7fc2bbcdd, type=email, priority=0
[main] INFO com.demo.backgroundjobservice.service.InMemoryJobStore - Job saved: jobId=dbd8a748-539e-43b1-964f-c5221fc85606, type=email, priority=9
[main] DEBUG com.demo.backgroundjobservice.service.JobQueue - Job enqueued: jobId=dbd8a748-539e-43b1-964f-c5221fc85606, type=email, priority=9, queueSize=8
[main] INFO com.demo.backgroundjobservice.service.JobServiceImpl - Job submitted: jobId=dbd8a748-539e-43b1-964f-c5221fc85606, type=email, priority=9
[main] DEBUG com.demo.backgroundjobservice.service.JobQueue - Job dispatched: jobId=247d1d0f-f0ac-4fcc-a162-1d262d23bbb7, type=email, priority=9
[main] DEBUG com.demo.backgroundjobservice.service.ExclusivityManager - Exclusivity lock acquired: type=email
[main] DEBUG com.demo.backgroundjobservice.service.LeaseManager - Lease issued: jobId=247d1d0f-f0ac-4fcc-a162-1d262d23bbb7, token=d2e4dc40-f40e-4a9d-b14d-edba42927849, expiresAt=1779971676461
[main] DEBUG com.demo.backgroundjobservice.service.WorkerRegistry - Worker busy: workerId=w1, jobId=247d1d0f-f0ac-4fcc-a162-1d262d23bbb7
[main] INFO com.demo.backgroundjobservice.service.JobServiceImpl - Job acquired: jobId=247d1d0f-f0ac-4fcc-a162-1d262d23bbb7, workerId=w1, attempt=1
[main] DEBUG com.demo.backgroundjobservice.service.InMemoryJobStore - Job fetched: jobId=247d1d0f-f0ac-4fcc-a162-1d262d23bbb7, status=CLAIMED
[main] DEBUG com.demo.backgroundjobservice.service.LeaseManager - Lease cleared: jobId=247d1d0f-f0ac-4fcc-a162-1d262d23bbb7
[main] DEBUG com.demo.backgroundjobservice.service.ExclusivityManager - Exclusivity lock released: type=email
[main] DEBUG com.demo.backgroundjobservice.service.WorkerRegistry - Worker idle: workerId=w1
[main] INFO com.demo.backgroundjobservice.service.JobServiceImpl - Job succeeded: jobId=247d1d0f-f0ac-4fcc-a162-1d262d23bbb7, workerId=w1, attempts=1
[main] INFO com.demo.backgroundjobservice.service.InMemoryJobStore - Job saved: jobId=8ef9dc13-82a5-475e-bca6-a8ead4c008a1, type=email, priority=0
[main] DEBUG com.demo.backgroundjobservice.service.JobQueue - Job enqueued: jobId=8ef9dc13-82a5-475e-bca6-a8ead4c008a1, type=email, priority=0, queueSize=8
[main] INFO com.demo.backgroundjobservice.service.JobServiceImpl - Job submitted: jobId=8ef9dc13-82a5-475e-bca6-a8ead4c008a1, type=email, priority=0
[main] INFO com.demo.backgroundjobservice.service.InMemoryJobStore - Job saved: jobId=ac960378-301f-4817-93a0-5887e17545e9, type=email, priority=9
[main] DEBUG com.demo.backgroundjobservice.service.JobQueue - Job enqueued: jobId=ac960378-301f-4817-93a0-5887e17545e9, type=email, priority=9, queueSize=9
[main] INFO com.demo.backgroundjobservice.service.JobServiceImpl - Job submitted: jobId=ac960378-301f-4817-93a0-5887e17545e9, type=email, priority=9
[main] DEBUG com.demo.backgroundjobservice.service.JobQueue - Job dispatched: jobId=dbd8a748-539e-43b1-964f-c5221fc85606, type=email, priority=9
[main] DEBUG com.demo.backgroundjobservice.service.ExclusivityManager - Exclusivity lock acquired: type=email
[main] DEBUG com.demo.backgroundjobservice.service.LeaseManager - Lease issued: jobId=dbd8a748-539e-43b1-964f-c5221fc85606, token=5bf23e0f-63de-4818-91f4-bdc9d510b0da, expiresAt=1779971676461
[main] DEBUG com.demo.backgroundjobservice.service.WorkerRegistry - Worker busy: workerId=w1, jobId=dbd8a748-539e-43b1-964f-c5221fc85606
[main] INFO com.demo.backgroundjobservice.service.JobServiceImpl - Job acquired: jobId=dbd8a748-539e-43b1-964f-c5221fc85606, workerId=w1, attempt=1
[main] DEBUG com.demo.backgroundjobservice.service.InMemoryJobStore - Job fetched: jobId=dbd8a748-539e-43b1-964f-c5221fc85606, status=CLAIMED
[main] DEBUG com.demo.backgroundjobservice.service.LeaseManager - Lease cleared: jobId=dbd8a748-539e-43b1-964f-c5221fc85606
[main] DEBUG com.demo.backgroundjobservice.service.ExclusivityManager - Exclusivity lock released: type=email
[main] DEBUG com.demo.backgroundjobservice.service.WorkerRegistry - Worker idle: workerId=w1
[main] INFO com.demo.backgroundjobservice.service.JobServiceImpl - Job succeeded: jobId=dbd8a748-539e-43b1-964f-c5221fc85606, workerId=w1, attempts=1
[main] INFO com.demo.backgroundjobservice.service.InMemoryJobStore - Job saved: jobId=bc963677-3438-4aab-bba9-7864d6cf0fe2, type=email, priority=0
[main] DEBUG com.demo.backgroundjobservice.service.JobQueue - Job enqueued: jobId=bc963677-3438-4aab-bba9-7864d6cf0fe2, type=email, priority=0, queueSize=9
[main] INFO com.demo.backgroundjobservice.service.JobServiceImpl - Job submitted: jobId=bc963677-3438-4aab-bba9-7864d6cf0fe2, type=email, priority=0
[main] INFO com.demo.backgroundjobservice.service.InMemoryJobStore - Job saved: jobId=a3df49b0-755d-4870-a8ec-fd342fa3fe08, type=email, priority=9
[main] DEBUG com.demo.backgroundjobservice.service.JobQueue - Job enqueued: jobId=a3df49b0-755d-4870-a8ec-fd342fa3fe08, type=email, priority=9, queueSize=10
[main] INFO com.demo.backgroundjobservice.service.JobServiceImpl - Job submitted: jobId=a3df49b0-755d-4870-a8ec-fd342fa3fe08, type=email, priority=9
[main] DEBUG com.demo.backgroundjobservice.service.JobQueue - Job dispatched: jobId=a3df49b0-755d-4870-a8ec-fd342fa3fe08, type=email, priority=9
[main] DEBUG com.demo.backgroundjobservice.service.ExclusivityManager - Exclusivity lock acquired: type=email
[main] DEBUG com.demo.backgroundjobservice.service.LeaseManager - Lease issued: jobId=a3df49b0-755d-4870-a8ec-fd342fa3fe08, token=1d3e8755-ed70-4576-bb24-b6bc9e8a88bc, expiresAt=1779971676461
[main] DEBUG com.demo.backgroundjobservice.service.WorkerRegistry - Worker busy: workerId=w1, jobId=a3df49b0-755d-4870-a8ec-fd342fa3fe08
[main] INFO com.demo.backgroundjobservice.service.JobServiceImpl - Job acquired: jobId=a3df49b0-755d-4870-a8ec-fd342fa3fe08, workerId=w1, attempt=1
[main] DEBUG com.demo.backgroundjobservice.service.InMemoryJobStore - Job fetched: jobId=a3df49b0-755d-4870-a8ec-fd342fa3fe08, status=CLAIMED
[main] DEBUG com.demo.backgroundjobservice.service.LeaseManager - Lease cleared: jobId=a3df49b0-755d-4870-a8ec-fd342fa3fe08
[main] DEBUG com.demo.backgroundjobservice.service.ExclusivityManager - Exclusivity lock released: type=email
[main] DEBUG com.demo.backgroundjobservice.service.WorkerRegistry - Worker idle: workerId=w1
[main] INFO com.demo.backgroundjobservice.service.JobServiceImpl - Job succeeded: jobId=a3df49b0-755d-4870-a8ec-fd342fa3fe08, workerId=w1, attempts=1
[main] INFO com.demo.backgroundjobservice.service.InMemoryJobStore - Job saved: jobId=63c46dc4-fd8c-49f2-91ee-be812488e02f, type=email, priority=0
[main] DEBUG com.demo.backgroundjobservice.service.JobQueue - Job enqueued: jobId=63c46dc4-fd8c-49f2-91ee-be812488e02f, type=email, priority=0, queueSize=10
[main] INFO com.demo.backgroundjobservice.service.JobServiceImpl - Job submitted: jobId=63c46dc4-fd8c-49f2-91ee-be812488e02f, type=email, priority=0
[main] INFO com.demo.backgroundjobservice.service.InMemoryJobStore - Job saved: jobId=b254cc4d-d051-4472-a7fd-54f4cbc470c9, type=email, priority=9
[main] DEBUG com.demo.backgroundjobservice.service.JobQueue - Job enqueued: jobId=b254cc4d-d051-4472-a7fd-54f4cbc470c9, type=email, priority=9, queueSize=11
[main] INFO com.demo.backgroundjobservice.service.JobServiceImpl - Job submitted: jobId=b254cc4d-d051-4472-a7fd-54f4cbc470c9, type=email, priority=9
[main] DEBUG com.demo.backgroundjobservice.service.JobQueue - Job dispatched: jobId=b254cc4d-d051-4472-a7fd-54f4cbc470c9, type=email, priority=9
[main] DEBUG com.demo.backgroundjobservice.service.ExclusivityManager - Exclusivity lock acquired: type=email
[main] DEBUG com.demo.backgroundjobservice.service.LeaseManager - Lease issued: jobId=b254cc4d-d051-4472-a7fd-54f4cbc470c9, token=6be8f50c-45a0-495f-8d43-00126997561d, expiresAt=1779971676462
[main] DEBUG com.demo.backgroundjobservice.service.WorkerRegistry - Worker busy: workerId=w1, jobId=b254cc4d-d051-4472-a7fd-54f4cbc470c9
[main] INFO com.demo.backgroundjobservice.service.JobServiceImpl - Job acquired: jobId=b254cc4d-d051-4472-a7fd-54f4cbc470c9, workerId=w1, attempt=1
[main] DEBUG com.demo.backgroundjobservice.service.InMemoryJobStore - Job fetched: jobId=b254cc4d-d051-4472-a7fd-54f4cbc470c9, status=CLAIMED
[main] DEBUG com.demo.backgroundjobservice.service.LeaseManager - Lease cleared: jobId=b254cc4d-d051-4472-a7fd-54f4cbc470c9
[main] DEBUG com.demo.backgroundjobservice.service.ExclusivityManager - Exclusivity lock released: type=email
[main] DEBUG com.demo.backgroundjobservice.service.WorkerRegistry - Worker idle: workerId=w1
[main] INFO com.demo.backgroundjobservice.service.JobServiceImpl - Job succeeded: jobId=b254cc4d-d051-4472-a7fd-54f4cbc470c9, workerId=w1, attempts=1
[main] INFO com.demo.backgroundjobservice.service.InMemoryJobStore - Job saved: jobId=83ac07a7-6231-47c3-a009-6cc419fc4903, type=email, priority=0
[main] DEBUG com.demo.backgroundjobservice.service.JobQueue - Job enqueued: jobId=83ac07a7-6231-47c3-a009-6cc419fc4903, type=email, priority=0, queueSize=11
[main] INFO com.demo.backgroundjobservice.service.JobServiceImpl - Job submitted: jobId=83ac07a7-6231-47c3-a009-6cc419fc4903, type=email, priority=0
[main] INFO com.demo.backgroundjobservice.service.InMemoryJobStore - Job saved: jobId=5b7e9579-85c4-4d46-bf9f-118dc4fc0d0c, type=email, priority=9
[main] DEBUG com.demo.backgroundjobservice.service.JobQueue - Job enqueued: jobId=5b7e9579-85c4-4d46-bf9f-118dc4fc0d0c, type=email, priority=9, queueSize=12
[main] INFO com.demo.backgroundjobservice.service.JobServiceImpl - Job submitted: jobId=5b7e9579-85c4-4d46-bf9f-118dc4fc0d0c, type=email, priority=9
[main] DEBUG com.demo.backgroundjobservice.service.JobQueue - Job dispatched: jobId=7f64322b-fde8-41c0-a89d-c0cb8f632598, type=email, priority=0
[main] DEBUG com.demo.backgroundjobservice.service.ExclusivityManager - Exclusivity lock acquired: type=email
[main] DEBUG com.demo.backgroundjobservice.service.LeaseManager - Lease issued: jobId=7f64322b-fde8-41c0-a89d-c0cb8f632598, token=bea78c71-168b-4ed2-a774-18440be21a8f, expiresAt=1779971676463
[main] DEBUG com.demo.backgroundjobservice.service.WorkerRegistry - Worker busy: workerId=w1, jobId=7f64322b-fde8-41c0-a89d-c0cb8f632598
[main] INFO com.demo.backgroundjobservice.service.JobServiceImpl - Job acquired: jobId=7f64322b-fde8-41c0-a89d-c0cb8f632598, workerId=w1, attempt=1
[main] DEBUG com.demo.backgroundjobservice.service.InMemoryJobStore - Job fetched: jobId=7f64322b-fde8-41c0-a89d-c0cb8f632598, status=CLAIMED
[main] DEBUG com.demo.backgroundjobservice.service.LeaseManager - Lease cleared: jobId=7f64322b-fde8-41c0-a89d-c0cb8f632598
[main] DEBUG com.demo.backgroundjobservice.service.ExclusivityManager - Exclusivity lock released: type=email
[main] DEBUG com.demo.backgroundjobservice.service.WorkerRegistry - Worker idle: workerId=w1
[main] INFO com.demo.backgroundjobservice.service.JobServiceImpl - Job succeeded: jobId=7f64322b-fde8-41c0-a89d-c0cb8f632598, workerId=w1, attempts=1
[main] INFO com.demo.backgroundjobservice.service.InMemoryJobStore - Job saved: jobId=4dd90215-5ea1-46f0-a42f-71db7924f2bb, type=email, priority=0
[main] DEBUG com.demo.backgroundjobservice.service.JobQueue - Job enqueued: jobId=4dd90215-5ea1-46f0-a42f-71db7924f2bb, type=email, priority=0, queueSize=12
[main] INFO com.demo.backgroundjobservice.service.JobServiceImpl - Job submitted: jobId=4dd90215-5ea1-46f0-a42f-71db7924f2bb, type=email, priority=0
[main] INFO com.demo.backgroundjobservice.service.InMemoryJobStore - Job saved: jobId=886d6959-e802-42f1-a9cd-a8edcf37a140, type=email, priority=9
[main] DEBUG com.demo.backgroundjobservice.service.JobQueue - Job enqueued: jobId=886d6959-e802-42f1-a9cd-a8edcf37a140, type=email, priority=9, queueSize=13
[main] INFO com.demo.backgroundjobservice.service.JobServiceImpl - Job submitted: jobId=886d6959-e802-42f1-a9cd-a8edcf37a140, type=email, priority=9
[main] DEBUG com.demo.backgroundjobservice.service.JobQueue - Job dispatched: jobId=5b7e9579-85c4-4d46-bf9f-118dc4fc0d0c, type=email, priority=9
[main] DEBUG com.demo.backgroundjobservice.service.ExclusivityManager - Exclusivity lock acquired: type=email
[main] DEBUG com.demo.backgroundjobservice.service.LeaseManager - Lease issued: jobId=5b7e9579-85c4-4d46-bf9f-118dc4fc0d0c, token=79f2f507-221c-4796-a077-751f78cf8e28, expiresAt=1779971676463
[main] DEBUG com.demo.backgroundjobservice.service.WorkerRegistry - Worker busy: workerId=w1, jobId=5b7e9579-85c4-4d46-bf9f-118dc4fc0d0c
[main] INFO com.demo.backgroundjobservice.service.JobServiceImpl - Job acquired: jobId=5b7e9579-85c4-4d46-bf9f-118dc4fc0d0c, workerId=w1, attempt=1
[main] DEBUG com.demo.backgroundjobservice.service.InMemoryJobStore - Job fetched: jobId=5b7e9579-85c4-4d46-bf9f-118dc4fc0d0c, status=CLAIMED
[main] DEBUG com.demo.backgroundjobservice.service.LeaseManager - Lease cleared: jobId=5b7e9579-85c4-4d46-bf9f-118dc4fc0d0c
[main] DEBUG com.demo.backgroundjobservice.service.ExclusivityManager - Exclusivity lock released: type=email
[main] DEBUG com.demo.backgroundjobservice.service.WorkerRegistry - Worker idle: workerId=w1
[main] INFO com.demo.backgroundjobservice.service.JobServiceImpl - Job succeeded: jobId=5b7e9579-85c4-4d46-bf9f-118dc4fc0d0c, workerId=w1, attempts=1
[main] INFO com.demo.backgroundjobservice.service.InMemoryJobStore - Job saved: jobId=30f6be0b-3cce-48a2-a1c6-4cdf6ee53450, type=email, priority=0
[main] DEBUG com.demo.backgroundjobservice.service.JobQueue - Job enqueued: jobId=30f6be0b-3cce-48a2-a1c6-4cdf6ee53450, type=email, priority=0, queueSize=13
[main] INFO com.demo.backgroundjobservice.service.JobServiceImpl - Job submitted: jobId=30f6be0b-3cce-48a2-a1c6-4cdf6ee53450, type=email, priority=0
[main] INFO com.demo.backgroundjobservice.service.InMemoryJobStore - Job saved: jobId=8b1fec80-7ca9-471c-a482-cdd2a0cce4f0, type=email, priority=9
[main] DEBUG com.demo.backgroundjobservice.service.JobQueue - Job enqueued: jobId=8b1fec80-7ca9-471c-a482-cdd2a0cce4f0, type=email, priority=9, queueSize=14
[main] INFO com.demo.backgroundjobservice.service.JobServiceImpl - Job submitted: jobId=8b1fec80-7ca9-471c-a482-cdd2a0cce4f0, type=email, priority=9
[main] DEBUG com.demo.backgroundjobservice.service.JobQueue - Job dispatched: jobId=8b1fec80-7ca9-471c-a482-cdd2a0cce4f0, type=email, priority=9
[main] DEBUG com.demo.backgroundjobservice.service.ExclusivityManager - Exclusivity lock acquired: type=email
[main] DEBUG com.demo.backgroundjobservice.service.LeaseManager - Lease issued: jobId=8b1fec80-7ca9-471c-a482-cdd2a0cce4f0, token=9bd5d0b2-6d21-4268-85a6-bcf6a39b4e8f, expiresAt=1779971676463
[main] DEBUG com.demo.backgroundjobservice.service.WorkerRegistry - Worker busy: workerId=w1, jobId=8b1fec80-7ca9-471c-a482-cdd2a0cce4f0
[main] INFO com.demo.backgroundjobservice.service.JobServiceImpl - Job acquired: jobId=8b1fec80-7ca9-471c-a482-cdd2a0cce4f0, workerId=w1, attempt=1
[main] DEBUG com.demo.backgroundjobservice.service.InMemoryJobStore - Job fetched: jobId=8b1fec80-7ca9-471c-a482-cdd2a0cce4f0, status=CLAIMED
[main] DEBUG com.demo.backgroundjobservice.service.LeaseManager - Lease cleared: jobId=8b1fec80-7ca9-471c-a482-cdd2a0cce4f0
[main] DEBUG com.demo.backgroundjobservice.service.ExclusivityManager - Exclusivity lock released: type=email
[main] DEBUG com.demo.backgroundjobservice.service.WorkerRegistry - Worker idle: workerId=w1
[main] INFO com.demo.backgroundjobservice.service.JobServiceImpl - Job succeeded: jobId=8b1fec80-7ca9-471c-a482-cdd2a0cce4f0, workerId=w1, attempts=1
[main] INFO com.demo.backgroundjobservice.service.InMemoryJobStore - Job saved: jobId=cad230c3-0c87-4015-9420-1836ba46d3a9, type=email, priority=0
[main] DEBUG com.demo.backgroundjobservice.service.JobQueue - Job enqueued: jobId=cad230c3-0c87-4015-9420-1836ba46d3a9, type=email, priority=0, queueSize=14
[main] INFO com.demo.backgroundjobservice.service.JobServiceImpl - Job submitted: jobId=cad230c3-0c87-4015-9420-1836ba46d3a9, type=email, priority=0
[main] INFO com.demo.backgroundjobservice.service.InMemoryJobStore - Job saved: jobId=6eb40ede-b459-4508-b95e-2f48accebf24, type=email, priority=9
[main] DEBUG com.demo.backgroundjobservice.service.JobQueue - Job enqueued: jobId=6eb40ede-b459-4508-b95e-2f48accebf24, type=email, priority=9, queueSize=15
[main] INFO com.demo.backgroundjobservice.service.JobServiceImpl - Job submitted: jobId=6eb40ede-b459-4508-b95e-2f48accebf24, type=email, priority=9
[main] DEBUG com.demo.backgroundjobservice.service.JobQueue - Job dispatched: jobId=ac960378-301f-4817-93a0-5887e17545e9, type=email, priority=9
[main] DEBUG com.demo.backgroundjobservice.service.ExclusivityManager - Exclusivity lock acquired: type=email
[main] DEBUG com.demo.backgroundjobservice.service.LeaseManager - Lease issued: jobId=ac960378-301f-4817-93a0-5887e17545e9, token=48ac06ec-98a6-4257-b439-c8fe25c063e9, expiresAt=1779971676464
[main] DEBUG com.demo.backgroundjobservice.service.WorkerRegistry - Worker busy: workerId=w1, jobId=ac960378-301f-4817-93a0-5887e17545e9
[main] INFO com.demo.backgroundjobservice.service.JobServiceImpl - Job acquired: jobId=ac960378-301f-4817-93a0-5887e17545e9, workerId=w1, attempt=1
[main] DEBUG com.demo.backgroundjobservice.service.InMemoryJobStore - Job fetched: jobId=ac960378-301f-4817-93a0-5887e17545e9, status=CLAIMED
[main] DEBUG com.demo.backgroundjobservice.service.LeaseManager - Lease cleared: jobId=ac960378-301f-4817-93a0-5887e17545e9
[main] DEBUG com.demo.backgroundjobservice.service.ExclusivityManager - Exclusivity lock released: type=email
[main] DEBUG com.demo.backgroundjobservice.service.WorkerRegistry - Worker idle: workerId=w1
[main] INFO com.demo.backgroundjobservice.service.JobServiceImpl - Job succeeded: jobId=ac960378-301f-4817-93a0-5887e17545e9, workerId=w1, attempts=1
[main] INFO com.demo.backgroundjobservice.service.InMemoryJobStore - Job saved: jobId=117bd097-2ef9-4552-9950-f8ed4983a048, type=email, priority=0
[main] DEBUG com.demo.backgroundjobservice.service.JobQueue - Job enqueued: jobId=117bd097-2ef9-4552-9950-f8ed4983a048, type=email, priority=0, queueSize=15
[main] INFO com.demo.backgroundjobservice.service.JobServiceImpl - Job submitted: jobId=117bd097-2ef9-4552-9950-f8ed4983a048, type=email, priority=0
[main] INFO com.demo.backgroundjobservice.service.InMemoryJobStore - Job saved: jobId=d6145787-3cf4-4506-9c14-10a0b8ec788b, type=email, priority=9
[main] DEBUG com.demo.backgroundjobservice.service.JobQueue - Job enqueued: jobId=d6145787-3cf4-4506-9c14-10a0b8ec788b, type=email, priority=9, queueSize=16
[main] INFO com.demo.backgroundjobservice.service.JobServiceImpl - Job submitted: jobId=d6145787-3cf4-4506-9c14-10a0b8ec788b, type=email, priority=9
[main] DEBUG com.demo.backgroundjobservice.service.JobQueue - Job dispatched: jobId=6eb40ede-b459-4508-b95e-2f48accebf24, type=email, priority=9
[main] DEBUG com.demo.backgroundjobservice.service.ExclusivityManager - Exclusivity lock acquired: type=email
[main] DEBUG com.demo.backgroundjobservice.service.LeaseManager - Lease issued: jobId=6eb40ede-b459-4508-b95e-2f48accebf24, token=17efa368-ecf1-4821-b6a7-0d184e79a280, expiresAt=1779971676465
[main] DEBUG com.demo.backgroundjobservice.service.WorkerRegistry - Worker busy: workerId=w1, jobId=6eb40ede-b459-4508-b95e-2f48accebf24
[main] INFO com.demo.backgroundjobservice.service.JobServiceImpl - Job acquired: jobId=6eb40ede-b459-4508-b95e-2f48accebf24, workerId=w1, attempt=1
[main] DEBUG com.demo.backgroundjobservice.service.InMemoryJobStore - Job fetched: jobId=6eb40ede-b459-4508-b95e-2f48accebf24, status=CLAIMED
[main] DEBUG com.demo.backgroundjobservice.service.LeaseManager - Lease cleared: jobId=6eb40ede-b459-4508-b95e-2f48accebf24
[main] DEBUG com.demo.backgroundjobservice.service.ExclusivityManager - Exclusivity lock released: type=email
[main] DEBUG com.demo.backgroundjobservice.service.WorkerRegistry - Worker idle: workerId=w1
[main] INFO com.demo.backgroundjobservice.service.JobServiceImpl - Job succeeded: jobId=6eb40ede-b459-4508-b95e-2f48accebf24, workerId=w1, attempts=1
[main] INFO com.demo.backgroundjobservice.service.InMemoryJobStore - Job saved: jobId=31587d4b-bf28-47df-9929-58b3977e04c8, type=email, priority=0
[main] DEBUG com.demo.backgroundjobservice.service.JobQueue - Job enqueued: jobId=31587d4b-bf28-47df-9929-58b3977e04c8, type=email, priority=0, queueSize=16
[main] INFO com.demo.backgroundjobservice.service.JobServiceImpl - Job submitted: jobId=31587d4b-bf28-47df-9929-58b3977e04c8, type=email, priority=0
[main] INFO com.demo.backgroundjobservice.service.InMemoryJobStore - Job saved: jobId=5b4b3a86-5f09-4586-9807-5e9625ddeba3, type=email, priority=9
[main] DEBUG com.demo.backgroundjobservice.service.JobQueue - Job enqueued: jobId=5b4b3a86-5f09-4586-9807-5e9625ddeba3, type=email, priority=9, queueSize=17
[main] INFO com.demo.backgroundjobservice.service.JobServiceImpl - Job submitted: jobId=5b4b3a86-5f09-4586-9807-5e9625ddeba3, type=email, priority=9
[main] DEBUG com.demo.backgroundjobservice.service.JobQueue - Job dispatched: jobId=886d6959-e802-42f1-a9cd-a8edcf37a140, type=email, priority=9
[main] DEBUG com.demo.backgroundjobservice.service.ExclusivityManager - Exclusivity lock acquired: type=email
[main] DEBUG com.demo.backgroundjobservice.service.LeaseManager - Lease issued: jobId=886d6959-e802-42f1-a9cd-a8edcf37a140, token=12efa839-03cc-412e-9b21-b144e81353e3, expiresAt=1779971676465
[main] DEBUG com.demo.backgroundjobservice.service.WorkerRegistry - Worker busy: workerId=w1, jobId=886d6959-e802-42f1-a9cd-a8edcf37a140
[main] INFO com.demo.backgroundjobservice.service.JobServiceImpl - Job acquired: jobId=886d6959-e802-42f1-a9cd-a8edcf37a140, workerId=w1, attempt=1
[main] DEBUG com.demo.backgroundjobservice.service.InMemoryJobStore - Job fetched: jobId=886d6959-e802-42f1-a9cd-a8edcf37a140, status=CLAIMED
[main] DEBUG com.demo.backgroundjobservice.service.LeaseManager - Lease cleared: jobId=886d6959-e802-42f1-a9cd-a8edcf37a140
[main] DEBUG com.demo.backgroundjobservice.service.ExclusivityManager - Exclusivity lock released: type=email
[main] DEBUG com.demo.backgroundjobservice.service.WorkerRegistry - Worker idle: workerId=w1
[main] INFO com.demo.backgroundjobservice.service.JobServiceImpl - Job succeeded: jobId=886d6959-e802-42f1-a9cd-a8edcf37a140, workerId=w1, attempts=1
[main] INFO com.demo.backgroundjobservice.service.InMemoryJobStore - Job saved: jobId=3d6fe08e-ba97-4668-b24c-e8b28846898f, type=email, priority=0
[main] DEBUG com.demo.backgroundjobservice.service.JobQueue - Job enqueued: jobId=3d6fe08e-ba97-4668-b24c-e8b28846898f, type=email, priority=0, queueSize=17
[main] INFO com.demo.backgroundjobservice.service.JobServiceImpl - Job submitted: jobId=3d6fe08e-ba97-4668-b24c-e8b28846898f, type=email, priority=0
[main] INFO com.demo.backgroundjobservice.service.InMemoryJobStore - Job saved: jobId=4b974161-50bb-4b75-a4c6-5d5f5ed9bee9, type=email, priority=9
[main] DEBUG com.demo.backgroundjobservice.service.JobQueue - Job enqueued: jobId=4b974161-50bb-4b75-a4c6-5d5f5ed9bee9, type=email, priority=9, queueSize=18
[main] INFO com.demo.backgroundjobservice.service.JobServiceImpl - Job submitted: jobId=4b974161-50bb-4b75-a4c6-5d5f5ed9bee9, type=email, priority=9
[main] DEBUG com.demo.backgroundjobservice.service.JobQueue - Job dispatched: jobId=8ef9dc13-82a5-475e-bca6-a8ead4c008a1, type=email, priority=0
[main] DEBUG com.demo.backgroundjobservice.service.ExclusivityManager - Exclusivity lock acquired: type=email
[main] DEBUG com.demo.backgroundjobservice.service.LeaseManager - Lease issued: jobId=8ef9dc13-82a5-475e-bca6-a8ead4c008a1, token=50ea013b-3a4d-409d-b796-22d90125eff9, expiresAt=1779971676465
[main] DEBUG com.demo.backgroundjobservice.service.WorkerRegistry - Worker busy: workerId=w1, jobId=8ef9dc13-82a5-475e-bca6-a8ead4c008a1
[main] INFO com.demo.backgroundjobservice.service.JobServiceImpl - Job acquired: jobId=8ef9dc13-82a5-475e-bca6-a8ead4c008a1, workerId=w1, attempt=1
[main] DEBUG com.demo.backgroundjobservice.service.InMemoryJobStore - Job fetched: jobId=8ef9dc13-82a5-475e-bca6-a8ead4c008a1, status=CLAIMED
[main] DEBUG com.demo.backgroundjobservice.service.LeaseManager - Lease cleared: jobId=8ef9dc13-82a5-475e-bca6-a8ead4c008a1
[main] DEBUG com.demo.backgroundjobservice.service.ExclusivityManager - Exclusivity lock released: type=email
[main] DEBUG com.demo.backgroundjobservice.service.WorkerRegistry - Worker idle: workerId=w1
[main] INFO com.demo.backgroundjobservice.service.JobServiceImpl - Job succeeded: jobId=8ef9dc13-82a5-475e-bca6-a8ead4c008a1, workerId=w1, attempts=1
[main] INFO com.demo.backgroundjobservice.service.InMemoryJobStore - Job saved: jobId=ed8bcbe0-2a4e-4fc2-97c1-4b1ca4533441, type=email, priority=0
[main] DEBUG com.demo.backgroundjobservice.service.JobQueue - Job enqueued: jobId=ed8bcbe0-2a4e-4fc2-97c1-4b1ca4533441, type=email, priority=0, queueSize=18
[main] INFO com.demo.backgroundjobservice.service.JobServiceImpl - Job submitted: jobId=ed8bcbe0-2a4e-4fc2-97c1-4b1ca4533441, type=email, priority=0
[main] INFO com.demo.backgroundjobservice.service.InMemoryJobStore - Job saved: jobId=276425d2-2a65-4833-9319-73dd071a120c, type=email, priority=9
[main] DEBUG com.demo.backgroundjobservice.service.JobQueue - Job enqueued: jobId=276425d2-2a65-4833-9319-73dd071a120c, type=email, priority=9, queueSize=19
[main] INFO com.demo.backgroundjobservice.service.JobServiceImpl - Job submitted: jobId=276425d2-2a65-4833-9319-73dd071a120c, type=email, priority=9
[main] DEBUG com.demo.backgroundjobservice.service.JobQueue - Job dispatched: jobId=276425d2-2a65-4833-9319-73dd071a120c, type=email, priority=9
[main] DEBUG com.demo.backgroundjobservice.service.ExclusivityManager - Exclusivity lock acquired: type=email
[main] DEBUG com.demo.backgroundjobservice.service.LeaseManager - Lease issued: jobId=276425d2-2a65-4833-9319-73dd071a120c, token=df77e4db-c7a8-4611-89a2-6f47e1ebc173, expiresAt=1779971676465
[main] DEBUG com.demo.backgroundjobservice.service.WorkerRegistry - Worker busy: workerId=w1, jobId=276425d2-2a65-4833-9319-73dd071a120c
[main] INFO com.demo.backgroundjobservice.service.JobServiceImpl - Job acquired: jobId=276425d2-2a65-4833-9319-73dd071a120c, workerId=w1, attempt=1
[main] DEBUG com.demo.backgroundjobservice.service.InMemoryJobStore - Job fetched: jobId=276425d2-2a65-4833-9319-73dd071a120c, status=CLAIMED
[main] DEBUG com.demo.backgroundjobservice.service.LeaseManager - Lease cleared: jobId=276425d2-2a65-4833-9319-73dd071a120c
[main] DEBUG com.demo.backgroundjobservice.service.ExclusivityManager - Exclusivity lock released: type=email
[main] DEBUG com.demo.backgroundjobservice.service.WorkerRegistry - Worker idle: workerId=w1
[main] INFO com.demo.backgroundjobservice.service.JobServiceImpl - Job succeeded: jobId=276425d2-2a65-4833-9319-73dd071a120c, workerId=w1, attempts=1
[main] INFO com.demo.backgroundjobservice.service.InMemoryJobStore - Job saved: jobId=f31e370f-a9fb-4f59-a7d6-3aa74fd87b5d, type=email, priority=0
[main] DEBUG com.demo.backgroundjobservice.service.JobQueue - Job enqueued: jobId=f31e370f-a9fb-4f59-a7d6-3aa74fd87b5d, type=email, priority=0, queueSize=19
[main] INFO com.demo.backgroundjobservice.service.JobServiceImpl - Job submitted: jobId=f31e370f-a9fb-4f59-a7d6-3aa74fd87b5d, type=email, priority=0
[main] INFO com.demo.backgroundjobservice.service.InMemoryJobStore - Job saved: jobId=9bfb6897-a43f-4ebb-865f-a43330247ef8, type=email, priority=9
[main] DEBUG com.demo.backgroundjobservice.service.JobQueue - Job enqueued: jobId=9bfb6897-a43f-4ebb-865f-a43330247ef8, type=email, priority=9, queueSize=20
[main] INFO com.demo.backgroundjobservice.service.JobServiceImpl - Job submitted: jobId=9bfb6897-a43f-4ebb-865f-a43330247ef8, type=email, priority=9
[main] DEBUG com.demo.backgroundjobservice.service.JobQueue - Job dispatched: jobId=f31e370f-a9fb-4f59-a7d6-3aa74fd87b5d, type=email, priority=0
[main] DEBUG com.demo.backgroundjobservice.service.ExclusivityManager - Exclusivity lock acquired: type=email
[main] DEBUG com.demo.backgroundjobservice.service.LeaseManager - Lease issued: jobId=f31e370f-a9fb-4f59-a7d6-3aa74fd87b5d, token=22836b37-3620-473b-8929-1c65a07f1f95, expiresAt=1779971676466
[main] DEBUG com.demo.backgroundjobservice.service.WorkerRegistry - Worker busy: workerId=w1, jobId=f31e370f-a9fb-4f59-a7d6-3aa74fd87b5d
[main] INFO com.demo.backgroundjobservice.service.JobServiceImpl - Job acquired: jobId=f31e370f-a9fb-4f59-a7d6-3aa74fd87b5d, workerId=w1, attempt=1
[main] DEBUG com.demo.backgroundjobservice.service.InMemoryJobStore - Job fetched: jobId=f31e370f-a9fb-4f59-a7d6-3aa74fd87b5d, status=CLAIMED
[main] DEBUG com.demo.backgroundjobservice.service.LeaseManager - Lease cleared: jobId=f31e370f-a9fb-4f59-a7d6-3aa74fd87b5d
[main] DEBUG com.demo.backgroundjobservice.service.ExclusivityManager - Exclusivity lock released: type=email
[main] DEBUG com.demo.backgroundjobservice.service.WorkerRegistry - Worker idle: workerId=w1
[main] INFO com.demo.backgroundjobservice.service.JobServiceImpl - Job succeeded: jobId=f31e370f-a9fb-4f59-a7d6-3aa74fd87b5d, workerId=w1, attempts=1
[main] INFO com.demo.backgroundjobservice.service.InMemoryJobStore - Job saved: jobId=d9fcb33b-ab2d-4cb6-97fd-0dffc6deff70, type=email, priority=0
[main] DEBUG com.demo.backgroundjobservice.service.JobQueue - Job enqueued: jobId=d9fcb33b-ab2d-4cb6-97fd-0dffc6deff70, type=email, priority=0, queueSize=20
[main] INFO com.demo.backgroundjobservice.service.JobServiceImpl - Job submitted: jobId=d9fcb33b-ab2d-4cb6-97fd-0dffc6deff70, type=email, priority=0
[main] INFO com.demo.backgroundjobservice.service.InMemoryJobStore - Job saved: jobId=54c413e4-40e5-4bea-87f5-a9f8cad86d7c, type=email, priority=9
[main] DEBUG com.demo.backgroundjobservice.service.JobQueue - Job enqueued: jobId=54c413e4-40e5-4bea-87f5-a9f8cad86d7c, type=email, priority=9, queueSize=21
[main] INFO com.demo.backgroundjobservice.service.JobServiceImpl - Job submitted: jobId=54c413e4-40e5-4bea-87f5-a9f8cad86d7c, type=email, priority=9
[main] DEBUG com.demo.backgroundjobservice.service.JobQueue - Job dispatched: jobId=5b4b3a86-5f09-4586-9807-5e9625ddeba3, type=email, priority=9
[main] DEBUG com.demo.backgroundjobservice.service.ExclusivityManager - Exclusivity lock acquired: type=email
[main] DEBUG com.demo.backgroundjobservice.service.LeaseManager - Lease issued: jobId=5b4b3a86-5f09-4586-9807-5e9625ddeba3, token=88161f73-58cd-4ba1-ba67-7980fb77652c, expiresAt=1779971676466
[main] DEBUG com.demo.backgroundjobservice.service.WorkerRegistry - Worker busy: workerId=w1, jobId=5b4b3a86-5f09-4586-9807-5e9625ddeba3
[main] INFO com.demo.backgroundjobservice.service.JobServiceImpl - Job acquired: jobId=5b4b3a86-5f09-4586-9807-5e9625ddeba3, workerId=w1, attempt=1
[main] DEBUG com.demo.backgroundjobservice.service.InMemoryJobStore - Job fetched: jobId=5b4b3a86-5f09-4586-9807-5e9625ddeba3, status=CLAIMED
[main] DEBUG com.demo.backgroundjobservice.service.LeaseManager - Lease cleared: jobId=5b4b3a86-5f09-4586-9807-5e9625ddeba3
[main] DEBUG com.demo.backgroundjobservice.service.ExclusivityManager - Exclusivity lock released: type=email
[main] DEBUG com.demo.backgroundjobservice.service.WorkerRegistry - Worker idle: workerId=w1
[main] INFO com.demo.backgroundjobservice.service.JobServiceImpl - Job succeeded: jobId=5b4b3a86-5f09-4586-9807-5e9625ddeba3, workerId=w1, attempts=1
[main] INFO com.demo.backgroundjobservice.service.InMemoryJobStore - Job saved: jobId=ed979101-395f-47b0-8deb-254b974a3b01, type=email, priority=0
[main] DEBUG com.demo.backgroundjobservice.service.JobQueue - Job enqueued: jobId=ed979101-395f-47b0-8deb-254b974a3b01, type=email, priority=0, queueSize=21
[main] INFO com.demo.backgroundjobservice.service.JobServiceImpl - Job submitted: jobId=ed979101-395f-47b0-8deb-254b974a3b01, type=email, priority=0
[main] INFO com.demo.backgroundjobservice.service.InMemoryJobStore - Job saved: jobId=c7dfe2b6-b054-4193-b8ea-3d10dba55a58, type=email, priority=9
[main] DEBUG com.demo.backgroundjobservice.service.JobQueue - Job enqueued: jobId=c7dfe2b6-b054-4193-b8ea-3d10dba55a58, type=email, priority=9, queueSize=22
[main] INFO com.demo.backgroundjobservice.service.JobServiceImpl - Job submitted: jobId=c7dfe2b6-b054-4193-b8ea-3d10dba55a58, type=email, priority=9
[main] DEBUG com.demo.backgroundjobservice.service.JobQueue - Job dispatched: jobId=30f6be0b-3cce-48a2-a1c6-4cdf6ee53450, type=email, priority=0
[main] DEBUG com.demo.backgroundjobservice.service.ExclusivityManager - Exclusivity lock acquired: type=email
[...]
[pool-48-thread-3] INFO com.demo.backgroundjobservice.service.JobServiceImpl - Job succeeded: jobId=dc4e2efa-13d5-4374-b8ad-189d77141080, workerId=stress-w2, attempts=1
[pool-48-thread-3] DEBUG com.demo.backgroundjobservice.service.JobQueue - Job dispatched: jobId=2076a4f6-9429-4083-adf0-3e76d761fa5e, type=email, priority=5
[pool-48-thread-3] DEBUG com.demo.backgroundjobservice.service.ExclusivityManager - Exclusivity lock acquired: type=email
[pool-48-thread-3] DEBUG com.demo.backgroundjobservice.service.LeaseManager - Lease issued: jobId=2076a4f6-9429-4083-adf0-3e76d761fa5e, token=49142f1d-8bfe-44c3-a75b-949679ad6266, expiresAt=1779971677094
[pool-48-thread-3] DEBUG com.demo.backgroundjobservice.service.WorkerRegistry - Worker busy: workerId=stress-w2, jobId=2076a4f6-9429-4083-adf0-3e76d761fa5e
[pool-48-thread-3] INFO com.demo.backgroundjobservice.service.JobServiceImpl - Job acquired: jobId=2076a4f6-9429-4083-adf0-3e76d761fa5e, workerId=stress-w2, attempt=1
[pool-48-thread-1] DEBUG com.demo.backgroundjobservice.service.JobQueue - No eligible jobs for handledTypes=[email]
[pool-48-thread-4] DEBUG com.demo.backgroundjobservice.service.JobQueue - No eligible jobs for handledTypes=[email]
[pool-48-thread-3] DEBUG com.demo.backgroundjobservice.service.InMemoryJobStore - Job fetched: jobId=2076a4f6-9429-4083-adf0-3e76d761fa5e, status=CLAIMED
[pool-48-thread-2] DEBUG com.demo.backgroundjobservice.service.JobQueue - No eligible jobs for handledTypes=[email]
[pool-48-thread-3] DEBUG com.demo.backgroundjobservice.service.LeaseManager - Lease cleared: jobId=2076a4f6-9429-4083-adf0-3e76d761fa5e
[pool-48-thread-3] DEBUG com.demo.backgroundjobservice.service.ExclusivityManager - Exclusivity lock released: type=email
[pool-48-thread-3] DEBUG com.demo.backgroundjobservice.service.WorkerRegistry - Worker idle: workerId=stress-w2
[pool-48-thread-3] INFO com.demo.backgroundjobservice.service.JobServiceImpl - Job succeeded: jobId=2076a4f6-9429-4083-adf0-3e76d761fa5e, workerId=stress-w2, attempts=1
[pool-48-thread-3] DEBUG com.demo.backgroundjobservice.service.JobQueue - Job dispatched: jobId=f784d02f-b402-4a4b-8c41-814d9f2ea318, type=email, priority=5
[pool-48-thread-3] DEBUG com.demo.backgroundjobservice.service.ExclusivityManager - Exclusivity lock acquired: type=email
[pool-48-thread-3] DEBUG com.demo.backgroundjobservice.service.LeaseManager - Lease issued: jobId=f784d02f-b402-4a4b-8c41-814d9f2ea318, token=ff79e11b-8d4c-44d3-a0b9-e4c0ccb7135e, expiresAt=1779971677100
[pool-48-thread-3] DEBUG com.demo.backgroundjobservice.service.WorkerRegistry - Worker busy: workerId=stress-w2, jobId=f784d02f-b402-4a4b-8c41-814d9f2ea318
[pool-48-thread-3] INFO com.demo.backgroundjobservice.service.JobServiceImpl - Job acquired: jobId=f784d02f-b402-4a4b-8c41-814d9f2ea318, workerId=stress-w2, attempt=1
[pool-48-thread-5] DEBUG com.demo.backgroundjobservice.service.JobQueue - No eligible jobs for handledTypes=[email]
[pool-48-thread-3] DEBUG com.demo.backgroundjobservice.service.InMemoryJobStore - Job fetched: jobId=f784d02f-b402-4a4b-8c41-814d9f2ea318, status=CLAIMED
[pool-48-thread-3] DEBUG com.demo.backgroundjobservice.service.LeaseManager - Lease cleared: jobId=f784d02f-b402-4a4b-8c41-814d9f2ea318
[pool-48-thread-3] DEBUG com.demo.backgroundjobservice.service.ExclusivityManager - Exclusivity lock released: type=email
[pool-48-thread-3] DEBUG com.demo.backgroundjobservice.service.WorkerRegistry - Worker idle: workerId=stress-w2
[pool-48-thread-3] INFO com.demo.backgroundjobservice.service.JobServiceImpl - Job succeeded: jobId=f784d02f-b402-4a4b-8c41-814d9f2ea318, workerId=stress-w2, attempts=1
[pool-48-thread-3] DEBUG com.demo.backgroundjobservice.service.JobQueue - Job dispatched: jobId=0d04937b-6c9b-4989-9c82-ec464edac38c, type=email, priority=5
[pool-48-thread-3] DEBUG com.demo.backgroundjobservice.service.ExclusivityManager - Exclusivity lock acquired: type=email
[pool-48-thread-3] DEBUG com.demo.backgroundjobservice.service.LeaseManager - Lease issued: jobId=0d04937b-6c9b-4989-9c82-ec464edac38c, token=76bcc671-cfe4-4d0c-9b06-feed034f8a26, expiresAt=1779971677106
[pool-48-thread-3] DEBUG com.demo.backgroundjobservice.service.WorkerRegistry - Worker busy: workerId=stress-w2, jobId=0d04937b-6c9b-4989-9c82-ec464edac38c
[pool-48-thread-3] INFO com.demo.backgroundjobservice.service.JobServiceImpl - Job acquired: jobId=0d04937b-6c9b-4989-9c82-ec464edac38c, workerId=stress-w2, attempt=1
[pool-48-thread-1] DEBUG com.demo.backgroundjobservice.service.JobQueue - No eligible jobs for handledTypes=[email]
[pool-48-thread-4] DEBUG com.demo.backgroundjobservice.service.JobQueue - No eligible jobs for handledTypes=[email]
[pool-48-thread-2] DEBUG com.demo.backgroundjobservice.service.JobQueue - No eligible jobs for handledTypes=[email]
[pool-48-thread-3] DEBUG com.demo.backgroundjobservice.service.InMemoryJobStore - Job fetched: jobId=0d04937b-6c9b-4989-9c82-ec464edac38c, status=CLAIMED
[pool-48-thread-3] DEBUG com.demo.backgroundjobservice.service.LeaseManager - Lease cleared: jobId=0d04937b-6c9b-4989-9c82-ec464edac38c
[pool-48-thread-3] DEBUG com.demo.backgroundjobservice.service.ExclusivityManager - Exclusivity lock released: type=email
[pool-48-thread-3] DEBUG com.demo.backgroundjobservice.service.WorkerRegistry - Worker idle: workerId=stress-w2
[pool-48-thread-3] INFO com.demo.backgroundjobservice.service.JobServiceImpl - Job succeeded: jobId=0d04937b-6c9b-4989-9c82-ec464edac38c, workerId=stress-w2, attempts=1
[pool-48-thread-3] DEBUG com.demo.backgroundjobservice.service.JobQueue - Job dispatched: jobId=2e82cc0f-b70d-4f26-b321-8a438a477022, type=email, priority=5
[pool-48-thread-3] DEBUG com.demo.backgroundjobservice.service.ExclusivityManager - Exclusivity lock acquired: type=email
[pool-48-thread-3] DEBUG com.demo.backgroundjobservice.service.LeaseManager - Lease issued: jobId=2e82cc0f-b70d-4f26-b321-8a438a477022, token=719b3e99-b269-4c32-98c4-e3598bc69863, expiresAt=1779971677112
[pool-48-thread-3] DEBUG com.demo.backgroundjobservice.service.WorkerRegistry - Worker busy: workerId=stress-w2, jobId=2e82cc0f-b70d-4f26-b321-8a438a477022
[pool-48-thread-3] INFO com.demo.backgroundjobservice.service.JobServiceImpl - Job acquired: jobId=2e82cc0f-b70d-4f26-b321-8a438a477022, workerId=stress-w2, attempt=1
[pool-48-thread-5] DEBUG com.demo.backgroundjobservice.service.JobQueue - No eligible jobs for handledTypes=[email]
[pool-48-thread-3] DEBUG com.demo.backgroundjobservice.service.InMemoryJobStore - Job fetched: jobId=2e82cc0f-b70d-4f26-b321-8a438a477022, status=CLAIMED
[pool-48-thread-3] DEBUG com.demo.backgroundjobservice.service.LeaseManager - Lease cleared: jobId=2e82cc0f-b70d-4f26-b321-8a438a477022
[pool-48-thread-3] DEBUG com.demo.backgroundjobservice.service.ExclusivityManager - Exclusivity lock released: type=email
[pool-48-thread-3] DEBUG com.demo.backgroundjobservice.service.WorkerRegistry - Worker idle: workerId=stress-w2
[pool-48-thread-3] INFO com.demo.backgroundjobservice.service.JobServiceImpl - Job succeeded: jobId=2e82cc0f-b70d-4f26-b321-8a438a477022, workerId=stress-w2, attempts=1
[pool-48-thread-3] DEBUG com.demo.backgroundjobservice.service.JobQueue - Job dispatched: jobId=fbfe061b-4302-4e05-bbd6-e82e049c8aac, type=email, priority=5
[pool-48-thread-3] DEBUG com.demo.backgroundjobservice.service.ExclusivityManager - Exclusivity lock acquired: type=email
[pool-48-thread-3] DEBUG com.demo.backgroundjobservice.service.LeaseManager - Lease issued: jobId=fbfe061b-4302-4e05-bbd6-e82e049c8aac, token=1d71588c-ce32-4ff7-be41-38b11f1f15b8, expiresAt=1779971677119
[pool-48-thread-3] DEBUG com.demo.backgroundjobservice.service.WorkerRegistry - Worker busy: workerId=stress-w2, jobId=fbfe061b-4302-4e05-bbd6-e82e049c8aac
[pool-48-thread-3] INFO com.demo.backgroundjobservice.service.JobServiceImpl - Job acquired: jobId=fbfe061b-4302-4e05-bbd6-e82e049c8aac, workerId=stress-w2, attempt=1
[pool-48-thread-1] DEBUG com.demo.backgroundjobservice.service.JobQueue - No eligible jobs for handledTypes=[email]
[pool-48-thread-2] DEBUG com.demo.backgroundjobservice.service.JobQueue - No eligible jobs for handledTypes=[email]
[pool-48-thread-4] DEBUG com.demo.backgroundjobservice.service.JobQueue - No eligible jobs for handledTypes=[email]
[pool-48-thread-3] DEBUG com.demo.backgroundjobservice.service.InMemoryJobStore - Job fetched: jobId=fbfe061b-4302-4e05-bbd6-e82e049c8aac, status=CLAIMED
[pool-48-thread-3] DEBUG com.demo.backgroundjobservice.service.LeaseManager - Lease cleared: jobId=fbfe061b-4302-4e05-bbd6-e82e049c8aac
[pool-48-thread-3] DEBUG com.demo.backgroundjobservice.service.ExclusivityManager - Exclusivity lock released: type=email
[pool-48-thread-3] DEBUG com.demo.backgroundjobservice.service.WorkerRegistry - Worker idle: workerId=stress-w2
[pool-48-thread-3] INFO com.demo.backgroundjobservice.service.JobServiceImpl - Job succeeded: jobId=fbfe061b-4302-4e05-bbd6-e82e049c8aac, workerId=stress-w2, attempts=1
[pool-48-thread-3] DEBUG com.demo.backgroundjobservice.service.JobQueue - Job dispatched: jobId=6407375f-49cc-4d86-adc4-5fea8191ca48, type=email, priority=5
[pool-48-thread-3] DEBUG com.demo.backgroundjobservice.service.ExclusivityManager - Exclusivity lock acquired: type=email
[pool-48-thread-3] DEBUG com.demo.backgroundjobservice.service.LeaseManager - Lease issued: jobId=6407375f-49cc-4d86-adc4-5fea8191ca48, token=b30de0aa-38ae-453d-892f-eecb7e40bf3c, expiresAt=1779971677124
[pool-48-thread-3] DEBUG com.demo.backgroundjobservice.service.WorkerRegistry - Worker busy: workerId=stress-w2, jobId=6407375f-49cc-4d86-adc4-5fea8191ca48
[pool-48-thread-3] INFO com.demo.backgroundjobservice.service.JobServiceImpl - Job acquired: jobId=6407375f-49cc-4d86-adc4-5fea8191ca48, workerId=stress-w2, attempt=1
[pool-48-thread-5] DEBUG com.demo.backgroundjobservice.service.JobQueue - No eligible jobs for handledTypes=[email]
[pool-48-thread-3] DEBUG com.demo.backgroundjobservice.service.InMemoryJobStore - Job fetched: jobId=6407375f-49cc-4d86-adc4-5fea8191ca48, status=CLAIMED
[pool-48-thread-3] DEBUG com.demo.backgroundjobservice.service.LeaseManager - Lease cleared: jobId=6407375f-49cc-4d86-adc4-5fea8191ca48
[pool-48-thread-3] DEBUG com.demo.backgroundjobservice.service.ExclusivityManager - Exclusivity lock released: type=email
[pool-48-thread-3] DEBUG com.demo.backgroundjobservice.service.WorkerRegistry - Worker idle: workerId=stress-w2
[pool-48-thread-3] INFO com.demo.backgroundjobservice.service.JobServiceImpl - Job succeeded: jobId=6407375f-49cc-4d86-adc4-5fea8191ca48, workerId=stress-w2, attempts=1
[pool-48-thread-3] DEBUG com.demo.backgroundjobservice.service.JobQueue - Job dispatched: jobId=0141d749-314b-4b32-aee1-e83f9657bbda, type=email, priority=5
[pool-48-thread-3] DEBUG com.demo.backgroundjobservice.service.ExclusivityManager - Exclusivity lock acquired: type=email
[pool-48-thread-3] DEBUG com.demo.backgroundjobservice.service.LeaseManager - Lease issued: jobId=0141d749-314b-4b32-aee1-e83f9657bbda, token=a83da658-8132-48c2-a5d1-6ef6ffd3c2c2, expiresAt=1779971677131
[pool-48-thread-3] DEBUG com.demo.backgroundjobservice.service.WorkerRegistry - Worker busy: workerId=stress-w2, jobId=0141d749-314b-4b32-aee1-e83f9657bbda
[pool-48-thread-3] INFO com.demo.backgroundjobservice.service.JobServiceImpl - Job acquired: jobId=0141d749-314b-4b32-aee1-e83f9657bbda, workerId=stress-w2, attempt=1
[pool-48-thread-1] DEBUG com.demo.backgroundjobservice.service.JobQueue - No eligible jobs for handledTypes=[email]
[pool-48-thread-2] DEBUG com.demo.backgroundjobservice.service.JobQueue - No eligible jobs for handledTypes=[email]
[pool-48-thread-4] DEBUG com.demo.backgroundjobservice.service.JobQueue - No eligible jobs for handledTypes=[email]
[pool-48-thread-3] DEBUG com.demo.backgroundjobservice.service.InMemoryJobStore - Job fetched: jobId=0141d749-314b-4b32-aee1-e83f9657bbda, status=CLAIMED
[pool-48-thread-3] DEBUG com.demo.backgroundjobservice.service.LeaseManager - Lease cleared: jobId=0141d749-314b-4b32-aee1-e83f9657bbda
[pool-48-thread-3] DEBUG com.demo.backgroundjobservice.service.ExclusivityManager - Exclusivity lock released: type=email
[pool-48-thread-3] DEBUG com.demo.backgroundjobservice.service.WorkerRegistry - Worker idle: workerId=stress-w2
[pool-48-thread-3] INFO com.demo.backgroundjobservice.service.JobServiceImpl - Job succeeded: jobId=0141d749-314b-4b32-aee1-e83f9657bbda, workerId=stress-w2, attempts=1
]]></system-err>
  </testcase>
  <testcase name="renewLease_blankJobId_throws" classname="com.demo.backgroundjobservice.JobServiceImplTest" time="0.001">
    <system-err><![CDATA[[main] INFO com.demo.backgroundjobservice.service.JobServiceImpl - Reaper started with interval=2000ms
[main] INFO com.demo.backgroundjobservice.service.WorkerRegistry - Worker registered: workerId=w1, types=[resize, email, exclusive_type]
[main] INFO com.demo.backgroundjobservice.service.WorkerRegistry - Worker registered: workerId=w2, types=[resize, email, exclusive_type]
[main] INFO com.demo.backgroundjobservice.service.JobServiceImpl - Reaper started with interval=2000ms
[main] INFO com.demo.backgroundjobservice.service.WorkerRegistry - Worker registered: workerId=w1, types=[resize, email, exclusive_type]
[main] INFO com.demo.backgroundjobservice.service.WorkerRegistry - Worker registered: workerId=w2, types=[resize, email, exclusive_type]
]]></system-err>
  </testcase>
  <testcase name="workerStats_trackedCorrectly" classname="com.demo.backgroundjobservice.JobServiceImplTest" time="0.001">
    <system-err><![CDATA[[main] INFO com.demo.backgroundjobservice.service.JobServiceImpl - Reaper started with interval=2000ms
[main] INFO com.demo.backgroundjobservice.service.WorkerRegistry - Worker registered: workerId=w1, types=[resize, email, exclusive_type]
[main] INFO com.demo.backgroundjobservice.service.WorkerRegistry - Worker registered: workerId=w2, types=[resize, email, exclusive_type]
[main] INFO com.demo.backgroundjobservice.service.JobServiceImpl - Reaper started with interval=2000ms
[main] INFO com.demo.backgroundjobservice.service.WorkerRegistry - Worker registered: workerId=w1, types=[resize, email, exclusive_type]
[main] INFO com.demo.backgroundjobservice.service.WorkerRegistry - Worker registered: workerId=w2, types=[resize, email, exclusive_type]
[main] INFO com.demo.backgroundjobservice.service.InMemoryJobStore - Job saved: jobId=09ed6e39-8dd4-4db0-9735-f4063b297764, type=email, priority=5
[main] DEBUG com.demo.backgroundjobservice.service.JobQueue - Job enqueued: jobId=09ed6e39-8dd4-4db0-9735-f4063b297764, type=email, priority=5, queueSize=1
[main] INFO com.demo.backgroundjobservice.service.JobServiceImpl - Job submitted: jobId=09ed6e39-8dd4-4db0-9735-f4063b297764, type=email, priority=5
[main] INFO com.demo.backgroundjobservice.service.InMemoryJobStore - Job saved: jobId=3a88efb9-231e-46b8-a272-3d2ed1948b0b, type=email, priority=5
[main] DEBUG com.demo.backgroundjobservice.service.JobQueue - Job enqueued: jobId=3a88efb9-231e-46b8-a272-3d2ed1948b0b, type=email, priority=5, queueSize=2
[main] INFO com.demo.backgroundjobservice.service.JobServiceImpl - Job submitted: jobId=3a88efb9-231e-46b8-a272-3d2ed1948b0b, type=email, priority=5
[main] INFO com.demo.backgroundjobservice.service.InMemoryJobStore - Job saved: jobId=f6cc22cc-b155-43ab-9336-3d99446f2ffa, type=email, priority=5
[main] DEBUG com.demo.backgroundjobservice.service.JobQueue - Job enqueued: jobId=f6cc22cc-b155-43ab-9336-3d99446f2ffa, type=email, priority=5, queueSize=3
[main] INFO com.demo.backgroundjobservice.service.JobServiceImpl - Job submitted: jobId=f6cc22cc-b155-43ab-9336-3d99446f2ffa, type=email, priority=5
[main] DEBUG com.demo.backgroundjobservice.service.JobQueue - Job dispatched: jobId=09ed6e39-8dd4-4db0-9735-f4063b297764, type=email, priority=5
[main] DEBUG com.demo.backgroundjobservice.service.ExclusivityManager - Exclusivity lock acquired: type=email
[main] DEBUG com.demo.backgroundjobservice.service.LeaseManager - Lease issued: jobId=09ed6e39-8dd4-4db0-9735-f4063b297764, token=5589cd52-3b53-4442-b3c6-e80bbe3f3740, expiresAt=1779971677147
[main] DEBUG com.demo.backgroundjobservice.service.WorkerRegistry - Worker busy: workerId=w1, jobId=09ed6e39-8dd4-4db0-9735-f4063b297764
[main] INFO com.demo.backgroundjobservice.service.JobServiceImpl - Job acquired: jobId=09ed6e39-8dd4-4db0-9735-f4063b297764, workerId=w1, attempt=1
[main] DEBUG com.demo.backgroundjobservice.service.InMemoryJobStore - Job fetched: jobId=09ed6e39-8dd4-4db0-9735-f4063b297764, status=CLAIMED
[main] DEBUG com.demo.backgroundjobservice.service.LeaseManager - Lease cleared: jobId=09ed6e39-8dd4-4db0-9735-f4063b297764
[main] DEBUG com.demo.backgroundjobservice.service.ExclusivityManager - Exclusivity lock released: type=email
[main] DEBUG com.demo.backgroundjobservice.service.WorkerRegistry - Worker idle: workerId=w1
[main] INFO com.demo.backgroundjobservice.service.JobServiceImpl - Job succeeded: jobId=09ed6e39-8dd4-4db0-9735-f4063b297764, workerId=w1, attempts=1
[main] DEBUG com.demo.backgroundjobservice.service.JobQueue - Job dispatched: jobId=f6cc22cc-b155-43ab-9336-3d99446f2ffa, type=email, priority=5
[main] DEBUG com.demo.backgroundjobservice.service.ExclusivityManager - Exclusivity lock acquired: type=email
[main] DEBUG com.demo.backgroundjobservice.service.LeaseManager - Lease issued: jobId=f6cc22cc-b155-43ab-9336-3d99446f2ffa, token=609e8d85-eed1-48a9-bde2-743f01accbd7, expiresAt=1779971677148
[main] DEBUG com.demo.backgroundjobservice.service.WorkerRegistry - Worker busy: workerId=w1, jobId=f6cc22cc-b155-43ab-9336-3d99446f2ffa
[main] INFO com.demo.backgroundjobservice.service.JobServiceImpl - Job acquired: jobId=f6cc22cc-b155-43ab-9336-3d99446f2ffa, workerId=w1, attempt=1
[main] DEBUG com.demo.backgroundjobservice.service.InMemoryJobStore - Job fetched: jobId=f6cc22cc-b155-43ab-9336-3d99446f2ffa, status=CLAIMED
[main] DEBUG com.demo.backgroundjobservice.service.LeaseManager - Lease cleared: jobId=f6cc22cc-b155-43ab-9336-3d99446f2ffa
[main] DEBUG com.demo.backgroundjobservice.service.ExclusivityManager - Exclusivity lock released: type=email
[main] DEBUG com.demo.backgroundjobservice.service.WorkerRegistry - Worker idle: workerId=w1
[main] INFO com.demo.backgroundjobservice.service.JobServiceImpl - Job succeeded: jobId=f6cc22cc-b155-43ab-9336-3d99446f2ffa, workerId=w1, attempts=1
[main] DEBUG com.demo.backgroundjobservice.service.JobQueue - Job dispatched: jobId=3a88efb9-231e-46b8-a272-3d2ed1948b0b, type=email, priority=5
[main] DEBUG com.demo.backgroundjobservice.service.ExclusivityManager - Exclusivity lock acquired: type=email
[main] DEBUG com.demo.backgroundjobservice.service.LeaseManager - Lease issued: jobId=3a88efb9-231e-46b8-a272-3d2ed1948b0b, token=b2738d51-c0f7-44f9-b5f6-74d0ba991fb3, expiresAt=1779971677148
[main] DEBUG com.demo.backgroundjobservice.service.WorkerRegistry - Worker busy: workerId=w1, jobId=3a88efb9-231e-46b8-a272-3d2ed1948b0b
[main] INFO com.demo.backgroundjobservice.service.JobServiceImpl - Job acquired: jobId=3a88efb9-231e-46b8-a272-3d2ed1948b0b, workerId=w1, attempt=1
[main] DEBUG com.demo.backgroundjobservice.service.InMemoryJobStore - Job fetched: jobId=3a88efb9-231e-46b8-a272-3d2ed1948b0b, status=CLAIMED
[main] DEBUG com.demo.backgroundjobservice.service.LeaseManager - Lease cleared: jobId=3a88efb9-231e-46b8-a272-3d2ed1948b0b
[main] DEBUG com.demo.backgroundjobservice.service.ExclusivityManager - Exclusivity lock released: type=email
[main] DEBUG com.demo.backgroundjobservice.service.WorkerRegistry - Worker idle: workerId=w1
[main] WARN com.demo.backgroundjobservice.service.InMemoryJobStore - Job moved to DLQ: jobId=3a88efb9-231e-46b8-a272-3d2ed1948b0b, type=email, reason=PERMANENT_FAILURE, attempts=1
[main] WARN com.demo.backgroundjobservice.service.JobServiceImpl - Job permanently failed: jobId=3a88efb9-231e-46b8-a272-3d2ed1948b0b, workerId=w1
]]></system-err>
  </testcase>
</testsuite>