<?xml version="1.0" encoding="UTF-8"?>
<testsuite xmlns:xsi="http://www.w3.org/2001/XMLSchema-instance" xsi:noNamespaceSchemaLocation="https://maven.apache.org/surefire/maven-surefire-plugin/xsd/surefire-test-report-3.0.xsd" version="3.0" name="com.demo.backgroundjobservice.LeaseExclusivityRegistryTest" time="0.018" tests="19" errors="0" skipped="0" failures="0">
  <properties>
[...]
</properties>
  <testcase name="tryAcquire_firstCall_succeeds" classname="com.demo.backgroundjobservice.LeaseExclusivityRegistryTest" time="0.0">
    <system-err><![CDATA[[main] DEBUG com.demo.backgroundjobservice.service.ExclusivityManager - Exclusivity lock acquired: type=resize_image
]]></system-err>
  </testcase>
  <testcase name="register_and_getStats_roundtrip" classname="com.demo.backgroundjobservice.LeaseExclusivityRegistryTest" time="0.001">
    <system-err><![CDATA[[main] INFO com.demo.backgroundjobservice.service.WorkerRegistry - Worker registered: workerId=w1, types=[send_email]
]]></system-err>
  </testcase>
  <testcase name="recordSuccess_and_recordFailure_incrementCounters" classname="com.demo.backgroundjobservice.LeaseExclusivityRegistryTest" time="0.0">
    <system-err><![CDATA[[main] INFO com.demo.backgroundjobservice.service.WorkerRegistry - Worker registered: workerId=w1, types=[t]
]]></system-err>
  </testcase>
  <testcase name="exclusivity_differentTypes_independent" classname="com.demo.backgroundjobservice.LeaseExclusivityRegistryTest" time="0.0">
    <system-err><![CDATA[[main] DEBUG com.demo.backgroundjobservice.service.ExclusivityManager - Exclusivity lock acquired: type=type_a
[main] DEBUG com.demo.backgroundjobservice.service.ExclusivityManager - Exclusivity lock acquired: type=type_b
]]></system-err>
  </testcase>
  <testcase name="validate_afterClear_throwsStaleLeaseException" classname="com.demo.backgroundjobservice.LeaseExclusivityRegistryTest" time="0.0">
    <system-err><![CDATA[[main] DEBUG com.demo.backgroundjobservice.service.LeaseManager - Lease issued: jobId=08beb2cc-3e3c-42c0-8c4a-9ca8283a4039, token=fe9a0720-0fa9-4d46-86d2-0d47491ec2cb, expiresAt=1779971677152
[main] DEBUG com.demo.backgroundjobservice.service.LeaseManager - Lease cleared: jobId=08beb2cc-3e3c-42c0-8c4a-9ca8283a4039
[main] WARN com.demo.backgroundjobservice.service.LeaseManager - Stale lease rejected: jobId=08beb2cc-3e3c-42c0-8c4a-9ca8283a4039, presented=fe9a0720-0fa9-4d46-86d2-0d47491ec2cb, current=null
]]></system-err>
  </testcase>
  <testcase name="validate_correctToken_passes" classname="com.demo.backgroundjobservice.LeaseExclusivityRegistryTest" time="0.001">
    <system-err><![CDATA[[main] DEBUG com.demo.backgroundjobservice.service.LeaseManager - Lease issued: jobId=c7e7d8dd-109c-4f1a-bfe9-b3bec6dc8681, token=bdcd792b-505b-434f-aa8a-d123a2e25be3, expiresAt=1779971677153
]]></system-err>
  </testcase>
  <testcase name="issueLease_setsTokenAndExpiry" classname="com.demo.backgroundjobservice.LeaseExclusivityRegistryTest" time="0.001">
    <system-err><![CDATA[[main] DEBUG com.demo.backgroundjobservice.service.LeaseManager - Lease issued: jobId=4b909b48-2b00-425a-8a9a-54977005bd18, token=ffd53a8b-4986-48c1-b1e7-bbe79d4f9ece, expiresAt=1779971677154
]]></system-err>
  </testcase>
  <testcase name="markBusy_and_markIdle_updatesStats" classname="com.demo.backgroundjobservice.LeaseExclusivityRegistryTest" time="0.0">
    <system-err><![CDATA[[main] INFO com.demo.backgroundjobservice.service.WorkerRegistry - Worker registered: workerId=w1, types=[t]
[main] DEBUG com.demo.backgroundjobservice.service.WorkerRegistry - Worker busy: workerId=w1, jobId=job-1
[main] DEBUG com.demo.backgroundjobservice.service.WorkerRegistry - Worker idle: workerId=w1
]]></system-err>
  </testcase>
  <testcase name="getStats_unknownWorker_throws" classname="com.demo.backgroundjobservice.LeaseExclusivityRegistryTest" time="0.001"/>
  <testcase name="release_allowsReacquire" classname="com.demo.backgroundjobservice.LeaseExclusivityRegistryTest" time="0.0">
    <system-err><![CDATA[[main] DEBUG com.demo.backgroundjobservice.service.ExclusivityManager - Exclusivity lock acquired: type=resize_image
[main] DEBUG com.demo.backgroundjobservice.service.ExclusivityManager - Exclusivity lock released: type=resize_image
[main] DEBUG com.demo.backgroundjobservice.service.ExclusivityManager - Exclusivity lock acquired: type=resize_image
]]></system-err>
  </testcase>
  <testcase name="clearLease_nullsTokenAndExpiry" classname="com.demo.backgroundjobservice.LeaseExclusivityRegistryTest" time="0.001">
    <system-err><![CDATA[[main] DEBUG com.demo.backgroundjobservice.service.LeaseManager - Lease issued: jobId=76a470d9-62c4-499d-b5c8-c82f2098ef15, token=0da7f971-2331-417e-a696-8714e202c3cf, expiresAt=1779971677156
[main] DEBUG com.demo.backgroundjobservice.service.LeaseManager - Lease cleared: jobId=76a470d9-62c4-499d-b5c8-c82f2098ef15
]]></system-err>
  </testcase>
  <testcase name="findWorkerByLeaseToken_returnsCorrectWorker" classname="com.demo.backgroundjobservice.LeaseExclusivityRegistryTest" time="0.0">
    <system-err><![CDATA[[main] INFO com.demo.backgroundjobservice.service.WorkerRegistry - Worker registered: workerId=w1, types=[t]
[main] INFO com.demo.backgroundjobservice.service.WorkerRegistry - Worker registered: workerId=w2, types=[t]
[main] DEBUG com.demo.backgroundjobservice.service.WorkerRegistry - Worker busy: workerId=w1, jobId=job-1
]]></system-err>
  </testcase>
  <testcase name="register_duplicate_throws" classname="com.demo.backgroundjobservice.LeaseExclusivityRegistryTest" time="0.0">
    <system-err><![CDATA[[main] INFO com.demo.backgroundjobservice.service.WorkerRegistry - Worker registered: workerId=w1, types=[t]
]]></system-err>
  </testcase>
  <testcase name="tryAcquire_whileLocked_fails" classname="com.demo.backgroundjobservice.LeaseExclusivityRegistryTest" time="0.0">
    <system-err><![CDATA[[main] DEBUG com.demo.backgroundjobservice.service.ExclusivityManager - Exclusivity lock acquired: type=resize_image
[main] DEBUG com.demo.backgroundjobservice.service.ExclusivityManager - Exclusivity lock busy — skipping dispatch: type=resize_image
]]></system-err>
  </testcase>
  <testcase name="exclusivity_concurrentAcquire_onlyOneSucceeds" classname="com.demo.backgroundjobservice.LeaseExclusivityRegistryTest" time="0.002">
    <system-err><![CDATA[[Thread-1] DEBUG com.demo.backgroundjobservice.service.ExclusivityManager - Exclusivity lock acquired: type=shared_type
[Thread-2] DEBUG com.demo.backgroundjobservice.service.ExclusivityManager - Exclusivity lock busy — skipping dispatch: type=shared_type
[Thread-3] DEBUG com.demo.backgroundjobservice.service.ExclusivityManager - Exclusivity lock busy — skipping dispatch: type=shared_type
[Thread-4] DEBUG com.demo.backgroundjobservice.service.ExclusivityManager - Exclusivity lock busy — skipping dispatch: type=shared_type
[Thread-5] DEBUG com.demo.backgroundjobservice.service.ExclusivityManager - Exclusivity lock busy — skipping dispatch: type=shared_type
[Thread-6] DEBUG com.demo.backgroundjobservice.service.ExclusivityManager - Exclusivity lock busy — skipping dispatch: type=shared_type
[Thread-7] DEBUG com.demo.backgroundjobservice.service.ExclusivityManager - Exclusivity lock busy — skipping dispatch: type=shared_type
[Thread-8] DEBUG com.demo.backgroundjobservice.service.ExclusivityManager - Exclusivity lock busy — skipping dispatch: type=shared_type
[Thread-9] DEBUG com.demo.backgroundjobservice.service.ExclusivityManager - Exclusivity lock busy — skipping dispatch: type=shared_type
[Thread-10] DEBUG com.demo.backgroundjobservice.service.ExclusivityManager - Exclusivity lock busy — skipping dispatch: type=shared_type
[Thread-11] DEBUG com.demo.backgroundjobservice.service.ExclusivityManager - Exclusivity lock busy — skipping dispatch: type=shared_type
[Thread-12] DEBUG com.demo.backgroundjobservice.service.ExclusivityManager - Exclusivity lock busy — skipping dispatch: type=shared_type
[Thread-13] DEBUG com.demo.backgroundjobservice.service.ExclusivityManager - Exclusivity lock busy — skipping dispatch: type=shared_type
[Thread-14] DEBUG com.demo.backgroundjobservice.service.ExclusivityManager - Exclusivity lock busy — skipping dispatch: type=shared_type
[Thread-15] DEBUG com.demo.backgroundjobservice.service.ExclusivityManager - Exclusivity lock busy — skipping dispatch: type=shared_type
[Thread-16] DEBUG com.demo.backgroundjobservice.service.ExclusivityManager - Exclusivity lock busy — skipping dispatch: type=shared_type
[Thread-17] DEBUG com.demo.backgroundjobservice.service.ExclusivityManager - Exclusivity lock busy — skipping dispatch: type=shared_type
[Thread-18] DEBUG com.demo.backgroundjobservice.service.ExclusivityManager - Exclusivity lock busy — skipping dispatch: type=shared_type
[Thread-19] DEBUG com.demo.backgroundjobservice.service.ExclusivityManager - Exclusivity lock busy — skipping dispatch: type=shared_type
[Thread-20] DEBUG com.demo.backgroundjobservice.service.ExclusivityManager - Exclusivity lock busy — skipping dispatch: type=shared_type
]]></system-err>
  </testcase>
  <testcase name="validate_wrongToken_throwsStaleLeaseException" classname="com.demo.backgroundjobservice.LeaseExclusivityRegistryTest" time="0.001">
    <system-err><![CDATA[[main] DEBUG com.demo.backgroundjobservice.service.LeaseManager - Lease issued: jobId=219ff376-52ff-45b2-9552-a2a60ef94147, token=7ce98401-174a-4263-b51b-441cd7fb0983, expiresAt=1779971677159
[main] WARN com.demo.backgroundjobservice.service.LeaseManager - Stale lease rejected: jobId=219ff376-52ff-45b2-9552-a2a60ef94147, presented=wrong-token, current=7ce98401-174a-4263-b51b-441cd7fb0983
]]></system-err>
  </testcase>
  <testcase name="allStats_returnsAllWorkers" classname="com.demo.backgroundjobservice.LeaseExclusivityRegistryTest" time="0.0">
    <system-err><![CDATA[[main] INFO com.demo.backgroundjobservice.service.WorkerRegistry - Worker registered: workerId=w1, types=[t]
[main] INFO com.demo.backgroundjobservice.service.WorkerRegistry - Worker registered: workerId=w2, types=[t]
]]></system-err>
  </testcase>
  <testcase name="extend_increasesExpiry" classname="com.demo.backgroundjobservice.LeaseExclusivityRegistryTest" time="0.006">
    <system-err><![CDATA[[main] DEBUG com.demo.backgroundjobservice.service.LeaseManager - Lease issued: jobId=572839ca-e2ab-400d-8814-9a526b78029a, token=c672010c-a587-4258-a2c2-7e8b880d1bb8, expiresAt=1779971677161
[main] DEBUG com.demo.backgroundjobservice.service.LeaseManager - Lease extended: jobId=572839ca-e2ab-400d-8814-9a526b78029a, newExpiresAt=1779971677166
]]></system-err>
  </testcase>
  <testcase name="isLocked_reflectsState" classname="com.demo.backgroundjobservice.LeaseExclusivityRegistryTest" time="0.0">
    <system-err><![CDATA[[main] DEBUG com.demo.backgroundjobservice.service.ExclusivityManager - Exclusivity lock acquired: type=t
[main] DEBUG com.demo.backgroundjobservice.service.ExclusivityManager - Exclusivity lock released: type=t
]]></system-err>
  </testcase>
</testsuite>